2023-08-14 17:02:24 error: uncaughtException: res is not defined
ReferenceError: res is not defined
    at Object.<anonymous> (C:\Users\echk1\OneDrive\바탕 화면\team\back\src\services\/reviewService.js:28:40)
    at Module._compile (node:internal/modules/cjs/loader:1256:14)
    at Module._compile (C:\Users\echk1\OneDrive\바탕 화면\team\back\node_modules\pirates\lib\index.js:117:24)
    at Module._extensions..js (node:internal/modules/cjs/loader:1310:10)
    at Object.newLoader [as .js] (C:\Users\echk1\OneDrive\바탕 화면\team\back\node_modules\pirates\lib\index.js:121:7)
    at Module.load (node:internal/modules/cjs/loader:1119:32)
    at Function.Module._load (node:internal/modules/cjs/loader:960:12)
    at Module.require (node:internal/modules/cjs/loader:1143:19)
    at require (node:internal/modules/cjs/helpers:110:18)
    at Object.<anonymous> (C:\Users\echk1\OneDrive\바탕 화면\team\back\src\controllers\/reviewController.js:1:31)
    at Module._compile (node:internal/modules/cjs/loader:1256:14)
    at Module._compile (C:\Users\echk1\OneDrive\바탕 화면\team\back\node_modules\pirates\lib\index.js:117:24)
    at Module._extensions..js (node:internal/modules/cjs/loader:1310:10)
    at Object.newLoader [as .js] (C:\Users\echk1\OneDrive\바탕 화면\team\back\node_modules\pirates\lib\index.js:121:7)
    at Module.load (node:internal/modules/cjs/loader:1119:32)
    at Function.Module._load (node:internal/modules/cjs/loader:960:12)
    at Module.require (node:internal/modules/cjs/loader:1143:19)
    at require (node:internal/modules/cjs/helpers:110:18)
    at Object.<anonymous> (C:\Users\echk1\OneDrive\바탕 화면\team\back\src\routes\/review.routes.js:7:5)
    at Module._compile (node:internal/modules/cjs/loader:1256:14)
    at Module._compile (C:\Users\echk1\OneDrive\바탕 화면\team\back\node_modules\pirates\lib\index.js:117:24)
    at Module._extensions..js (node:internal/modules/cjs/loader:1310:10)
    at Object.newLoader [as .js] (C:\Users\echk1\OneDrive\바탕 화면\team\back\node_modules\pirates\lib\index.js:121:7)
    at Module.load (node:internal/modules/cjs/loader:1119:32)
    at Function.Module._load (node:internal/modules/cjs/loader:960:12)
    at Module.require (node:internal/modules/cjs/loader:1143:19)
    at require (node:internal/modules/cjs/helpers:110:18)
    at Object.<anonymous> (C:\Users\echk1\OneDrive\바탕 화면\team\back\src\/app.js:3:1)
    at Module._compile (node:internal/modules/cjs/loader:1256:14)
    at Module._compile (C:\Users\echk1\OneDrive\바탕 화면\team\back\node_modules\pirates\lib\index.js:117:24)
    at Module._extensions..js (node:internal/modules/cjs/loader:1310:10)
    at Object.newLoader [as .js] (C:\Users\echk1\OneDrive\바탕 화면\team\back\node_modules\pirates\lib\index.js:121:7)
    at Module.load (node:internal/modules/cjs/loader:1119:32)
    at Function.Module._load (node:internal/modules/cjs/loader:960:12)
    at Module.require (node:internal/modules/cjs/loader:1143:19)
    at require (node:internal/modules/cjs/helpers:110:18)
    at Object.<anonymous> (C:\Users\echk1\OneDrive\바탕 화면\team\back\/index.js:2:1)
    at Module._compile (node:internal/modules/cjs/loader:1256:14)
    at Module._compile (C:\Users\echk1\OneDrive\바탕 화면\team\back\node_modules\pirates\lib\index.js:117:24)
    at Module._extensions..js (node:internal/modules/cjs/loader:1310:10)
    at Object.newLoader [as .js] (C:\Users\echk1\OneDrive\바탕 화면\team\back\node_modules\pirates\lib\index.js:121:7)
    at Module.load (node:internal/modules/cjs/loader:1119:32)
    at Function.Module._load (node:internal/modules/cjs/loader:960:12)
    at Function.runMain (node:internal/modules/run_main:81:12)
    at Object.<anonymous> (C:\Users\echk1\OneDrive\바탕 화면\team\back\node_modules\@babel\node\src\_babel-node.ts:222:12)
    at Module._compile (node:internal/modules/cjs/loader:1256:14)
    at Object.Module._extensions..js (node:internal/modules/cjs/loader:1310:10)
    at Module.load (node:internal/modules/cjs/loader:1119:32)
    at Function.Module._load (node:internal/modules/cjs/loader:960:12)
    at Function.executeUserEntryPoint [as runMain] (node:internal/modules/run_main:81:12)
2023-08-14 17:02:44 error: uncaughtException: res is not defined
ReferenceError: res is not defined
    at Object.<anonymous> (C:\Users\echk1\OneDrive\바탕 화면\team\back\src\services\/reviewService.js:28:40)
    at Module._compile (node:internal/modules/cjs/loader:1256:14)
    at Module._compile (C:\Users\echk1\OneDrive\바탕 화면\team\back\node_modules\pirates\lib\index.js:117:24)
    at Module._extensions..js (node:internal/modules/cjs/loader:1310:10)
    at Object.newLoader [as .js] (C:\Users\echk1\OneDrive\바탕 화면\team\back\node_modules\pirates\lib\index.js:121:7)
    at Module.load (node:internal/modules/cjs/loader:1119:32)
    at Function.Module._load (node:internal/modules/cjs/loader:960:12)
    at Module.require (node:internal/modules/cjs/loader:1143:19)
    at require (node:internal/modules/cjs/helpers:110:18)
    at Object.<anonymous> (C:\Users\echk1\OneDrive\바탕 화면\team\back\src\controllers\/reviewController.js:1:31)
    at Module._compile (node:internal/modules/cjs/loader:1256:14)
    at Module._compile (C:\Users\echk1\OneDrive\바탕 화면\team\back\node_modules\pirates\lib\index.js:117:24)
    at Module._extensions..js (node:internal/modules/cjs/loader:1310:10)
    at Object.newLoader [as .js] (C:\Users\echk1\OneDrive\바탕 화면\team\back\node_modules\pirates\lib\index.js:121:7)
    at Module.load (node:internal/modules/cjs/loader:1119:32)
    at Function.Module._load (node:internal/modules/cjs/loader:960:12)
    at Module.require (node:internal/modules/cjs/loader:1143:19)
    at require (node:internal/modules/cjs/helpers:110:18)
    at Object.<anonymous> (C:\Users\echk1\OneDrive\바탕 화면\team\back\src\routes\/review.routes.js:7:5)
    at Module._compile (node:internal/modules/cjs/loader:1256:14)
    at Module._compile (C:\Users\echk1\OneDrive\바탕 화면\team\back\node_modules\pirates\lib\index.js:117:24)
    at Module._extensions..js (node:internal/modules/cjs/loader:1310:10)
    at Object.newLoader [as .js] (C:\Users\echk1\OneDrive\바탕 화면\team\back\node_modules\pirates\lib\index.js:121:7)
    at Module.load (node:internal/modules/cjs/loader:1119:32)
    at Function.Module._load (node:internal/modules/cjs/loader:960:12)
    at Module.require (node:internal/modules/cjs/loader:1143:19)
    at require (node:internal/modules/cjs/helpers:110:18)
    at Object.<anonymous> (C:\Users\echk1\OneDrive\바탕 화면\team\back\src\/app.js:3:1)
    at Module._compile (node:internal/modules/cjs/loader:1256:14)
    at Module._compile (C:\Users\echk1\OneDrive\바탕 화면\team\back\node_modules\pirates\lib\index.js:117:24)
    at Module._extensions..js (node:internal/modules/cjs/loader:1310:10)
    at Object.newLoader [as .js] (C:\Users\echk1\OneDrive\바탕 화면\team\back\node_modules\pirates\lib\index.js:121:7)
    at Module.load (node:internal/modules/cjs/loader:1119:32)
    at Function.Module._load (node:internal/modules/cjs/loader:960:12)
    at Module.require (node:internal/modules/cjs/loader:1143:19)
    at require (node:internal/modules/cjs/helpers:110:18)
    at Object.<anonymous> (C:\Users\echk1\OneDrive\바탕 화면\team\back\/index.js:2:1)
    at Module._compile (node:internal/modules/cjs/loader:1256:14)
    at Module._compile (C:\Users\echk1\OneDrive\바탕 화면\team\back\node_modules\pirates\lib\index.js:117:24)
    at Module._extensions..js (node:internal/modules/cjs/loader:1310:10)
    at Object.newLoader [as .js] (C:\Users\echk1\OneDrive\바탕 화면\team\back\node_modules\pirates\lib\index.js:121:7)
    at Module.load (node:internal/modules/cjs/loader:1119:32)
    at Function.Module._load (node:internal/modules/cjs/loader:960:12)
    at Function.runMain (node:internal/modules/run_main:81:12)
    at Object.<anonymous> (C:\Users\echk1\OneDrive\바탕 화면\team\back\node_modules\@babel\node\src\_babel-node.ts:222:12)
    at Module._compile (node:internal/modules/cjs/loader:1256:14)
    at Object.Module._extensions..js (node:internal/modules/cjs/loader:1310:10)
    at Module.load (node:internal/modules/cjs/loader:1119:32)
    at Function.Module._load (node:internal/modules/cjs/loader:960:12)
    at Function.executeUserEntryPoint [as runMain] (node:internal/modules/run_main:81:12)
2023-08-14 17:04:31 error: uncaughtException: res is not defined
ReferenceError: res is not defined
    at Object.<anonymous> (C:\Users\echk1\OneDrive\바탕 화면\team\back\src\services\/reviewService.js:28:40)
    at Module._compile (node:internal/modules/cjs/loader:1256:14)
    at Module._compile (C:\Users\echk1\OneDrive\바탕 화면\team\back\node_modules\pirates\lib\index.js:117:24)
    at Module._extensions..js (node:internal/modules/cjs/loader:1310:10)
    at Object.newLoader [as .js] (C:\Users\echk1\OneDrive\바탕 화면\team\back\node_modules\pirates\lib\index.js:121:7)
    at Module.load (node:internal/modules/cjs/loader:1119:32)
    at Function.Module._load (node:internal/modules/cjs/loader:960:12)
    at Module.require (node:internal/modules/cjs/loader:1143:19)
    at require (node:internal/modules/cjs/helpers:110:18)
    at Object.<anonymous> (C:\Users\echk1\OneDrive\바탕 화면\team\back\src\controllers\/reviewController.js:1:31)
    at Module._compile (node:internal/modules/cjs/loader:1256:14)
    at Module._compile (C:\Users\echk1\OneDrive\바탕 화면\team\back\node_modules\pirates\lib\index.js:117:24)
    at Module._extensions..js (node:internal/modules/cjs/loader:1310:10)
    at Object.newLoader [as .js] (C:\Users\echk1\OneDrive\바탕 화면\team\back\node_modules\pirates\lib\index.js:121:7)
    at Module.load (node:internal/modules/cjs/loader:1119:32)
    at Function.Module._load (node:internal/modules/cjs/loader:960:12)
    at Module.require (node:internal/modules/cjs/loader:1143:19)
    at require (node:internal/modules/cjs/helpers:110:18)
    at Object.<anonymous> (C:\Users\echk1\OneDrive\바탕 화면\team\back\src\routes\/review.routes.js:7:5)
    at Module._compile (node:internal/modules/cjs/loader:1256:14)
    at Module._compile (C:\Users\echk1\OneDrive\바탕 화면\team\back\node_modules\pirates\lib\index.js:117:24)
    at Module._extensions..js (node:internal/modules/cjs/loader:1310:10)
    at Object.newLoader [as .js] (C:\Users\echk1\OneDrive\바탕 화면\team\back\node_modules\pirates\lib\index.js:121:7)
    at Module.load (node:internal/modules/cjs/loader:1119:32)
    at Function.Module._load (node:internal/modules/cjs/loader:960:12)
    at Module.require (node:internal/modules/cjs/loader:1143:19)
    at require (node:internal/modules/cjs/helpers:110:18)
    at Object.<anonymous> (C:\Users\echk1\OneDrive\바탕 화면\team\back\src\/app.js:3:1)
    at Module._compile (node:internal/modules/cjs/loader:1256:14)
    at Module._compile (C:\Users\echk1\OneDrive\바탕 화면\team\back\node_modules\pirates\lib\index.js:117:24)
    at Module._extensions..js (node:internal/modules/cjs/loader:1310:10)
    at Object.newLoader [as .js] (C:\Users\echk1\OneDrive\바탕 화면\team\back\node_modules\pirates\lib\index.js:121:7)
    at Module.load (node:internal/modules/cjs/loader:1119:32)
    at Function.Module._load (node:internal/modules/cjs/loader:960:12)
    at Module.require (node:internal/modules/cjs/loader:1143:19)
    at require (node:internal/modules/cjs/helpers:110:18)
    at Object.<anonymous> (C:\Users\echk1\OneDrive\바탕 화면\team\back\/index.js:2:1)
    at Module._compile (node:internal/modules/cjs/loader:1256:14)
    at Module._compile (C:\Users\echk1\OneDrive\바탕 화면\team\back\node_modules\pirates\lib\index.js:117:24)
    at Module._extensions..js (node:internal/modules/cjs/loader:1310:10)
    at Object.newLoader [as .js] (C:\Users\echk1\OneDrive\바탕 화면\team\back\node_modules\pirates\lib\index.js:121:7)
    at Module.load (node:internal/modules/cjs/loader:1119:32)
    at Function.Module._load (node:internal/modules/cjs/loader:960:12)
    at Function.runMain (node:internal/modules/run_main:81:12)
    at Object.<anonymous> (C:\Users\echk1\OneDrive\바탕 화면\team\back\node_modules\@babel\node\src\_babel-node.ts:222:12)
    at Module._compile (node:internal/modules/cjs/loader:1256:14)
    at Object.Module._extensions..js (node:internal/modules/cjs/loader:1310:10)
    at Module.load (node:internal/modules/cjs/loader:1119:32)
    at Function.Module._load (node:internal/modules/cjs/loader:960:12)
    at Function.executeUserEntryPoint [as runMain] (node:internal/modules/run_main:81:12)
2023-08-14 17:05:25 error: uncaughtException: res is not defined
ReferenceError: res is not defined
    at Object.<anonymous> (C:\Users\echk1\OneDrive\바탕 화면\team\back\src\services\/reviewService.js:28:40)
    at Module._compile (node:internal/modules/cjs/loader:1256:14)
    at Module._compile (C:\Users\echk1\OneDrive\바탕 화면\team\back\node_modules\pirates\lib\index.js:117:24)
    at Module._extensions..js (node:internal/modules/cjs/loader:1310:10)
    at Object.newLoader [as .js] (C:\Users\echk1\OneDrive\바탕 화면\team\back\node_modules\pirates\lib\index.js:121:7)
    at Module.load (node:internal/modules/cjs/loader:1119:32)
    at Function.Module._load (node:internal/modules/cjs/loader:960:12)
    at Module.require (node:internal/modules/cjs/loader:1143:19)
    at require (node:internal/modules/cjs/helpers:110:18)
    at Object.<anonymous> (C:\Users\echk1\OneDrive\바탕 화면\team\back\src\controllers\/reviewController.js:1:31)
    at Module._compile (node:internal/modules/cjs/loader:1256:14)
    at Module._compile (C:\Users\echk1\OneDrive\바탕 화면\team\back\node_modules\pirates\lib\index.js:117:24)
    at Module._extensions..js (node:internal/modules/cjs/loader:1310:10)
    at Object.newLoader [as .js] (C:\Users\echk1\OneDrive\바탕 화면\team\back\node_modules\pirates\lib\index.js:121:7)
    at Module.load (node:internal/modules/cjs/loader:1119:32)
    at Function.Module._load (node:internal/modules/cjs/loader:960:12)
    at Module.require (node:internal/modules/cjs/loader:1143:19)
    at require (node:internal/modules/cjs/helpers:110:18)
    at Object.<anonymous> (C:\Users\echk1\OneDrive\바탕 화면\team\back\src\routes\/review.routes.js:7:5)
    at Module._compile (node:internal/modules/cjs/loader:1256:14)
    at Module._compile (C:\Users\echk1\OneDrive\바탕 화면\team\back\node_modules\pirates\lib\index.js:117:24)
    at Module._extensions..js (node:internal/modules/cjs/loader:1310:10)
    at Object.newLoader [as .js] (C:\Users\echk1\OneDrive\바탕 화면\team\back\node_modules\pirates\lib\index.js:121:7)
    at Module.load (node:internal/modules/cjs/loader:1119:32)
    at Function.Module._load (node:internal/modules/cjs/loader:960:12)
    at Module.require (node:internal/modules/cjs/loader:1143:19)
    at require (node:internal/modules/cjs/helpers:110:18)
    at Object.<anonymous> (C:\Users\echk1\OneDrive\바탕 화면\team\back\src\/app.js:3:1)
    at Module._compile (node:internal/modules/cjs/loader:1256:14)
    at Module._compile (C:\Users\echk1\OneDrive\바탕 화면\team\back\node_modules\pirates\lib\index.js:117:24)
    at Module._extensions..js (node:internal/modules/cjs/loader:1310:10)
    at Object.newLoader [as .js] (C:\Users\echk1\OneDrive\바탕 화면\team\back\node_modules\pirates\lib\index.js:121:7)
    at Module.load (node:internal/modules/cjs/loader:1119:32)
    at Function.Module._load (node:internal/modules/cjs/loader:960:12)
    at Module.require (node:internal/modules/cjs/loader:1143:19)
    at require (node:internal/modules/cjs/helpers:110:18)
    at Object.<anonymous> (C:\Users\echk1\OneDrive\바탕 화면\team\back\/index.js:2:1)
    at Module._compile (node:internal/modules/cjs/loader:1256:14)
    at Module._compile (C:\Users\echk1\OneDrive\바탕 화면\team\back\node_modules\pirates\lib\index.js:117:24)
    at Module._extensions..js (node:internal/modules/cjs/loader:1310:10)
    at Object.newLoader [as .js] (C:\Users\echk1\OneDrive\바탕 화면\team\back\node_modules\pirates\lib\index.js:121:7)
    at Module.load (node:internal/modules/cjs/loader:1119:32)
    at Function.Module._load (node:internal/modules/cjs/loader:960:12)
    at Function.runMain (node:internal/modules/run_main:81:12)
    at Object.<anonymous> (C:\Users\echk1\OneDrive\바탕 화면\team\back\node_modules\@babel\node\src\_babel-node.ts:222:12)
    at Module._compile (node:internal/modules/cjs/loader:1256:14)
    at Object.Module._extensions..js (node:internal/modules/cjs/loader:1310:10)
    at Module.load (node:internal/modules/cjs/loader:1119:32)
    at Function.Module._load (node:internal/modules/cjs/loader:960:12)
    at Function.executeUserEntryPoint [as runMain] (node:internal/modules/run_main:81:12)
2023-08-14 17:06:01 error: uncaughtException: res is not defined
ReferenceError: res is not defined
    at Object.<anonymous> (C:\Users\echk1\OneDrive\바탕 화면\team\back\src\services\/reviewService.js:28:40)
    at Module._compile (node:internal/modules/cjs/loader:1256:14)
    at Module._compile (C:\Users\echk1\OneDrive\바탕 화면\team\back\node_modules\pirates\lib\index.js:117:24)
    at Module._extensions..js (node:internal/modules/cjs/loader:1310:10)
    at Object.newLoader [as .js] (C:\Users\echk1\OneDrive\바탕 화면\team\back\node_modules\pirates\lib\index.js:121:7)
    at Module.load (node:internal/modules/cjs/loader:1119:32)
    at Function.Module._load (node:internal/modules/cjs/loader:960:12)
    at Module.require (node:internal/modules/cjs/loader:1143:19)
    at require (node:internal/modules/cjs/helpers:110:18)
    at Object.<anonymous> (C:\Users\echk1\OneDrive\바탕 화면\team\back\src\controllers\/reviewController.js:1:31)
    at Module._compile (node:internal/modules/cjs/loader:1256:14)
    at Module._compile (C:\Users\echk1\OneDrive\바탕 화면\team\back\node_modules\pirates\lib\index.js:117:24)
    at Module._extensions..js (node:internal/modules/cjs/loader:1310:10)
    at Object.newLoader [as .js] (C:\Users\echk1\OneDrive\바탕 화면\team\back\node_modules\pirates\lib\index.js:121:7)
    at Module.load (node:internal/modules/cjs/loader:1119:32)
    at Function.Module._load (node:internal/modules/cjs/loader:960:12)
    at Module.require (node:internal/modules/cjs/loader:1143:19)
    at require (node:internal/modules/cjs/helpers:110:18)
    at Object.<anonymous> (C:\Users\echk1\OneDrive\바탕 화면\team\back\src\routes\/review.routes.js:7:5)
    at Module._compile (node:internal/modules/cjs/loader:1256:14)
    at Module._compile (C:\Users\echk1\OneDrive\바탕 화면\team\back\node_modules\pirates\lib\index.js:117:24)
    at Module._extensions..js (node:internal/modules/cjs/loader:1310:10)
    at Object.newLoader [as .js] (C:\Users\echk1\OneDrive\바탕 화면\team\back\node_modules\pirates\lib\index.js:121:7)
    at Module.load (node:internal/modules/cjs/loader:1119:32)
    at Function.Module._load (node:internal/modules/cjs/loader:960:12)
    at Module.require (node:internal/modules/cjs/loader:1143:19)
    at require (node:internal/modules/cjs/helpers:110:18)
    at Object.<anonymous> (C:\Users\echk1\OneDrive\바탕 화면\team\back\src\/app.js:3:1)
    at Module._compile (node:internal/modules/cjs/loader:1256:14)
    at Module._compile (C:\Users\echk1\OneDrive\바탕 화면\team\back\node_modules\pirates\lib\index.js:117:24)
    at Module._extensions..js (node:internal/modules/cjs/loader:1310:10)
    at Object.newLoader [as .js] (C:\Users\echk1\OneDrive\바탕 화면\team\back\node_modules\pirates\lib\index.js:121:7)
    at Module.load (node:internal/modules/cjs/loader:1119:32)
    at Function.Module._load (node:internal/modules/cjs/loader:960:12)
    at Module.require (node:internal/modules/cjs/loader:1143:19)
    at require (node:internal/modules/cjs/helpers:110:18)
    at Object.<anonymous> (C:\Users\echk1\OneDrive\바탕 화면\team\back\/index.js:2:1)
    at Module._compile (node:internal/modules/cjs/loader:1256:14)
    at Module._compile (C:\Users\echk1\OneDrive\바탕 화면\team\back\node_modules\pirates\lib\index.js:117:24)
    at Module._extensions..js (node:internal/modules/cjs/loader:1310:10)
    at Object.newLoader [as .js] (C:\Users\echk1\OneDrive\바탕 화면\team\back\node_modules\pirates\lib\index.js:121:7)
    at Module.load (node:internal/modules/cjs/loader:1119:32)
    at Function.Module._load (node:internal/modules/cjs/loader:960:12)
    at Function.runMain (node:internal/modules/run_main:81:12)
    at Object.<anonymous> (C:\Users\echk1\OneDrive\바탕 화면\team\back\node_modules\@babel\node\src\_babel-node.ts:222:12)
    at Module._compile (node:internal/modules/cjs/loader:1256:14)
    at Object.Module._extensions..js (node:internal/modules/cjs/loader:1310:10)
    at Module.load (node:internal/modules/cjs/loader:1119:32)
    at Function.Module._load (node:internal/modules/cjs/loader:960:12)
    at Function.executeUserEntryPoint [as runMain] (node:internal/modules/run_main:81:12)
2023-08-14 17:06:07 error: uncaughtException: res is not defined
ReferenceError: res is not defined
    at Object.<anonymous> (C:\Users\echk1\OneDrive\바탕 화면\team\back\src\services\/reviewService.js:28:40)
    at Module._compile (node:internal/modules/cjs/loader:1256:14)
    at Module._compile (C:\Users\echk1\OneDrive\바탕 화면\team\back\node_modules\pirates\lib\index.js:117:24)
    at Module._extensions..js (node:internal/modules/cjs/loader:1310:10)
    at Object.newLoader [as .js] (C:\Users\echk1\OneDrive\바탕 화면\team\back\node_modules\pirates\lib\index.js:121:7)
    at Module.load (node:internal/modules/cjs/loader:1119:32)
    at Function.Module._load (node:internal/modules/cjs/loader:960:12)
    at Module.require (node:internal/modules/cjs/loader:1143:19)
    at require (node:internal/modules/cjs/helpers:110:18)
    at Object.<anonymous> (C:\Users\echk1\OneDrive\바탕 화면\team\back\src\controllers\/reviewController.js:1:31)
    at Module._compile (node:internal/modules/cjs/loader:1256:14)
    at Module._compile (C:\Users\echk1\OneDrive\바탕 화면\team\back\node_modules\pirates\lib\index.js:117:24)
    at Module._extensions..js (node:internal/modules/cjs/loader:1310:10)
    at Object.newLoader [as .js] (C:\Users\echk1\OneDrive\바탕 화면\team\back\node_modules\pirates\lib\index.js:121:7)
    at Module.load (node:internal/modules/cjs/loader:1119:32)
    at Function.Module._load (node:internal/modules/cjs/loader:960:12)
    at Module.require (node:internal/modules/cjs/loader:1143:19)
    at require (node:internal/modules/cjs/helpers:110:18)
    at Object.<anonymous> (C:\Users\echk1\OneDrive\바탕 화면\team\back\src\routes\/review.routes.js:7:5)
    at Module._compile (node:internal/modules/cjs/loader:1256:14)
    at Module._compile (C:\Users\echk1\OneDrive\바탕 화면\team\back\node_modules\pirates\lib\index.js:117:24)
    at Module._extensions..js (node:internal/modules/cjs/loader:1310:10)
    at Object.newLoader [as .js] (C:\Users\echk1\OneDrive\바탕 화면\team\back\node_modules\pirates\lib\index.js:121:7)
    at Module.load (node:internal/modules/cjs/loader:1119:32)
    at Function.Module._load (node:internal/modules/cjs/loader:960:12)
    at Module.require (node:internal/modules/cjs/loader:1143:19)
    at require (node:internal/modules/cjs/helpers:110:18)
    at Object.<anonymous> (C:\Users\echk1\OneDrive\바탕 화면\team\back\src\/app.js:3:1)
    at Module._compile (node:internal/modules/cjs/loader:1256:14)
    at Module._compile (C:\Users\echk1\OneDrive\바탕 화면\team\back\node_modules\pirates\lib\index.js:117:24)
    at Module._extensions..js (node:internal/modules/cjs/loader:1310:10)
    at Object.newLoader [as .js] (C:\Users\echk1\OneDrive\바탕 화면\team\back\node_modules\pirates\lib\index.js:121:7)
    at Module.load (node:internal/modules/cjs/loader:1119:32)
    at Function.Module._load (node:internal/modules/cjs/loader:960:12)
    at Module.require (node:internal/modules/cjs/loader:1143:19)
    at require (node:internal/modules/cjs/helpers:110:18)
    at Object.<anonymous> (C:\Users\echk1\OneDrive\바탕 화면\team\back\/index.js:2:1)
    at Module._compile (node:internal/modules/cjs/loader:1256:14)
    at Module._compile (C:\Users\echk1\OneDrive\바탕 화면\team\back\node_modules\pirates\lib\index.js:117:24)
    at Module._extensions..js (node:internal/modules/cjs/loader:1310:10)
    at Object.newLoader [as .js] (C:\Users\echk1\OneDrive\바탕 화면\team\back\node_modules\pirates\lib\index.js:121:7)
    at Module.load (node:internal/modules/cjs/loader:1119:32)
    at Function.Module._load (node:internal/modules/cjs/loader:960:12)
    at Function.runMain (node:internal/modules/run_main:81:12)
    at Object.<anonymous> (C:\Users\echk1\OneDrive\바탕 화면\team\back\node_modules\@babel\node\src\_babel-node.ts:222:12)
    at Module._compile (node:internal/modules/cjs/loader:1256:14)
    at Object.Module._extensions..js (node:internal/modules/cjs/loader:1310:10)
    at Module.load (node:internal/modules/cjs/loader:1119:32)
    at Function.Module._load (node:internal/modules/cjs/loader:960:12)
    at Function.executeUserEntryPoint [as runMain] (node:internal/modules/run_main:81:12)
2023-08-14 17:06:28 error: uncaughtException: res is not defined
ReferenceError: res is not defined
    at Object.<anonymous> (C:\Users\echk1\OneDrive\바탕 화면\team\back\src\services\/reviewService.js:28:40)
    at Module._compile (node:internal/modules/cjs/loader:1256:14)
    at Module._compile (C:\Users\echk1\OneDrive\바탕 화면\team\back\node_modules\pirates\lib\index.js:117:24)
    at Module._extensions..js (node:internal/modules/cjs/loader:1310:10)
    at Object.newLoader [as .js] (C:\Users\echk1\OneDrive\바탕 화면\team\back\node_modules\pirates\lib\index.js:121:7)
    at Module.load (node:internal/modules/cjs/loader:1119:32)
    at Function.Module._load (node:internal/modules/cjs/loader:960:12)
    at Module.require (node:internal/modules/cjs/loader:1143:19)
    at require (node:internal/modules/cjs/helpers:110:18)
    at Object.<anonymous> (C:\Users\echk1\OneDrive\바탕 화면\team\back\src\controllers\/reviewController.js:1:31)
    at Module._compile (node:internal/modules/cjs/loader:1256:14)
    at Module._compile (C:\Users\echk1\OneDrive\바탕 화면\team\back\node_modules\pirates\lib\index.js:117:24)
    at Module._extensions..js (node:internal/modules/cjs/loader:1310:10)
    at Object.newLoader [as .js] (C:\Users\echk1\OneDrive\바탕 화면\team\back\node_modules\pirates\lib\index.js:121:7)
    at Module.load (node:internal/modules/cjs/loader:1119:32)
    at Function.Module._load (node:internal/modules/cjs/loader:960:12)
    at Module.require (node:internal/modules/cjs/loader:1143:19)
    at require (node:internal/modules/cjs/helpers:110:18)
    at Object.<anonymous> (C:\Users\echk1\OneDrive\바탕 화면\team\back\src\routes\/review.routes.js:7:5)
    at Module._compile (node:internal/modules/cjs/loader:1256:14)
    at Module._compile (C:\Users\echk1\OneDrive\바탕 화면\team\back\node_modules\pirates\lib\index.js:117:24)
    at Module._extensions..js (node:internal/modules/cjs/loader:1310:10)
    at Object.newLoader [as .js] (C:\Users\echk1\OneDrive\바탕 화면\team\back\node_modules\pirates\lib\index.js:121:7)
    at Module.load (node:internal/modules/cjs/loader:1119:32)
    at Function.Module._load (node:internal/modules/cjs/loader:960:12)
    at Module.require (node:internal/modules/cjs/loader:1143:19)
    at require (node:internal/modules/cjs/helpers:110:18)
    at Object.<anonymous> (C:\Users\echk1\OneDrive\바탕 화면\team\back\src\/app.js:3:1)
    at Module._compile (node:internal/modules/cjs/loader:1256:14)
    at Module._compile (C:\Users\echk1\OneDrive\바탕 화면\team\back\node_modules\pirates\lib\index.js:117:24)
    at Module._extensions..js (node:internal/modules/cjs/loader:1310:10)
    at Object.newLoader [as .js] (C:\Users\echk1\OneDrive\바탕 화면\team\back\node_modules\pirates\lib\index.js:121:7)
    at Module.load (node:internal/modules/cjs/loader:1119:32)
    at Function.Module._load (node:internal/modules/cjs/loader:960:12)
    at Module.require (node:internal/modules/cjs/loader:1143:19)
    at require (node:internal/modules/cjs/helpers:110:18)
    at Object.<anonymous> (C:\Users\echk1\OneDrive\바탕 화면\team\back\/index.js:2:1)
    at Module._compile (node:internal/modules/cjs/loader:1256:14)
    at Module._compile (C:\Users\echk1\OneDrive\바탕 화면\team\back\node_modules\pirates\lib\index.js:117:24)
    at Module._extensions..js (node:internal/modules/cjs/loader:1310:10)
    at Object.newLoader [as .js] (C:\Users\echk1\OneDrive\바탕 화면\team\back\node_modules\pirates\lib\index.js:121:7)
    at Module.load (node:internal/modules/cjs/loader:1119:32)
    at Function.Module._load (node:internal/modules/cjs/loader:960:12)
    at Function.runMain (node:internal/modules/run_main:81:12)
    at Object.<anonymous> (C:\Users\echk1\OneDrive\바탕 화면\team\back\node_modules\@babel\node\src\_babel-node.ts:222:12)
    at Module._compile (node:internal/modules/cjs/loader:1256:14)
    at Object.Module._extensions..js (node:internal/modules/cjs/loader:1310:10)
    at Module.load (node:internal/modules/cjs/loader:1119:32)
    at Function.Module._load (node:internal/modules/cjs/loader:960:12)
    at Function.executeUserEntryPoint [as runMain] (node:internal/modules/run_main:81:12)
2023-08-14 17:06:51 error: uncaughtException: res is not defined
ReferenceError: res is not defined
    at Object.<anonymous> (C:\Users\echk1\OneDrive\바탕 화면\team\back\src\services\/reviewService.js:28:40)
    at Module._compile (node:internal/modules/cjs/loader:1256:14)
    at Module._compile (C:\Users\echk1\OneDrive\바탕 화면\team\back\node_modules\pirates\lib\index.js:117:24)
    at Module._extensions..js (node:internal/modules/cjs/loader:1310:10)
    at Object.newLoader [as .js] (C:\Users\echk1\OneDrive\바탕 화면\team\back\node_modules\pirates\lib\index.js:121:7)
    at Module.load (node:internal/modules/cjs/loader:1119:32)
    at Function.Module._load (node:internal/modules/cjs/loader:960:12)
    at Module.require (node:internal/modules/cjs/loader:1143:19)
    at require (node:internal/modules/cjs/helpers:110:18)
    at Object.<anonymous> (C:\Users\echk1\OneDrive\바탕 화면\team\back\src\controllers\/reviewController.js:1:31)
    at Module._compile (node:internal/modules/cjs/loader:1256:14)
    at Module._compile (C:\Users\echk1\OneDrive\바탕 화면\team\back\node_modules\pirates\lib\index.js:117:24)
    at Module._extensions..js (node:internal/modules/cjs/loader:1310:10)
    at Object.newLoader [as .js] (C:\Users\echk1\OneDrive\바탕 화면\team\back\node_modules\pirates\lib\index.js:121:7)
    at Module.load (node:internal/modules/cjs/loader:1119:32)
    at Function.Module._load (node:internal/modules/cjs/loader:960:12)
    at Module.require (node:internal/modules/cjs/loader:1143:19)
    at require (node:internal/modules/cjs/helpers:110:18)
    at Object.<anonymous> (C:\Users\echk1\OneDrive\바탕 화면\team\back\src\routes\/review.routes.js:7:5)
    at Module._compile (node:internal/modules/cjs/loader:1256:14)
    at Module._compile (C:\Users\echk1\OneDrive\바탕 화면\team\back\node_modules\pirates\lib\index.js:117:24)
    at Module._extensions..js (node:internal/modules/cjs/loader:1310:10)
    at Object.newLoader [as .js] (C:\Users\echk1\OneDrive\바탕 화면\team\back\node_modules\pirates\lib\index.js:121:7)
    at Module.load (node:internal/modules/cjs/loader:1119:32)
    at Function.Module._load (node:internal/modules/cjs/loader:960:12)
    at Module.require (node:internal/modules/cjs/loader:1143:19)
    at require (node:internal/modules/cjs/helpers:110:18)
    at Object.<anonymous> (C:\Users\echk1\OneDrive\바탕 화면\team\back\src\/app.js:3:1)
    at Module._compile (node:internal/modules/cjs/loader:1256:14)
    at Module._compile (C:\Users\echk1\OneDrive\바탕 화면\team\back\node_modules\pirates\lib\index.js:117:24)
    at Module._extensions..js (node:internal/modules/cjs/loader:1310:10)
    at Object.newLoader [as .js] (C:\Users\echk1\OneDrive\바탕 화면\team\back\node_modules\pirates\lib\index.js:121:7)
    at Module.load (node:internal/modules/cjs/loader:1119:32)
    at Function.Module._load (node:internal/modules/cjs/loader:960:12)
    at Module.require (node:internal/modules/cjs/loader:1143:19)
    at require (node:internal/modules/cjs/helpers:110:18)
    at Object.<anonymous> (C:\Users\echk1\OneDrive\바탕 화면\team\back\/index.js:2:1)
    at Module._compile (node:internal/modules/cjs/loader:1256:14)
    at Module._compile (C:\Users\echk1\OneDrive\바탕 화면\team\back\node_modules\pirates\lib\index.js:117:24)
    at Module._extensions..js (node:internal/modules/cjs/loader:1310:10)
    at Object.newLoader [as .js] (C:\Users\echk1\OneDrive\바탕 화면\team\back\node_modules\pirates\lib\index.js:121:7)
    at Module.load (node:internal/modules/cjs/loader:1119:32)
    at Function.Module._load (node:internal/modules/cjs/loader:960:12)
    at Function.runMain (node:internal/modules/run_main:81:12)
    at Object.<anonymous> (C:\Users\echk1\OneDrive\바탕 화면\team\back\node_modules\@babel\node\src\_babel-node.ts:222:12)
    at Module._compile (node:internal/modules/cjs/loader:1256:14)
    at Object.Module._extensions..js (node:internal/modules/cjs/loader:1310:10)
    at Module.load (node:internal/modules/cjs/loader:1119:32)
    at Function.Module._load (node:internal/modules/cjs/loader:960:12)
    at Function.executeUserEntryPoint [as runMain] (node:internal/modules/run_main:81:12)
2023-08-14 17:06:54 error: uncaughtException: res is not defined
ReferenceError: res is not defined
    at Object.<anonymous> (C:\Users\echk1\OneDrive\바탕 화면\team\back\src\services\/reviewService.js:28:40)
    at Module._compile (node:internal/modules/cjs/loader:1256:14)
    at Module._compile (C:\Users\echk1\OneDrive\바탕 화면\team\back\node_modules\pirates\lib\index.js:117:24)
    at Module._extensions..js (node:internal/modules/cjs/loader:1310:10)
    at Object.newLoader [as .js] (C:\Users\echk1\OneDrive\바탕 화면\team\back\node_modules\pirates\lib\index.js:121:7)
    at Module.load (node:internal/modules/cjs/loader:1119:32)
    at Function.Module._load (node:internal/modules/cjs/loader:960:12)
    at Module.require (node:internal/modules/cjs/loader:1143:19)
    at require (node:internal/modules/cjs/helpers:110:18)
    at Object.<anonymous> (C:\Users\echk1\OneDrive\바탕 화면\team\back\src\controllers\/reviewController.js:1:31)
    at Module._compile (node:internal/modules/cjs/loader:1256:14)
    at Module._compile (C:\Users\echk1\OneDrive\바탕 화면\team\back\node_modules\pirates\lib\index.js:117:24)
    at Module._extensions..js (node:internal/modules/cjs/loader:1310:10)
    at Object.newLoader [as .js] (C:\Users\echk1\OneDrive\바탕 화면\team\back\node_modules\pirates\lib\index.js:121:7)
    at Module.load (node:internal/modules/cjs/loader:1119:32)
    at Function.Module._load (node:internal/modules/cjs/loader:960:12)
    at Module.require (node:internal/modules/cjs/loader:1143:19)
    at require (node:internal/modules/cjs/helpers:110:18)
    at Object.<anonymous> (C:\Users\echk1\OneDrive\바탕 화면\team\back\src\routes\/review.routes.js:7:5)
    at Module._compile (node:internal/modules/cjs/loader:1256:14)
    at Module._compile (C:\Users\echk1\OneDrive\바탕 화면\team\back\node_modules\pirates\lib\index.js:117:24)
    at Module._extensions..js (node:internal/modules/cjs/loader:1310:10)
    at Object.newLoader [as .js] (C:\Users\echk1\OneDrive\바탕 화면\team\back\node_modules\pirates\lib\index.js:121:7)
    at Module.load (node:internal/modules/cjs/loader:1119:32)
    at Function.Module._load (node:internal/modules/cjs/loader:960:12)
    at Module.require (node:internal/modules/cjs/loader:1143:19)
    at require (node:internal/modules/cjs/helpers:110:18)
    at Object.<anonymous> (C:\Users\echk1\OneDrive\바탕 화면\team\back\src\/app.js:3:1)
    at Module._compile (node:internal/modules/cjs/loader:1256:14)
    at Module._compile (C:\Users\echk1\OneDrive\바탕 화면\team\back\node_modules\pirates\lib\index.js:117:24)
    at Module._extensions..js (node:internal/modules/cjs/loader:1310:10)
    at Object.newLoader [as .js] (C:\Users\echk1\OneDrive\바탕 화면\team\back\node_modules\pirates\lib\index.js:121:7)
    at Module.load (node:internal/modules/cjs/loader:1119:32)
    at Function.Module._load (node:internal/modules/cjs/loader:960:12)
    at Module.require (node:internal/modules/cjs/loader:1143:19)
    at require (node:internal/modules/cjs/helpers:110:18)
    at Object.<anonymous> (C:\Users\echk1\OneDrive\바탕 화면\team\back\/index.js:2:1)
    at Module._compile (node:internal/modules/cjs/loader:1256:14)
    at Module._compile (C:\Users\echk1\OneDrive\바탕 화면\team\back\node_modules\pirates\lib\index.js:117:24)
    at Module._extensions..js (node:internal/modules/cjs/loader:1310:10)
    at Object.newLoader [as .js] (C:\Users\echk1\OneDrive\바탕 화면\team\back\node_modules\pirates\lib\index.js:121:7)
    at Module.load (node:internal/modules/cjs/loader:1119:32)
    at Function.Module._load (node:internal/modules/cjs/loader:960:12)
    at Function.runMain (node:internal/modules/run_main:81:12)
    at Object.<anonymous> (C:\Users\echk1\OneDrive\바탕 화면\team\back\node_modules\@babel\node\src\_babel-node.ts:222:12)
    at Module._compile (node:internal/modules/cjs/loader:1256:14)
    at Object.Module._extensions..js (node:internal/modules/cjs/loader:1310:10)
    at Module.load (node:internal/modules/cjs/loader:1119:32)
    at Function.Module._load (node:internal/modules/cjs/loader:960:12)
    at Function.executeUserEntryPoint [as runMain] (node:internal/modules/run_main:81:12)
2023-08-14 17:06:59 error: uncaughtException: res is not defined
ReferenceError: res is not defined
    at Object.<anonymous> (C:\Users\echk1\OneDrive\바탕 화면\team\back\src\services\/reviewService.js:28:40)
    at Module._compile (node:internal/modules/cjs/loader:1256:14)
    at Module._compile (C:\Users\echk1\OneDrive\바탕 화면\team\back\node_modules\pirates\lib\index.js:117:24)
    at Module._extensions..js (node:internal/modules/cjs/loader:1310:10)
    at Object.newLoader [as .js] (C:\Users\echk1\OneDrive\바탕 화면\team\back\node_modules\pirates\lib\index.js:121:7)
    at Module.load (node:internal/modules/cjs/loader:1119:32)
    at Function.Module._load (node:internal/modules/cjs/loader:960:12)
    at Module.require (node:internal/modules/cjs/loader:1143:19)
    at require (node:internal/modules/cjs/helpers:110:18)
    at Object.<anonymous> (C:\Users\echk1\OneDrive\바탕 화면\team\back\src\controllers\/reviewController.js:1:31)
    at Module._compile (node:internal/modules/cjs/loader:1256:14)
    at Module._compile (C:\Users\echk1\OneDrive\바탕 화면\team\back\node_modules\pirates\lib\index.js:117:24)
    at Module._extensions..js (node:internal/modules/cjs/loader:1310:10)
    at Object.newLoader [as .js] (C:\Users\echk1\OneDrive\바탕 화면\team\back\node_modules\pirates\lib\index.js:121:7)
    at Module.load (node:internal/modules/cjs/loader:1119:32)
    at Function.Module._load (node:internal/modules/cjs/loader:960:12)
    at Module.require (node:internal/modules/cjs/loader:1143:19)
    at require (node:internal/modules/cjs/helpers:110:18)
    at Object.<anonymous> (C:\Users\echk1\OneDrive\바탕 화면\team\back\src\routes\/review.routes.js:7:5)
    at Module._compile (node:internal/modules/cjs/loader:1256:14)
    at Module._compile (C:\Users\echk1\OneDrive\바탕 화면\team\back\node_modules\pirates\lib\index.js:117:24)
    at Module._extensions..js (node:internal/modules/cjs/loader:1310:10)
    at Object.newLoader [as .js] (C:\Users\echk1\OneDrive\바탕 화면\team\back\node_modules\pirates\lib\index.js:121:7)
    at Module.load (node:internal/modules/cjs/loader:1119:32)
    at Function.Module._load (node:internal/modules/cjs/loader:960:12)
    at Module.require (node:internal/modules/cjs/loader:1143:19)
    at require (node:internal/modules/cjs/helpers:110:18)
    at Object.<anonymous> (C:\Users\echk1\OneDrive\바탕 화면\team\back\src\/app.js:3:1)
    at Module._compile (node:internal/modules/cjs/loader:1256:14)
    at Module._compile (C:\Users\echk1\OneDrive\바탕 화면\team\back\node_modules\pirates\lib\index.js:117:24)
    at Module._extensions..js (node:internal/modules/cjs/loader:1310:10)
    at Object.newLoader [as .js] (C:\Users\echk1\OneDrive\바탕 화면\team\back\node_modules\pirates\lib\index.js:121:7)
    at Module.load (node:internal/modules/cjs/loader:1119:32)
    at Function.Module._load (node:internal/modules/cjs/loader:960:12)
    at Module.require (node:internal/modules/cjs/loader:1143:19)
    at require (node:internal/modules/cjs/helpers:110:18)
    at Object.<anonymous> (C:\Users\echk1\OneDrive\바탕 화면\team\back\/index.js:2:1)
    at Module._compile (node:internal/modules/cjs/loader:1256:14)
    at Module._compile (C:\Users\echk1\OneDrive\바탕 화면\team\back\node_modules\pirates\lib\index.js:117:24)
    at Module._extensions..js (node:internal/modules/cjs/loader:1310:10)
    at Object.newLoader [as .js] (C:\Users\echk1\OneDrive\바탕 화면\team\back\node_modules\pirates\lib\index.js:121:7)
    at Module.load (node:internal/modules/cjs/loader:1119:32)
    at Function.Module._load (node:internal/modules/cjs/loader:960:12)
    at Function.runMain (node:internal/modules/run_main:81:12)
    at Object.<anonymous> (C:\Users\echk1\OneDrive\바탕 화면\team\back\node_modules\@babel\node\src\_babel-node.ts:222:12)
    at Module._compile (node:internal/modules/cjs/loader:1256:14)
    at Object.Module._extensions..js (node:internal/modules/cjs/loader:1310:10)
    at Module.load (node:internal/modules/cjs/loader:1119:32)
    at Function.Module._load (node:internal/modules/cjs/loader:960:12)
    at Function.executeUserEntryPoint [as runMain] (node:internal/modules/run_main:81:12)
2023-08-14 17:08:10 error: uncaughtException: res is not defined
ReferenceError: res is not defined
    at Object.<anonymous> (C:\Users\echk1\OneDrive\바탕 화면\team\back\src\services\/reviewService.js:28:40)
    at Module._compile (node:internal/modules/cjs/loader:1256:14)
    at Module._compile (C:\Users\echk1\OneDrive\바탕 화면\team\back\node_modules\pirates\lib\index.js:117:24)
    at Module._extensions..js (node:internal/modules/cjs/loader:1310:10)
    at Object.newLoader [as .js] (C:\Users\echk1\OneDrive\바탕 화면\team\back\node_modules\pirates\lib\index.js:121:7)
    at Module.load (node:internal/modules/cjs/loader:1119:32)
    at Function.Module._load (node:internal/modules/cjs/loader:960:12)
    at Module.require (node:internal/modules/cjs/loader:1143:19)
    at require (node:internal/modules/cjs/helpers:110:18)
    at Object.<anonymous> (C:\Users\echk1\OneDrive\바탕 화면\team\back\src\controllers\/reviewController.js:1:31)
    at Module._compile (node:internal/modules/cjs/loader:1256:14)
    at Module._compile (C:\Users\echk1\OneDrive\바탕 화면\team\back\node_modules\pirates\lib\index.js:117:24)
    at Module._extensions..js (node:internal/modules/cjs/loader:1310:10)
    at Object.newLoader [as .js] (C:\Users\echk1\OneDrive\바탕 화면\team\back\node_modules\pirates\lib\index.js:121:7)
    at Module.load (node:internal/modules/cjs/loader:1119:32)
    at Function.Module._load (node:internal/modules/cjs/loader:960:12)
    at Module.require (node:internal/modules/cjs/loader:1143:19)
    at require (node:internal/modules/cjs/helpers:110:18)
    at Object.<anonymous> (C:\Users\echk1\OneDrive\바탕 화면\team\back\src\routes\/review.routes.js:7:5)
    at Module._compile (node:internal/modules/cjs/loader:1256:14)
    at Module._compile (C:\Users\echk1\OneDrive\바탕 화면\team\back\node_modules\pirates\lib\index.js:117:24)
    at Module._extensions..js (node:internal/modules/cjs/loader:1310:10)
    at Object.newLoader [as .js] (C:\Users\echk1\OneDrive\바탕 화면\team\back\node_modules\pirates\lib\index.js:121:7)
    at Module.load (node:internal/modules/cjs/loader:1119:32)
    at Function.Module._load (node:internal/modules/cjs/loader:960:12)
    at Module.require (node:internal/modules/cjs/loader:1143:19)
    at require (node:internal/modules/cjs/helpers:110:18)
    at Object.<anonymous> (C:\Users\echk1\OneDrive\바탕 화면\team\back\src\/app.js:3:1)
    at Module._compile (node:internal/modules/cjs/loader:1256:14)
    at Module._compile (C:\Users\echk1\OneDrive\바탕 화면\team\back\node_modules\pirates\lib\index.js:117:24)
    at Module._extensions..js (node:internal/modules/cjs/loader:1310:10)
    at Object.newLoader [as .js] (C:\Users\echk1\OneDrive\바탕 화면\team\back\node_modules\pirates\lib\index.js:121:7)
    at Module.load (node:internal/modules/cjs/loader:1119:32)
    at Function.Module._load (node:internal/modules/cjs/loader:960:12)
    at Module.require (node:internal/modules/cjs/loader:1143:19)
    at require (node:internal/modules/cjs/helpers:110:18)
    at Object.<anonymous> (C:\Users\echk1\OneDrive\바탕 화면\team\back\/index.js:2:1)
    at Module._compile (node:internal/modules/cjs/loader:1256:14)
    at Module._compile (C:\Users\echk1\OneDrive\바탕 화면\team\back\node_modules\pirates\lib\index.js:117:24)
    at Module._extensions..js (node:internal/modules/cjs/loader:1310:10)
    at Object.newLoader [as .js] (C:\Users\echk1\OneDrive\바탕 화면\team\back\node_modules\pirates\lib\index.js:121:7)
    at Module.load (node:internal/modules/cjs/loader:1119:32)
    at Function.Module._load (node:internal/modules/cjs/loader:960:12)
    at Function.runMain (node:internal/modules/run_main:81:12)
    at Object.<anonymous> (C:\Users\echk1\OneDrive\바탕 화면\team\back\node_modules\@babel\node\src\_babel-node.ts:222:12)
    at Module._compile (node:internal/modules/cjs/loader:1256:14)
    at Object.Module._extensions..js (node:internal/modules/cjs/loader:1310:10)
    at Module.load (node:internal/modules/cjs/loader:1119:32)
    at Function.Module._load (node:internal/modules/cjs/loader:960:12)
    at Function.executeUserEntryPoint [as runMain] (node:internal/modules/run_main:81:12)
2023-08-14 17:09:36 error: uncaughtException: res is not defined
ReferenceError: res is not defined
    at Object.<anonymous> (C:\Users\echk1\OneDrive\바탕 화면\team\back\src\services\/reviewService.js:28:40)
    at Module._compile (node:internal/modules/cjs/loader:1256:14)
    at Module._compile (C:\Users\echk1\OneDrive\바탕 화면\team\back\node_modules\pirates\lib\index.js:117:24)
    at Module._extensions..js (node:internal/modules/cjs/loader:1310:10)
    at Object.newLoader [as .js] (C:\Users\echk1\OneDrive\바탕 화면\team\back\node_modules\pirates\lib\index.js:121:7)
    at Module.load (node:internal/modules/cjs/loader:1119:32)
    at Function.Module._load (node:internal/modules/cjs/loader:960:12)
    at Module.require (node:internal/modules/cjs/loader:1143:19)
    at require (node:internal/modules/cjs/helpers:110:18)
    at Object.<anonymous> (C:\Users\echk1\OneDrive\바탕 화면\team\back\src\controllers\/reviewController.js:1:31)
    at Module._compile (node:internal/modules/cjs/loader:1256:14)
    at Module._compile (C:\Users\echk1\OneDrive\바탕 화면\team\back\node_modules\pirates\lib\index.js:117:24)
    at Module._extensions..js (node:internal/modules/cjs/loader:1310:10)
    at Object.newLoader [as .js] (C:\Users\echk1\OneDrive\바탕 화면\team\back\node_modules\pirates\lib\index.js:121:7)
    at Module.load (node:internal/modules/cjs/loader:1119:32)
    at Function.Module._load (node:internal/modules/cjs/loader:960:12)
    at Module.require (node:internal/modules/cjs/loader:1143:19)
    at require (node:internal/modules/cjs/helpers:110:18)
    at Object.<anonymous> (C:\Users\echk1\OneDrive\바탕 화면\team\back\src\routes\/review.routes.js:7:5)
    at Module._compile (node:internal/modules/cjs/loader:1256:14)
    at Module._compile (C:\Users\echk1\OneDrive\바탕 화면\team\back\node_modules\pirates\lib\index.js:117:24)
    at Module._extensions..js (node:internal/modules/cjs/loader:1310:10)
    at Object.newLoader [as .js] (C:\Users\echk1\OneDrive\바탕 화면\team\back\node_modules\pirates\lib\index.js:121:7)
    at Module.load (node:internal/modules/cjs/loader:1119:32)
    at Function.Module._load (node:internal/modules/cjs/loader:960:12)
    at Module.require (node:internal/modules/cjs/loader:1143:19)
    at require (node:internal/modules/cjs/helpers:110:18)
    at Object.<anonymous> (C:\Users\echk1\OneDrive\바탕 화면\team\back\src\/app.js:3:1)
    at Module._compile (node:internal/modules/cjs/loader:1256:14)
    at Module._compile (C:\Users\echk1\OneDrive\바탕 화면\team\back\node_modules\pirates\lib\index.js:117:24)
    at Module._extensions..js (node:internal/modules/cjs/loader:1310:10)
    at Object.newLoader [as .js] (C:\Users\echk1\OneDrive\바탕 화면\team\back\node_modules\pirates\lib\index.js:121:7)
    at Module.load (node:internal/modules/cjs/loader:1119:32)
    at Function.Module._load (node:internal/modules/cjs/loader:960:12)
    at Module.require (node:internal/modules/cjs/loader:1143:19)
    at require (node:internal/modules/cjs/helpers:110:18)
    at Object.<anonymous> (C:\Users\echk1\OneDrive\바탕 화면\team\back\/index.js:2:1)
    at Module._compile (node:internal/modules/cjs/loader:1256:14)
    at Module._compile (C:\Users\echk1\OneDrive\바탕 화면\team\back\node_modules\pirates\lib\index.js:117:24)
    at Module._extensions..js (node:internal/modules/cjs/loader:1310:10)
    at Object.newLoader [as .js] (C:\Users\echk1\OneDrive\바탕 화면\team\back\node_modules\pirates\lib\index.js:121:7)
    at Module.load (node:internal/modules/cjs/loader:1119:32)
    at Function.Module._load (node:internal/modules/cjs/loader:960:12)
    at Function.runMain (node:internal/modules/run_main:81:12)
    at Object.<anonymous> (C:\Users\echk1\OneDrive\바탕 화면\team\back\node_modules\@babel\node\src\_babel-node.ts:222:12)
    at Module._compile (node:internal/modules/cjs/loader:1256:14)
    at Object.Module._extensions..js (node:internal/modules/cjs/loader:1310:10)
    at Module.load (node:internal/modules/cjs/loader:1119:32)
    at Function.Module._load (node:internal/modules/cjs/loader:960:12)
    at Function.executeUserEntryPoint [as runMain] (node:internal/modules/run_main:81:12)
2023-08-14 17:10:26 error: uncaughtException: res is not defined
ReferenceError: res is not defined
    at Object.<anonymous> (C:\Users\echk1\OneDrive\바탕 화면\team\back\src\services\/reviewService.js:28:40)
    at Module._compile (node:internal/modules/cjs/loader:1256:14)
    at Module._compile (C:\Users\echk1\OneDrive\바탕 화면\team\back\node_modules\pirates\lib\index.js:117:24)
    at Module._extensions..js (node:internal/modules/cjs/loader:1310:10)
    at Object.newLoader [as .js] (C:\Users\echk1\OneDrive\바탕 화면\team\back\node_modules\pirates\lib\index.js:121:7)
    at Module.load (node:internal/modules/cjs/loader:1119:32)
    at Function.Module._load (node:internal/modules/cjs/loader:960:12)
    at Module.require (node:internal/modules/cjs/loader:1143:19)
    at require (node:internal/modules/cjs/helpers:110:18)
    at Object.<anonymous> (C:\Users\echk1\OneDrive\바탕 화면\team\back\src\controllers\/reviewController.js:1:31)
    at Module._compile (node:internal/modules/cjs/loader:1256:14)
    at Module._compile (C:\Users\echk1\OneDrive\바탕 화면\team\back\node_modules\pirates\lib\index.js:117:24)
    at Module._extensions..js (node:internal/modules/cjs/loader:1310:10)
    at Object.newLoader [as .js] (C:\Users\echk1\OneDrive\바탕 화면\team\back\node_modules\pirates\lib\index.js:121:7)
    at Module.load (node:internal/modules/cjs/loader:1119:32)
    at Function.Module._load (node:internal/modules/cjs/loader:960:12)
    at Module.require (node:internal/modules/cjs/loader:1143:19)
    at require (node:internal/modules/cjs/helpers:110:18)
    at Object.<anonymous> (C:\Users\echk1\OneDrive\바탕 화면\team\back\src\routes\/review.routes.js:7:5)
    at Module._compile (node:internal/modules/cjs/loader:1256:14)
    at Module._compile (C:\Users\echk1\OneDrive\바탕 화면\team\back\node_modules\pirates\lib\index.js:117:24)
    at Module._extensions..js (node:internal/modules/cjs/loader:1310:10)
    at Object.newLoader [as .js] (C:\Users\echk1\OneDrive\바탕 화면\team\back\node_modules\pirates\lib\index.js:121:7)
    at Module.load (node:internal/modules/cjs/loader:1119:32)
    at Function.Module._load (node:internal/modules/cjs/loader:960:12)
    at Module.require (node:internal/modules/cjs/loader:1143:19)
    at require (node:internal/modules/cjs/helpers:110:18)
    at Object.<anonymous> (C:\Users\echk1\OneDrive\바탕 화면\team\back\src\/app.js:3:1)
    at Module._compile (node:internal/modules/cjs/loader:1256:14)
    at Module._compile (C:\Users\echk1\OneDrive\바탕 화면\team\back\node_modules\pirates\lib\index.js:117:24)
    at Module._extensions..js (node:internal/modules/cjs/loader:1310:10)
    at Object.newLoader [as .js] (C:\Users\echk1\OneDrive\바탕 화면\team\back\node_modules\pirates\lib\index.js:121:7)
    at Module.load (node:internal/modules/cjs/loader:1119:32)
    at Function.Module._load (node:internal/modules/cjs/loader:960:12)
    at Module.require (node:internal/modules/cjs/loader:1143:19)
    at require (node:internal/modules/cjs/helpers:110:18)
    at Object.<anonymous> (C:\Users\echk1\OneDrive\바탕 화면\team\back\/index.js:2:1)
    at Module._compile (node:internal/modules/cjs/loader:1256:14)
    at Module._compile (C:\Users\echk1\OneDrive\바탕 화면\team\back\node_modules\pirates\lib\index.js:117:24)
    at Module._extensions..js (node:internal/modules/cjs/loader:1310:10)
    at Object.newLoader [as .js] (C:\Users\echk1\OneDrive\바탕 화면\team\back\node_modules\pirates\lib\index.js:121:7)
    at Module.load (node:internal/modules/cjs/loader:1119:32)
    at Function.Module._load (node:internal/modules/cjs/loader:960:12)
    at Function.runMain (node:internal/modules/run_main:81:12)
    at Object.<anonymous> (C:\Users\echk1\OneDrive\바탕 화면\team\back\node_modules\@babel\node\src\_babel-node.ts:222:12)
    at Module._compile (node:internal/modules/cjs/loader:1256:14)
    at Object.Module._extensions..js (node:internal/modules/cjs/loader:1310:10)
    at Module.load (node:internal/modules/cjs/loader:1119:32)
    at Function.Module._load (node:internal/modules/cjs/loader:960:12)
    at Function.executeUserEntryPoint [as runMain] (node:internal/modules/run_main:81:12)
2023-08-14 17:10:29 error: uncaughtException: res is not defined
ReferenceError: res is not defined
    at Object.<anonymous> (C:\Users\echk1\OneDrive\바탕 화면\team\back\src\services\/reviewService.js:28:40)
    at Module._compile (node:internal/modules/cjs/loader:1256:14)
    at Module._compile (C:\Users\echk1\OneDrive\바탕 화면\team\back\node_modules\pirates\lib\index.js:117:24)
    at Module._extensions..js (node:internal/modules/cjs/loader:1310:10)
    at Object.newLoader [as .js] (C:\Users\echk1\OneDrive\바탕 화면\team\back\node_modules\pirates\lib\index.js:121:7)
    at Module.load (node:internal/modules/cjs/loader:1119:32)
    at Function.Module._load (node:internal/modules/cjs/loader:960:12)
    at Module.require (node:internal/modules/cjs/loader:1143:19)
    at require (node:internal/modules/cjs/helpers:110:18)
    at Object.<anonymous> (C:\Users\echk1\OneDrive\바탕 화면\team\back\src\controllers\/reviewController.js:1:31)
    at Module._compile (node:internal/modules/cjs/loader:1256:14)
    at Module._compile (C:\Users\echk1\OneDrive\바탕 화면\team\back\node_modules\pirates\lib\index.js:117:24)
    at Module._extensions..js (node:internal/modules/cjs/loader:1310:10)
    at Object.newLoader [as .js] (C:\Users\echk1\OneDrive\바탕 화면\team\back\node_modules\pirates\lib\index.js:121:7)
    at Module.load (node:internal/modules/cjs/loader:1119:32)
    at Function.Module._load (node:internal/modules/cjs/loader:960:12)
    at Module.require (node:internal/modules/cjs/loader:1143:19)
    at require (node:internal/modules/cjs/helpers:110:18)
    at Object.<anonymous> (C:\Users\echk1\OneDrive\바탕 화면\team\back\src\routes\/review.routes.js:7:5)
    at Module._compile (node:internal/modules/cjs/loader:1256:14)
    at Module._compile (C:\Users\echk1\OneDrive\바탕 화면\team\back\node_modules\pirates\lib\index.js:117:24)
    at Module._extensions..js (node:internal/modules/cjs/loader:1310:10)
    at Object.newLoader [as .js] (C:\Users\echk1\OneDrive\바탕 화면\team\back\node_modules\pirates\lib\index.js:121:7)
    at Module.load (node:internal/modules/cjs/loader:1119:32)
    at Function.Module._load (node:internal/modules/cjs/loader:960:12)
    at Module.require (node:internal/modules/cjs/loader:1143:19)
    at require (node:internal/modules/cjs/helpers:110:18)
    at Object.<anonymous> (C:\Users\echk1\OneDrive\바탕 화면\team\back\src\/app.js:3:1)
    at Module._compile (node:internal/modules/cjs/loader:1256:14)
    at Module._compile (C:\Users\echk1\OneDrive\바탕 화면\team\back\node_modules\pirates\lib\index.js:117:24)
    at Module._extensions..js (node:internal/modules/cjs/loader:1310:10)
    at Object.newLoader [as .js] (C:\Users\echk1\OneDrive\바탕 화면\team\back\node_modules\pirates\lib\index.js:121:7)
    at Module.load (node:internal/modules/cjs/loader:1119:32)
    at Function.Module._load (node:internal/modules/cjs/loader:960:12)
    at Module.require (node:internal/modules/cjs/loader:1143:19)
    at require (node:internal/modules/cjs/helpers:110:18)
    at Object.<anonymous> (C:\Users\echk1\OneDrive\바탕 화면\team\back\/index.js:2:1)
    at Module._compile (node:internal/modules/cjs/loader:1256:14)
    at Module._compile (C:\Users\echk1\OneDrive\바탕 화면\team\back\node_modules\pirates\lib\index.js:117:24)
    at Module._extensions..js (node:internal/modules/cjs/loader:1310:10)
    at Object.newLoader [as .js] (C:\Users\echk1\OneDrive\바탕 화면\team\back\node_modules\pirates\lib\index.js:121:7)
    at Module.load (node:internal/modules/cjs/loader:1119:32)
    at Function.Module._load (node:internal/modules/cjs/loader:960:12)
    at Function.runMain (node:internal/modules/run_main:81:12)
    at Object.<anonymous> (C:\Users\echk1\OneDrive\바탕 화면\team\back\node_modules\@babel\node\src\_babel-node.ts:222:12)
    at Module._compile (node:internal/modules/cjs/loader:1256:14)
    at Object.Module._extensions..js (node:internal/modules/cjs/loader:1310:10)
    at Module.load (node:internal/modules/cjs/loader:1119:32)
    at Function.Module._load (node:internal/modules/cjs/loader:960:12)
    at Function.executeUserEntryPoint [as runMain] (node:internal/modules/run_main:81:12)
2023-08-14 17:10:37 error: uncaughtException: res is not defined
ReferenceError: res is not defined
    at Object.<anonymous> (C:\Users\echk1\OneDrive\바탕 화면\team\back\src\services\/reviewService.js:28:40)
    at Module._compile (node:internal/modules/cjs/loader:1256:14)
    at Module._compile (C:\Users\echk1\OneDrive\바탕 화면\team\back\node_modules\pirates\lib\index.js:117:24)
    at Module._extensions..js (node:internal/modules/cjs/loader:1310:10)
    at Object.newLoader [as .js] (C:\Users\echk1\OneDrive\바탕 화면\team\back\node_modules\pirates\lib\index.js:121:7)
    at Module.load (node:internal/modules/cjs/loader:1119:32)
    at Function.Module._load (node:internal/modules/cjs/loader:960:12)
    at Module.require (node:internal/modules/cjs/loader:1143:19)
    at require (node:internal/modules/cjs/helpers:110:18)
    at Object.<anonymous> (C:\Users\echk1\OneDrive\바탕 화면\team\back\src\controllers\/reviewController.js:1:31)
    at Module._compile (node:internal/modules/cjs/loader:1256:14)
    at Module._compile (C:\Users\echk1\OneDrive\바탕 화면\team\back\node_modules\pirates\lib\index.js:117:24)
    at Module._extensions..js (node:internal/modules/cjs/loader:1310:10)
    at Object.newLoader [as .js] (C:\Users\echk1\OneDrive\바탕 화면\team\back\node_modules\pirates\lib\index.js:121:7)
    at Module.load (node:internal/modules/cjs/loader:1119:32)
    at Function.Module._load (node:internal/modules/cjs/loader:960:12)
    at Module.require (node:internal/modules/cjs/loader:1143:19)
    at require (node:internal/modules/cjs/helpers:110:18)
    at Object.<anonymous> (C:\Users\echk1\OneDrive\바탕 화면\team\back\src\routes\/review.routes.js:7:5)
    at Module._compile (node:internal/modules/cjs/loader:1256:14)
    at Module._compile (C:\Users\echk1\OneDrive\바탕 화면\team\back\node_modules\pirates\lib\index.js:117:24)
    at Module._extensions..js (node:internal/modules/cjs/loader:1310:10)
    at Object.newLoader [as .js] (C:\Users\echk1\OneDrive\바탕 화면\team\back\node_modules\pirates\lib\index.js:121:7)
    at Module.load (node:internal/modules/cjs/loader:1119:32)
    at Function.Module._load (node:internal/modules/cjs/loader:960:12)
    at Module.require (node:internal/modules/cjs/loader:1143:19)
    at require (node:internal/modules/cjs/helpers:110:18)
    at Object.<anonymous> (C:\Users\echk1\OneDrive\바탕 화면\team\back\src\/app.js:3:1)
    at Module._compile (node:internal/modules/cjs/loader:1256:14)
    at Module._compile (C:\Users\echk1\OneDrive\바탕 화면\team\back\node_modules\pirates\lib\index.js:117:24)
    at Module._extensions..js (node:internal/modules/cjs/loader:1310:10)
    at Object.newLoader [as .js] (C:\Users\echk1\OneDrive\바탕 화면\team\back\node_modules\pirates\lib\index.js:121:7)
    at Module.load (node:internal/modules/cjs/loader:1119:32)
    at Function.Module._load (node:internal/modules/cjs/loader:960:12)
    at Module.require (node:internal/modules/cjs/loader:1143:19)
    at require (node:internal/modules/cjs/helpers:110:18)
    at Object.<anonymous> (C:\Users\echk1\OneDrive\바탕 화면\team\back\/index.js:2:1)
    at Module._compile (node:internal/modules/cjs/loader:1256:14)
    at Module._compile (C:\Users\echk1\OneDrive\바탕 화면\team\back\node_modules\pirates\lib\index.js:117:24)
    at Module._extensions..js (node:internal/modules/cjs/loader:1310:10)
    at Object.newLoader [as .js] (C:\Users\echk1\OneDrive\바탕 화면\team\back\node_modules\pirates\lib\index.js:121:7)
    at Module.load (node:internal/modules/cjs/loader:1119:32)
    at Function.Module._load (node:internal/modules/cjs/loader:960:12)
    at Function.runMain (node:internal/modules/run_main:81:12)
    at Object.<anonymous> (C:\Users\echk1\OneDrive\바탕 화면\team\back\node_modules\@babel\node\src\_babel-node.ts:222:12)
    at Module._compile (node:internal/modules/cjs/loader:1256:14)
    at Object.Module._extensions..js (node:internal/modules/cjs/loader:1310:10)
    at Module.load (node:internal/modules/cjs/loader:1119:32)
    at Function.Module._load (node:internal/modules/cjs/loader:960:12)
    at Function.executeUserEntryPoint [as runMain] (node:internal/modules/run_main:81:12)
2023-08-14 17:14:40 error: uncaughtException: res is not defined
ReferenceError: res is not defined
    at Object.<anonymous> (C:\Users\echk1\OneDrive\바탕 화면\team\back\src\services\/reviewService.js:28:40)
    at Module._compile (node:internal/modules/cjs/loader:1256:14)
    at Module._compile (C:\Users\echk1\OneDrive\바탕 화면\team\back\node_modules\pirates\lib\index.js:117:24)
    at Module._extensions..js (node:internal/modules/cjs/loader:1310:10)
    at Object.newLoader [as .js] (C:\Users\echk1\OneDrive\바탕 화면\team\back\node_modules\pirates\lib\index.js:121:7)
    at Module.load (node:internal/modules/cjs/loader:1119:32)
    at Function.Module._load (node:internal/modules/cjs/loader:960:12)
    at Module.require (node:internal/modules/cjs/loader:1143:19)
    at require (node:internal/modules/cjs/helpers:110:18)
    at Object.<anonymous> (C:\Users\echk1\OneDrive\바탕 화면\team\back\src\controllers\/reviewController.js:1:31)
    at Module._compile (node:internal/modules/cjs/loader:1256:14)
    at Module._compile (C:\Users\echk1\OneDrive\바탕 화면\team\back\node_modules\pirates\lib\index.js:117:24)
    at Module._extensions..js (node:internal/modules/cjs/loader:1310:10)
    at Object.newLoader [as .js] (C:\Users\echk1\OneDrive\바탕 화면\team\back\node_modules\pirates\lib\index.js:121:7)
    at Module.load (node:internal/modules/cjs/loader:1119:32)
    at Function.Module._load (node:internal/modules/cjs/loader:960:12)
    at Module.require (node:internal/modules/cjs/loader:1143:19)
    at require (node:internal/modules/cjs/helpers:110:18)
    at Object.<anonymous> (C:\Users\echk1\OneDrive\바탕 화면\team\back\src\routes\/review.routes.js:7:5)
    at Module._compile (node:internal/modules/cjs/loader:1256:14)
    at Module._compile (C:\Users\echk1\OneDrive\바탕 화면\team\back\node_modules\pirates\lib\index.js:117:24)
    at Module._extensions..js (node:internal/modules/cjs/loader:1310:10)
    at Object.newLoader [as .js] (C:\Users\echk1\OneDrive\바탕 화면\team\back\node_modules\pirates\lib\index.js:121:7)
    at Module.load (node:internal/modules/cjs/loader:1119:32)
    at Function.Module._load (node:internal/modules/cjs/loader:960:12)
    at Module.require (node:internal/modules/cjs/loader:1143:19)
    at require (node:internal/modules/cjs/helpers:110:18)
    at Object.<anonymous> (C:\Users\echk1\OneDrive\바탕 화면\team\back\src\/app.js:3:1)
    at Module._compile (node:internal/modules/cjs/loader:1256:14)
    at Module._compile (C:\Users\echk1\OneDrive\바탕 화면\team\back\node_modules\pirates\lib\index.js:117:24)
    at Module._extensions..js (node:internal/modules/cjs/loader:1310:10)
    at Object.newLoader [as .js] (C:\Users\echk1\OneDrive\바탕 화면\team\back\node_modules\pirates\lib\index.js:121:7)
    at Module.load (node:internal/modules/cjs/loader:1119:32)
    at Function.Module._load (node:internal/modules/cjs/loader:960:12)
    at Module.require (node:internal/modules/cjs/loader:1143:19)
    at require (node:internal/modules/cjs/helpers:110:18)
    at Object.<anonymous> (C:\Users\echk1\OneDrive\바탕 화면\team\back\/index.js:2:1)
    at Module._compile (node:internal/modules/cjs/loader:1256:14)
    at Module._compile (C:\Users\echk1\OneDrive\바탕 화면\team\back\node_modules\pirates\lib\index.js:117:24)
    at Module._extensions..js (node:internal/modules/cjs/loader:1310:10)
    at Object.newLoader [as .js] (C:\Users\echk1\OneDrive\바탕 화면\team\back\node_modules\pirates\lib\index.js:121:7)
    at Module.load (node:internal/modules/cjs/loader:1119:32)
    at Function.Module._load (node:internal/modules/cjs/loader:960:12)
    at Function.runMain (node:internal/modules/run_main:81:12)
    at Object.<anonymous> (C:\Users\echk1\OneDrive\바탕 화면\team\back\node_modules\@babel\node\src\_babel-node.ts:222:12)
    at Module._compile (node:internal/modules/cjs/loader:1256:14)
    at Object.Module._extensions..js (node:internal/modules/cjs/loader:1310:10)
    at Module.load (node:internal/modules/cjs/loader:1119:32)
    at Function.Module._load (node:internal/modules/cjs/loader:960:12)
    at Function.executeUserEntryPoint [as runMain] (node:internal/modules/run_main:81:12)
2023-08-14 17:15:02 error: uncaughtException: Cannot find module './routes/review.routes'
Require stack:
- C:\Users\echk1\OneDrive\바탕 화면\team\back\src\app.js
- C:\Users\echk1\OneDrive\바탕 화면\team\back\index.js
Error: Cannot find module './routes/review.routes'
Require stack:
- C:\Users\echk1\OneDrive\바탕 화면\team\back\src\app.js
- C:\Users\echk1\OneDrive\바탕 화면\team\back\index.js
    at Function.Module._resolveFilename (node:internal/modules/cjs/loader:1077:15)
    at Function.Module._load (node:internal/modules/cjs/loader:922:27)
    at Module.require (node:internal/modules/cjs/loader:1143:19)
    at require (node:internal/modules/cjs/helpers:110:18)
    at Object.<anonymous> (C:\Users\echk1\OneDrive\바탕 화면\team\back\src\/app.js:3:1)
    at Module._compile (node:internal/modules/cjs/loader:1256:14)
    at Module._compile (C:\Users\echk1\OneDrive\바탕 화면\team\back\node_modules\pirates\lib\index.js:117:24)
    at Module._extensions..js (node:internal/modules/cjs/loader:1310:10)
    at Object.newLoader [as .js] (C:\Users\echk1\OneDrive\바탕 화면\team\back\node_modules\pirates\lib\index.js:121:7)
    at Module.load (node:internal/modules/cjs/loader:1119:32)
2023-08-14 17:15:57 error: uncaughtException: res is not defined
ReferenceError: res is not defined
    at Object.<anonymous> (C:\Users\echk1\OneDrive\바탕 화면\team\back\src\services\/reviewService.js:28:40)
    at Module._compile (node:internal/modules/cjs/loader:1256:14)
    at Module._compile (C:\Users\echk1\OneDrive\바탕 화면\team\back\node_modules\pirates\lib\index.js:117:24)
    at Module._extensions..js (node:internal/modules/cjs/loader:1310:10)
    at Object.newLoader [as .js] (C:\Users\echk1\OneDrive\바탕 화면\team\back\node_modules\pirates\lib\index.js:121:7)
    at Module.load (node:internal/modules/cjs/loader:1119:32)
    at Function.Module._load (node:internal/modules/cjs/loader:960:12)
    at Module.require (node:internal/modules/cjs/loader:1143:19)
    at require (node:internal/modules/cjs/helpers:110:18)
    at Object.<anonymous> (C:\Users\echk1\OneDrive\바탕 화면\team\back\src\controllers\/reviewController.js:1:31)
    at Module._compile (node:internal/modules/cjs/loader:1256:14)
    at Module._compile (C:\Users\echk1\OneDrive\바탕 화면\team\back\node_modules\pirates\lib\index.js:117:24)
    at Module._extensions..js (node:internal/modules/cjs/loader:1310:10)
    at Object.newLoader [as .js] (C:\Users\echk1\OneDrive\바탕 화면\team\back\node_modules\pirates\lib\index.js:121:7)
    at Module.load (node:internal/modules/cjs/loader:1119:32)
    at Function.Module._load (node:internal/modules/cjs/loader:960:12)
    at Module.require (node:internal/modules/cjs/loader:1143:19)
    at require (node:internal/modules/cjs/helpers:110:18)
    at Object.<anonymous> (C:\Users\echk1\OneDrive\바탕 화면\team\back\src\routes\/reviewRouter.js:7:5)
    at Module._compile (node:internal/modules/cjs/loader:1256:14)
    at Module._compile (C:\Users\echk1\OneDrive\바탕 화면\team\back\node_modules\pirates\lib\index.js:117:24)
    at Module._extensions..js (node:internal/modules/cjs/loader:1310:10)
    at Object.newLoader [as .js] (C:\Users\echk1\OneDrive\바탕 화면\team\back\node_modules\pirates\lib\index.js:121:7)
    at Module.load (node:internal/modules/cjs/loader:1119:32)
    at Function.Module._load (node:internal/modules/cjs/loader:960:12)
    at Module.require (node:internal/modules/cjs/loader:1143:19)
    at require (node:internal/modules/cjs/helpers:110:18)
    at Object.<anonymous> (C:\Users\echk1\OneDrive\바탕 화면\team\back\src\/app.js:3:24)
    at Module._compile (node:internal/modules/cjs/loader:1256:14)
    at Module._compile (C:\Users\echk1\OneDrive\바탕 화면\team\back\node_modules\pirates\lib\index.js:117:24)
    at Module._extensions..js (node:internal/modules/cjs/loader:1310:10)
    at Object.newLoader [as .js] (C:\Users\echk1\OneDrive\바탕 화면\team\back\node_modules\pirates\lib\index.js:121:7)
    at Module.load (node:internal/modules/cjs/loader:1119:32)
    at Function.Module._load (node:internal/modules/cjs/loader:960:12)
    at Module.require (node:internal/modules/cjs/loader:1143:19)
    at require (node:internal/modules/cjs/helpers:110:18)
    at Object.<anonymous> (C:\Users\echk1\OneDrive\바탕 화면\team\back\/index.js:2:1)
    at Module._compile (node:internal/modules/cjs/loader:1256:14)
    at Module._compile (C:\Users\echk1\OneDrive\바탕 화면\team\back\node_modules\pirates\lib\index.js:117:24)
    at Module._extensions..js (node:internal/modules/cjs/loader:1310:10)
    at Object.newLoader [as .js] (C:\Users\echk1\OneDrive\바탕 화면\team\back\node_modules\pirates\lib\index.js:121:7)
    at Module.load (node:internal/modules/cjs/loader:1119:32)
    at Function.Module._load (node:internal/modules/cjs/loader:960:12)
    at Function.runMain (node:internal/modules/run_main:81:12)
    at Object.<anonymous> (C:\Users\echk1\OneDrive\바탕 화면\team\back\node_modules\@babel\node\src\_babel-node.ts:222:12)
    at Module._compile (node:internal/modules/cjs/loader:1256:14)
    at Object.Module._extensions..js (node:internal/modules/cjs/loader:1310:10)
    at Module.load (node:internal/modules/cjs/loader:1119:32)
    at Function.Module._load (node:internal/modules/cjs/loader:960:12)
    at Function.executeUserEntryPoint [as runMain] (node:internal/modules/run_main:81:12)
2023-08-14 17:16:14 error: uncaughtException: res is not defined
ReferenceError: res is not defined
    at Object.<anonymous> (C:\Users\echk1\OneDrive\바탕 화면\team\back\src\services\/reviewService.js:28:40)
    at Module._compile (node:internal/modules/cjs/loader:1256:14)
    at Module._compile (C:\Users\echk1\OneDrive\바탕 화면\team\back\node_modules\pirates\lib\index.js:117:24)
    at Module._extensions..js (node:internal/modules/cjs/loader:1310:10)
    at Object.newLoader [as .js] (C:\Users\echk1\OneDrive\바탕 화면\team\back\node_modules\pirates\lib\index.js:121:7)
    at Module.load (node:internal/modules/cjs/loader:1119:32)
    at Function.Module._load (node:internal/modules/cjs/loader:960:12)
    at Module.require (node:internal/modules/cjs/loader:1143:19)
    at require (node:internal/modules/cjs/helpers:110:18)
    at Object.<anonymous> (C:\Users\echk1\OneDrive\바탕 화면\team\back\src\controllers\/reviewController.js:1:31)
    at Module._compile (node:internal/modules/cjs/loader:1256:14)
    at Module._compile (C:\Users\echk1\OneDrive\바탕 화면\team\back\node_modules\pirates\lib\index.js:117:24)
    at Module._extensions..js (node:internal/modules/cjs/loader:1310:10)
    at Object.newLoader [as .js] (C:\Users\echk1\OneDrive\바탕 화면\team\back\node_modules\pirates\lib\index.js:121:7)
    at Module.load (node:internal/modules/cjs/loader:1119:32)
    at Function.Module._load (node:internal/modules/cjs/loader:960:12)
    at Module.require (node:internal/modules/cjs/loader:1143:19)
    at require (node:internal/modules/cjs/helpers:110:18)
    at Object.<anonymous> (C:\Users\echk1\OneDrive\바탕 화면\team\back\src\routes\/reviewRouter.js:7:5)
    at Module._compile (node:internal/modules/cjs/loader:1256:14)
    at Module._compile (C:\Users\echk1\OneDrive\바탕 화면\team\back\node_modules\pirates\lib\index.js:117:24)
    at Module._extensions..js (node:internal/modules/cjs/loader:1310:10)
    at Object.newLoader [as .js] (C:\Users\echk1\OneDrive\바탕 화면\team\back\node_modules\pirates\lib\index.js:121:7)
    at Module.load (node:internal/modules/cjs/loader:1119:32)
    at Function.Module._load (node:internal/modules/cjs/loader:960:12)
    at Module.require (node:internal/modules/cjs/loader:1143:19)
    at require (node:internal/modules/cjs/helpers:110:18)
    at Object.<anonymous> (C:\Users\echk1\OneDrive\바탕 화면\team\back\src\/app.js:3:26)
    at Module._compile (node:internal/modules/cjs/loader:1256:14)
    at Module._compile (C:\Users\echk1\OneDrive\바탕 화면\team\back\node_modules\pirates\lib\index.js:117:24)
    at Module._extensions..js (node:internal/modules/cjs/loader:1310:10)
    at Object.newLoader [as .js] (C:\Users\echk1\OneDrive\바탕 화면\team\back\node_modules\pirates\lib\index.js:121:7)
    at Module.load (node:internal/modules/cjs/loader:1119:32)
    at Function.Module._load (node:internal/modules/cjs/loader:960:12)
    at Module.require (node:internal/modules/cjs/loader:1143:19)
    at require (node:internal/modules/cjs/helpers:110:18)
    at Object.<anonymous> (C:\Users\echk1\OneDrive\바탕 화면\team\back\/index.js:2:1)
    at Module._compile (node:internal/modules/cjs/loader:1256:14)
    at Module._compile (C:\Users\echk1\OneDrive\바탕 화면\team\back\node_modules\pirates\lib\index.js:117:24)
    at Module._extensions..js (node:internal/modules/cjs/loader:1310:10)
    at Object.newLoader [as .js] (C:\Users\echk1\OneDrive\바탕 화면\team\back\node_modules\pirates\lib\index.js:121:7)
    at Module.load (node:internal/modules/cjs/loader:1119:32)
    at Function.Module._load (node:internal/modules/cjs/loader:960:12)
    at Function.runMain (node:internal/modules/run_main:81:12)
    at Object.<anonymous> (C:\Users\echk1\OneDrive\바탕 화면\team\back\node_modules\@babel\node\src\_babel-node.ts:222:12)
    at Module._compile (node:internal/modules/cjs/loader:1256:14)
    at Object.Module._extensions..js (node:internal/modules/cjs/loader:1310:10)
    at Module.load (node:internal/modules/cjs/loader:1119:32)
    at Function.Module._load (node:internal/modules/cjs/loader:960:12)
    at Function.executeUserEntryPoint [as runMain] (node:internal/modules/run_main:81:12)
2023-08-14 17:16:37 error: uncaughtException: reviewRouter is not defined
ReferenceError: reviewRouter is not defined
    at Object.<anonymous> (C:\Users\echk1\OneDrive\바탕 화면\team\back\src\/app.js:27:20)
    at Module._compile (node:internal/modules/cjs/loader:1256:14)
    at Module._compile (C:\Users\echk1\OneDrive\바탕 화면\team\back\node_modules\pirates\lib\index.js:117:24)
    at Module._extensions..js (node:internal/modules/cjs/loader:1310:10)
    at Object.newLoader [as .js] (C:\Users\echk1\OneDrive\바탕 화면\team\back\node_modules\pirates\lib\index.js:121:7)
    at Module.load (node:internal/modules/cjs/loader:1119:32)
    at Function.Module._load (node:internal/modules/cjs/loader:960:12)
    at Module.require (node:internal/modules/cjs/loader:1143:19)
    at require (node:internal/modules/cjs/helpers:110:18)
    at Object.<anonymous> (C:\Users\echk1\OneDrive\바탕 화면\team\back\/index.js:2:1)
    at Module._compile (node:internal/modules/cjs/loader:1256:14)
    at Module._compile (C:\Users\echk1\OneDrive\바탕 화면\team\back\node_modules\pirates\lib\index.js:117:24)
    at Module._extensions..js (node:internal/modules/cjs/loader:1310:10)
    at Object.newLoader [as .js] (C:\Users\echk1\OneDrive\바탕 화면\team\back\node_modules\pirates\lib\index.js:121:7)
    at Module.load (node:internal/modules/cjs/loader:1119:32)
    at Function.Module._load (node:internal/modules/cjs/loader:960:12)
    at Function.runMain (node:internal/modules/run_main:81:12)
    at Object.<anonymous> (C:\Users\echk1\OneDrive\바탕 화면\team\back\node_modules\@babel\node\src\_babel-node.ts:222:12)
    at Module._compile (node:internal/modules/cjs/loader:1256:14)
    at Object.Module._extensions..js (node:internal/modules/cjs/loader:1310:10)
    at Module.load (node:internal/modules/cjs/loader:1119:32)
    at Function.Module._load (node:internal/modules/cjs/loader:960:12)
    at Function.executeUserEntryPoint [as runMain] (node:internal/modules/run_main:81:12)
    at node:internal/main/run_main_module:23:47
2023-08-14 17:18:09 error: uncaughtException: res is not defined
ReferenceError: res is not defined
    at Object.<anonymous> (C:\Users\echk1\OneDrive\바탕 화면\team\back\src\services\/reviewService.js:28:40)
    at Module._compile (node:internal/modules/cjs/loader:1256:14)
    at Module._compile (C:\Users\echk1\OneDrive\바탕 화면\team\back\node_modules\pirates\lib\index.js:117:24)
    at Module._extensions..js (node:internal/modules/cjs/loader:1310:10)
    at Object.newLoader [as .js] (C:\Users\echk1\OneDrive\바탕 화면\team\back\node_modules\pirates\lib\index.js:121:7)
    at Module.load (node:internal/modules/cjs/loader:1119:32)
    at Function.Module._load (node:internal/modules/cjs/loader:960:12)
    at Module.require (node:internal/modules/cjs/loader:1143:19)
    at require (node:internal/modules/cjs/helpers:110:18)
    at Object.<anonymous> (C:\Users\echk1\OneDrive\바탕 화면\team\back\src\controllers\/reviewController.js:1:31)
    at Module._compile (node:internal/modules/cjs/loader:1256:14)
    at Module._compile (C:\Users\echk1\OneDrive\바탕 화면\team\back\node_modules\pirates\lib\index.js:117:24)
    at Module._extensions..js (node:internal/modules/cjs/loader:1310:10)
    at Object.newLoader [as .js] (C:\Users\echk1\OneDrive\바탕 화면\team\back\node_modules\pirates\lib\index.js:121:7)
    at Module.load (node:internal/modules/cjs/loader:1119:32)
    at Function.Module._load (node:internal/modules/cjs/loader:960:12)
    at Module.require (node:internal/modules/cjs/loader:1143:19)
    at require (node:internal/modules/cjs/helpers:110:18)
    at Object.<anonymous> (C:\Users\echk1\OneDrive\바탕 화면\team\back\src\routes\/reviewRouter.js:7:5)
    at Module._compile (node:internal/modules/cjs/loader:1256:14)
    at Module._compile (C:\Users\echk1\OneDrive\바탕 화면\team\back\node_modules\pirates\lib\index.js:117:24)
    at Module._extensions..js (node:internal/modules/cjs/loader:1310:10)
    at Object.newLoader [as .js] (C:\Users\echk1\OneDrive\바탕 화면\team\back\node_modules\pirates\lib\index.js:121:7)
    at Module.load (node:internal/modules/cjs/loader:1119:32)
    at Function.Module._load (node:internal/modules/cjs/loader:960:12)
    at Module.require (node:internal/modules/cjs/loader:1143:19)
    at require (node:internal/modules/cjs/helpers:110:18)
    at Object.<anonymous> (C:\Users\echk1\OneDrive\바탕 화면\team\back\src\/app.js:3:1)
    at Module._compile (node:internal/modules/cjs/loader:1256:14)
    at Module._compile (C:\Users\echk1\OneDrive\바탕 화면\team\back\node_modules\pirates\lib\index.js:117:24)
    at Module._extensions..js (node:internal/modules/cjs/loader:1310:10)
    at Object.newLoader [as .js] (C:\Users\echk1\OneDrive\바탕 화면\team\back\node_modules\pirates\lib\index.js:121:7)
    at Module.load (node:internal/modules/cjs/loader:1119:32)
    at Function.Module._load (node:internal/modules/cjs/loader:960:12)
    at Module.require (node:internal/modules/cjs/loader:1143:19)
    at require (node:internal/modules/cjs/helpers:110:18)
    at Object.<anonymous> (C:\Users\echk1\OneDrive\바탕 화면\team\back\/index.js:2:1)
    at Module._compile (node:internal/modules/cjs/loader:1256:14)
    at Module._compile (C:\Users\echk1\OneDrive\바탕 화면\team\back\node_modules\pirates\lib\index.js:117:24)
    at Module._extensions..js (node:internal/modules/cjs/loader:1310:10)
    at Object.newLoader [as .js] (C:\Users\echk1\OneDrive\바탕 화면\team\back\node_modules\pirates\lib\index.js:121:7)
    at Module.load (node:internal/modules/cjs/loader:1119:32)
    at Function.Module._load (node:internal/modules/cjs/loader:960:12)
    at Function.runMain (node:internal/modules/run_main:81:12)
    at Object.<anonymous> (C:\Users\echk1\OneDrive\바탕 화면\team\back\node_modules\@babel\node\src\_babel-node.ts:222:12)
    at Module._compile (node:internal/modules/cjs/loader:1256:14)
    at Object.Module._extensions..js (node:internal/modules/cjs/loader:1310:10)
    at Module.load (node:internal/modules/cjs/loader:1119:32)
    at Function.Module._load (node:internal/modules/cjs/loader:960:12)
    at Function.executeUserEntryPoint [as runMain] (node:internal/modules/run_main:81:12)
2023-08-14 17:18:16 error: uncaughtException: res is not defined
ReferenceError: res is not defined
    at Object.<anonymous> (C:\Users\echk1\OneDrive\바탕 화면\team\back\src\services\/reviewService.js:28:40)
    at Module._compile (node:internal/modules/cjs/loader:1256:14)
    at Module._compile (C:\Users\echk1\OneDrive\바탕 화면\team\back\node_modules\pirates\lib\index.js:117:24)
    at Module._extensions..js (node:internal/modules/cjs/loader:1310:10)
    at Object.newLoader [as .js] (C:\Users\echk1\OneDrive\바탕 화면\team\back\node_modules\pirates\lib\index.js:121:7)
    at Module.load (node:internal/modules/cjs/loader:1119:32)
    at Function.Module._load (node:internal/modules/cjs/loader:960:12)
    at Module.require (node:internal/modules/cjs/loader:1143:19)
    at require (node:internal/modules/cjs/helpers:110:18)
    at Object.<anonymous> (C:\Users\echk1\OneDrive\바탕 화면\team\back\src\controllers\/reviewController.js:1:31)
    at Module._compile (node:internal/modules/cjs/loader:1256:14)
    at Module._compile (C:\Users\echk1\OneDrive\바탕 화면\team\back\node_modules\pirates\lib\index.js:117:24)
    at Module._extensions..js (node:internal/modules/cjs/loader:1310:10)
    at Object.newLoader [as .js] (C:\Users\echk1\OneDrive\바탕 화면\team\back\node_modules\pirates\lib\index.js:121:7)
    at Module.load (node:internal/modules/cjs/loader:1119:32)
    at Function.Module._load (node:internal/modules/cjs/loader:960:12)
    at Module.require (node:internal/modules/cjs/loader:1143:19)
    at require (node:internal/modules/cjs/helpers:110:18)
    at Object.<anonymous> (C:\Users\echk1\OneDrive\바탕 화면\team\back\src\routes\/reviewRouter.js:7:5)
    at Module._compile (node:internal/modules/cjs/loader:1256:14)
    at Module._compile (C:\Users\echk1\OneDrive\바탕 화면\team\back\node_modules\pirates\lib\index.js:117:24)
    at Module._extensions..js (node:internal/modules/cjs/loader:1310:10)
    at Object.newLoader [as .js] (C:\Users\echk1\OneDrive\바탕 화면\team\back\node_modules\pirates\lib\index.js:121:7)
    at Module.load (node:internal/modules/cjs/loader:1119:32)
    at Function.Module._load (node:internal/modules/cjs/loader:960:12)
    at Module.require (node:internal/modules/cjs/loader:1143:19)
    at require (node:internal/modules/cjs/helpers:110:18)
    at Object.<anonymous> (C:\Users\echk1\OneDrive\바탕 화면\team\back\src\/app.js:3:1)
    at Module._compile (node:internal/modules/cjs/loader:1256:14)
    at Module._compile (C:\Users\echk1\OneDrive\바탕 화면\team\back\node_modules\pirates\lib\index.js:117:24)
    at Module._extensions..js (node:internal/modules/cjs/loader:1310:10)
    at Object.newLoader [as .js] (C:\Users\echk1\OneDrive\바탕 화면\team\back\node_modules\pirates\lib\index.js:121:7)
    at Module.load (node:internal/modules/cjs/loader:1119:32)
    at Function.Module._load (node:internal/modules/cjs/loader:960:12)
    at Module.require (node:internal/modules/cjs/loader:1143:19)
    at require (node:internal/modules/cjs/helpers:110:18)
    at Object.<anonymous> (C:\Users\echk1\OneDrive\바탕 화면\team\back\/index.js:2:1)
    at Module._compile (node:internal/modules/cjs/loader:1256:14)
    at Module._compile (C:\Users\echk1\OneDrive\바탕 화면\team\back\node_modules\pirates\lib\index.js:117:24)
    at Module._extensions..js (node:internal/modules/cjs/loader:1310:10)
    at Object.newLoader [as .js] (C:\Users\echk1\OneDrive\바탕 화면\team\back\node_modules\pirates\lib\index.js:121:7)
    at Module.load (node:internal/modules/cjs/loader:1119:32)
    at Function.Module._load (node:internal/modules/cjs/loader:960:12)
    at Function.runMain (node:internal/modules/run_main:81:12)
    at Object.<anonymous> (C:\Users\echk1\OneDrive\바탕 화면\team\back\node_modules\@babel\node\src\_babel-node.ts:222:12)
    at Module._compile (node:internal/modules/cjs/loader:1256:14)
    at Object.Module._extensions..js (node:internal/modules/cjs/loader:1310:10)
    at Module.load (node:internal/modules/cjs/loader:1119:32)
    at Function.Module._load (node:internal/modules/cjs/loader:960:12)
    at Function.executeUserEntryPoint [as runMain] (node:internal/modules/run_main:81:12)
2023-08-14 17:24:56 error: uncaughtException: res is not defined
ReferenceError: res is not defined
    at Object.<anonymous> (C:\Users\echk1\OneDrive\바탕 화면\team\back\src\services\/reviewService.js:28:40)
    at Module._compile (node:internal/modules/cjs/loader:1256:14)
    at Module._compile (C:\Users\echk1\OneDrive\바탕 화면\team\back\node_modules\pirates\lib\index.js:117:24)
    at Module._extensions..js (node:internal/modules/cjs/loader:1310:10)
    at Object.newLoader [as .js] (C:\Users\echk1\OneDrive\바탕 화면\team\back\node_modules\pirates\lib\index.js:121:7)
    at Module.load (node:internal/modules/cjs/loader:1119:32)
    at Function.Module._load (node:internal/modules/cjs/loader:960:12)
    at Module.require (node:internal/modules/cjs/loader:1143:19)
    at require (node:internal/modules/cjs/helpers:110:18)
    at Object.<anonymous> (C:\Users\echk1\OneDrive\바탕 화면\team\back\src\controllers\/reviewController.js:1:31)
    at Module._compile (node:internal/modules/cjs/loader:1256:14)
    at Module._compile (C:\Users\echk1\OneDrive\바탕 화면\team\back\node_modules\pirates\lib\index.js:117:24)
    at Module._extensions..js (node:internal/modules/cjs/loader:1310:10)
    at Object.newLoader [as .js] (C:\Users\echk1\OneDrive\바탕 화면\team\back\node_modules\pirates\lib\index.js:121:7)
    at Module.load (node:internal/modules/cjs/loader:1119:32)
    at Function.Module._load (node:internal/modules/cjs/loader:960:12)
    at Module.require (node:internal/modules/cjs/loader:1143:19)
    at require (node:internal/modules/cjs/helpers:110:18)
    at Object.<anonymous> (C:\Users\echk1\OneDrive\바탕 화면\team\back\src\routes\/reviewRouter.js:7:5)
    at Module._compile (node:internal/modules/cjs/loader:1256:14)
    at Module._compile (C:\Users\echk1\OneDrive\바탕 화면\team\back\node_modules\pirates\lib\index.js:117:24)
    at Module._extensions..js (node:internal/modules/cjs/loader:1310:10)
    at Object.newLoader [as .js] (C:\Users\echk1\OneDrive\바탕 화면\team\back\node_modules\pirates\lib\index.js:121:7)
    at Module.load (node:internal/modules/cjs/loader:1119:32)
    at Function.Module._load (node:internal/modules/cjs/loader:960:12)
    at Module.require (node:internal/modules/cjs/loader:1143:19)
    at require (node:internal/modules/cjs/helpers:110:18)
    at Object.<anonymous> (C:\Users\echk1\OneDrive\바탕 화면\team\back\src\/app.js:3:1)
    at Module._compile (node:internal/modules/cjs/loader:1256:14)
    at Module._compile (C:\Users\echk1\OneDrive\바탕 화면\team\back\node_modules\pirates\lib\index.js:117:24)
    at Module._extensions..js (node:internal/modules/cjs/loader:1310:10)
    at Object.newLoader [as .js] (C:\Users\echk1\OneDrive\바탕 화면\team\back\node_modules\pirates\lib\index.js:121:7)
    at Module.load (node:internal/modules/cjs/loader:1119:32)
    at Function.Module._load (node:internal/modules/cjs/loader:960:12)
    at Module.require (node:internal/modules/cjs/loader:1143:19)
    at require (node:internal/modules/cjs/helpers:110:18)
    at Object.<anonymous> (C:\Users\echk1\OneDrive\바탕 화면\team\back\/index.js:2:1)
    at Module._compile (node:internal/modules/cjs/loader:1256:14)
    at Module._compile (C:\Users\echk1\OneDrive\바탕 화면\team\back\node_modules\pirates\lib\index.js:117:24)
    at Module._extensions..js (node:internal/modules/cjs/loader:1310:10)
    at Object.newLoader [as .js] (C:\Users\echk1\OneDrive\바탕 화면\team\back\node_modules\pirates\lib\index.js:121:7)
    at Module.load (node:internal/modules/cjs/loader:1119:32)
    at Function.Module._load (node:internal/modules/cjs/loader:960:12)
    at Function.runMain (node:internal/modules/run_main:81:12)
    at Object.<anonymous> (C:\Users\echk1\OneDrive\바탕 화면\team\back\node_modules\@babel\node\src\_babel-node.ts:222:12)
    at Module._compile (node:internal/modules/cjs/loader:1256:14)
    at Object.Module._extensions..js (node:internal/modules/cjs/loader:1310:10)
    at Module.load (node:internal/modules/cjs/loader:1119:32)
    at Function.Module._load (node:internal/modules/cjs/loader:960:12)
    at Function.executeUserEntryPoint [as runMain] (node:internal/modules/run_main:81:12)
2023-08-14 17:25:09 error: uncaughtException: res is not defined
ReferenceError: res is not defined
    at Object.<anonymous> (C:\Users\echk1\OneDrive\바탕 화면\team\back\src\services\/reviewService.js:28:40)
    at Module._compile (node:internal/modules/cjs/loader:1256:14)
    at Module._compile (C:\Users\echk1\OneDrive\바탕 화면\team\back\node_modules\pirates\lib\index.js:117:24)
    at Module._extensions..js (node:internal/modules/cjs/loader:1310:10)
    at Object.newLoader [as .js] (C:\Users\echk1\OneDrive\바탕 화면\team\back\node_modules\pirates\lib\index.js:121:7)
    at Module.load (node:internal/modules/cjs/loader:1119:32)
    at Function.Module._load (node:internal/modules/cjs/loader:960:12)
    at Module.require (node:internal/modules/cjs/loader:1143:19)
    at require (node:internal/modules/cjs/helpers:110:18)
    at Object.<anonymous> (C:\Users\echk1\OneDrive\바탕 화면\team\back\src\controllers\/reviewController.js:1:31)
    at Module._compile (node:internal/modules/cjs/loader:1256:14)
    at Module._compile (C:\Users\echk1\OneDrive\바탕 화면\team\back\node_modules\pirates\lib\index.js:117:24)
    at Module._extensions..js (node:internal/modules/cjs/loader:1310:10)
    at Object.newLoader [as .js] (C:\Users\echk1\OneDrive\바탕 화면\team\back\node_modules\pirates\lib\index.js:121:7)
    at Module.load (node:internal/modules/cjs/loader:1119:32)
    at Function.Module._load (node:internal/modules/cjs/loader:960:12)
    at Module.require (node:internal/modules/cjs/loader:1143:19)
    at require (node:internal/modules/cjs/helpers:110:18)
    at Object.<anonymous> (C:\Users\echk1\OneDrive\바탕 화면\team\back\src\routes\/reviewRouter.js:7:5)
    at Module._compile (node:internal/modules/cjs/loader:1256:14)
    at Module._compile (C:\Users\echk1\OneDrive\바탕 화면\team\back\node_modules\pirates\lib\index.js:117:24)
    at Module._extensions..js (node:internal/modules/cjs/loader:1310:10)
    at Object.newLoader [as .js] (C:\Users\echk1\OneDrive\바탕 화면\team\back\node_modules\pirates\lib\index.js:121:7)
    at Module.load (node:internal/modules/cjs/loader:1119:32)
    at Function.Module._load (node:internal/modules/cjs/loader:960:12)
    at Module.require (node:internal/modules/cjs/loader:1143:19)
    at require (node:internal/modules/cjs/helpers:110:18)
    at Object.<anonymous> (C:\Users\echk1\OneDrive\바탕 화면\team\back\src\/app.js:3:1)
    at Module._compile (node:internal/modules/cjs/loader:1256:14)
    at Module._compile (C:\Users\echk1\OneDrive\바탕 화면\team\back\node_modules\pirates\lib\index.js:117:24)
    at Module._extensions..js (node:internal/modules/cjs/loader:1310:10)
    at Object.newLoader [as .js] (C:\Users\echk1\OneDrive\바탕 화면\team\back\node_modules\pirates\lib\index.js:121:7)
    at Module.load (node:internal/modules/cjs/loader:1119:32)
    at Function.Module._load (node:internal/modules/cjs/loader:960:12)
    at Module.require (node:internal/modules/cjs/loader:1143:19)
    at require (node:internal/modules/cjs/helpers:110:18)
    at Object.<anonymous> (C:\Users\echk1\OneDrive\바탕 화면\team\back\/index.js:2:1)
    at Module._compile (node:internal/modules/cjs/loader:1256:14)
    at Module._compile (C:\Users\echk1\OneDrive\바탕 화면\team\back\node_modules\pirates\lib\index.js:117:24)
    at Module._extensions..js (node:internal/modules/cjs/loader:1310:10)
    at Object.newLoader [as .js] (C:\Users\echk1\OneDrive\바탕 화면\team\back\node_modules\pirates\lib\index.js:121:7)
    at Module.load (node:internal/modules/cjs/loader:1119:32)
    at Function.Module._load (node:internal/modules/cjs/loader:960:12)
    at Function.runMain (node:internal/modules/run_main:81:12)
    at Object.<anonymous> (C:\Users\echk1\OneDrive\바탕 화면\team\back\node_modules\@babel\node\src\_babel-node.ts:222:12)
    at Module._compile (node:internal/modules/cjs/loader:1256:14)
    at Object.Module._extensions..js (node:internal/modules/cjs/loader:1310:10)
    at Module.load (node:internal/modules/cjs/loader:1119:32)
    at Function.Module._load (node:internal/modules/cjs/loader:960:12)
    at Function.executeUserEntryPoint [as runMain] (node:internal/modules/run_main:81:12)
2023-08-14 17:26:07 error: uncaughtException: Cannot find module './Routers/reviewRouter'
Require stack:
- C:\Users\echk1\OneDrive\바탕 화면\team\back\src\app.js
- C:\Users\echk1\OneDrive\바탕 화면\team\back\index.js
Error: Cannot find module './Routers/reviewRouter'
Require stack:
- C:\Users\echk1\OneDrive\바탕 화면\team\back\src\app.js
- C:\Users\echk1\OneDrive\바탕 화면\team\back\index.js
    at Function.Module._resolveFilename (node:internal/modules/cjs/loader:1077:15)
    at Function.Module._load (node:internal/modules/cjs/loader:922:27)
    at Module.require (node:internal/modules/cjs/loader:1143:19)
    at require (node:internal/modules/cjs/helpers:110:18)
    at Object.<anonymous> (C:\Users\echk1\OneDrive\바탕 화면\team\back\src\/app.js:3:26)
    at Module._compile (node:internal/modules/cjs/loader:1256:14)
    at Module._compile (C:\Users\echk1\OneDrive\바탕 화면\team\back\node_modules\pirates\lib\index.js:117:24)
    at Module._extensions..js (node:internal/modules/cjs/loader:1310:10)
    at Object.newLoader [as .js] (C:\Users\echk1\OneDrive\바탕 화면\team\back\node_modules\pirates\lib\index.js:121:7)
    at Module.load (node:internal/modules/cjs/loader:1119:32)
    at Function.Module._load (node:internal/modules/cjs/loader:960:12)
    at Module.require (node:internal/modules/cjs/loader:1143:19)
    at require (node:internal/modules/cjs/helpers:110:18)
    at Object.<anonymous> (C:\Users\echk1\OneDrive\바탕 화면\team\back\/index.js:2:1)
    at Module._compile (node:internal/modules/cjs/loader:1256:14)
    at Module._compile (C:\Users\echk1\OneDrive\바탕 화면\team\back\node_modules\pirates\lib\index.js:117:24)
    at Module._extensions..js (node:internal/modules/cjs/loader:1310:10)
    at Object.newLoader [as .js] (C:\Users\echk1\OneDrive\바탕 화면\team\back\node_modules\pirates\lib\index.js:121:7)
    at Module.load (node:internal/modules/cjs/loader:1119:32)
    at Function.Module._load (node:internal/modules/cjs/loader:960:12)
    at Function.runMain (node:internal/modules/run_main:81:12)
    at Object.<anonymous> (C:\Users\echk1\OneDrive\바탕 화면\team\back\node_modules\@babel\node\src\_babel-node.ts:222:12)
    at Module._compile (node:internal/modules/cjs/loader:1256:14)
    at Object.Module._extensions..js (node:internal/modules/cjs/loader:1310:10)
    at Module.load (node:internal/modules/cjs/loader:1119:32)
    at Function.Module._load (node:internal/modules/cjs/loader:960:12)
    at Function.executeUserEntryPoint [as runMain] (node:internal/modules/run_main:81:12)
    at node:internal/main/run_main_module:23:47
2023-08-14 17:27:19 error: uncaughtException: Cannot find module './Routers/reviewRouter'
Require stack:
- C:\Users\echk1\OneDrive\바탕 화면\team\back\src\app.js
- C:\Users\echk1\OneDrive\바탕 화면\team\back\index.js
Error: Cannot find module './Routers/reviewRouter'
Require stack:
- C:\Users\echk1\OneDrive\바탕 화면\team\back\src\app.js
- C:\Users\echk1\OneDrive\바탕 화면\team\back\index.js
    at Function.Module._resolveFilename (node:internal/modules/cjs/loader:1077:15)
    at Function.Module._load (node:internal/modules/cjs/loader:922:27)
    at Module.require (node:internal/modules/cjs/loader:1143:19)
    at require (node:internal/modules/cjs/helpers:110:18)
    at Object.<anonymous> (C:\Users\echk1\OneDrive\바탕 화면\team\back\src\/app.js:3:26)
    at Module._compile (node:internal/modules/cjs/loader:1256:14)
    at Module._compile (C:\Users\echk1\OneDrive\바탕 화면\team\back\node_modules\pirates\lib\index.js:117:24)
    at Module._extensions..js (node:internal/modules/cjs/loader:1310:10)
    at Object.newLoader [as .js] (C:\Users\echk1\OneDrive\바탕 화면\team\back\node_modules\pirates\lib\index.js:121:7)
    at Module.load (node:internal/modules/cjs/loader:1119:32)
2023-08-14 17:27:23 error: uncaughtException: Cannot find module './Routers/reviewRouter'
Require stack:
- C:\Users\echk1\OneDrive\바탕 화면\team\back\src\app.js
- C:\Users\echk1\OneDrive\바탕 화면\team\back\index.js
Error: Cannot find module './Routers/reviewRouter'
Require stack:
- C:\Users\echk1\OneDrive\바탕 화면\team\back\src\app.js
- C:\Users\echk1\OneDrive\바탕 화면\team\back\index.js
    at Function.Module._resolveFilename (node:internal/modules/cjs/loader:1077:15)
    at Function.Module._load (node:internal/modules/cjs/loader:922:27)
    at Module.require (node:internal/modules/cjs/loader:1143:19)
    at require (node:internal/modules/cjs/helpers:110:18)
    at Object.<anonymous> (C:\Users\echk1\OneDrive\바탕 화면\team\back\src\/app.js:3:26)
    at Module._compile (node:internal/modules/cjs/loader:1256:14)
    at Module._compile (C:\Users\echk1\OneDrive\바탕 화면\team\back\node_modules\pirates\lib\index.js:117:24)
    at Module._extensions..js (node:internal/modules/cjs/loader:1310:10)
    at Object.newLoader [as .js] (C:\Users\echk1\OneDrive\바탕 화면\team\back\node_modules\pirates\lib\index.js:121:7)
    at Module.load (node:internal/modules/cjs/loader:1119:32)
2023-08-14 17:30:30 error: uncaughtException: Cannot find module './Routers/reviewRouter'
Require stack:
- C:\Users\echk1\OneDrive\바탕 화면\team\back\src\app.js
- C:\Users\echk1\OneDrive\바탕 화면\team\back\index.js
Error: Cannot find module './Routers/reviewRouter'
Require stack:
- C:\Users\echk1\OneDrive\바탕 화면\team\back\src\app.js
- C:\Users\echk1\OneDrive\바탕 화면\team\back\index.js
    at Function.Module._resolveFilename (node:internal/modules/cjs/loader:1077:15)
    at Function.Module._load (node:internal/modules/cjs/loader:922:27)
    at Module.require (node:internal/modules/cjs/loader:1143:19)
    at require (node:internal/modules/cjs/helpers:110:18)
    at Object.<anonymous> (C:\Users\echk1\OneDrive\바탕 화면\team\back\src\/app.js:3:26)
    at Module._compile (node:internal/modules/cjs/loader:1256:14)
    at Module._compile (C:\Users\echk1\OneDrive\바탕 화면\team\back\node_modules\pirates\lib\index.js:117:24)
    at Module._extensions..js (node:internal/modules/cjs/loader:1310:10)
    at Object.newLoader [as .js] (C:\Users\echk1\OneDrive\바탕 화면\team\back\node_modules\pirates\lib\index.js:121:7)
    at Module.load (node:internal/modules/cjs/loader:1119:32)
2023-08-14 17:31:36 error: uncaughtException: Cannot find module './Routers/reviewRouter'
Require stack:
- C:\Users\echk1\OneDrive\바탕 화면\team\back\src\app.js
- C:\Users\echk1\OneDrive\바탕 화면\team\back\index.js
Error: Cannot find module './Routers/reviewRouter'
Require stack:
- C:\Users\echk1\OneDrive\바탕 화면\team\back\src\app.js
- C:\Users\echk1\OneDrive\바탕 화면\team\back\index.js
    at Function.Module._resolveFilename (node:internal/modules/cjs/loader:1077:15)
    at Function.Module._load (node:internal/modules/cjs/loader:922:27)
    at Module.require (node:internal/modules/cjs/loader:1143:19)
    at require (node:internal/modules/cjs/helpers:110:18)
    at Object.<anonymous> (C:\Users\echk1\OneDrive\바탕 화면\team\back\src\/app.js:3:1)
    at Module._compile (node:internal/modules/cjs/loader:1256:14)
    at Module._compile (C:\Users\echk1\OneDrive\바탕 화면\team\back\node_modules\pirates\lib\index.js:117:24)
    at Module._extensions..js (node:internal/modules/cjs/loader:1310:10)
    at Object.newLoader [as .js] (C:\Users\echk1\OneDrive\바탕 화면\team\back\node_modules\pirates\lib\index.js:121:7)
    at Module.load (node:internal/modules/cjs/loader:1119:32)
    at Function.Module._load (node:internal/modules/cjs/loader:960:12)
    at Module.require (node:internal/modules/cjs/loader:1143:19)
    at require (node:internal/modules/cjs/helpers:110:18)
    at Object.<anonymous> (C:\Users\echk1\OneDrive\바탕 화면\team\back\/index.js:2:1)
    at Module._compile (node:internal/modules/cjs/loader:1256:14)
    at Module._compile (C:\Users\echk1\OneDrive\바탕 화면\team\back\node_modules\pirates\lib\index.js:117:24)
    at Module._extensions..js (node:internal/modules/cjs/loader:1310:10)
    at Object.newLoader [as .js] (C:\Users\echk1\OneDrive\바탕 화면\team\back\node_modules\pirates\lib\index.js:121:7)
    at Module.load (node:internal/modules/cjs/loader:1119:32)
    at Function.Module._load (node:internal/modules/cjs/loader:960:12)
    at Function.runMain (node:internal/modules/run_main:81:12)
    at Object.<anonymous> (C:\Users\echk1\OneDrive\바탕 화면\team\back\node_modules\@babel\node\src\_babel-node.ts:222:12)
    at Module._compile (node:internal/modules/cjs/loader:1256:14)
    at Object.Module._extensions..js (node:internal/modules/cjs/loader:1310:10)
    at Module.load (node:internal/modules/cjs/loader:1119:32)
    at Function.Module._load (node:internal/modules/cjs/loader:960:12)
    at Function.executeUserEntryPoint [as runMain] (node:internal/modules/run_main:81:12)
    at node:internal/main/run_main_module:23:47
2023-08-14 17:31:55 error: uncaughtException: Cannot find module './Routers/reviewRouter'
Require stack:
- C:\Users\echk1\OneDrive\바탕 화면\team\back\src\app.js
- C:\Users\echk1\OneDrive\바탕 화면\team\back\index.js
Error: Cannot find module './Routers/reviewRouter'
Require stack:
- C:\Users\echk1\OneDrive\바탕 화면\team\back\src\app.js
- C:\Users\echk1\OneDrive\바탕 화면\team\back\index.js
    at Function.Module._resolveFilename (node:internal/modules/cjs/loader:1077:15)
    at Function.Module._load (node:internal/modules/cjs/loader:922:27)
    at Module.require (node:internal/modules/cjs/loader:1143:19)
    at require (node:internal/modules/cjs/helpers:110:18)
    at Object.<anonymous> (C:\Users\echk1\OneDrive\바탕 화면\team\back\src\/app.js:3:1)
    at Module._compile (node:internal/modules/cjs/loader:1256:14)
    at Module._compile (C:\Users\echk1\OneDrive\바탕 화면\team\back\node_modules\pirates\lib\index.js:117:24)
    at Module._extensions..js (node:internal/modules/cjs/loader:1310:10)
    at Object.newLoader [as .js] (C:\Users\echk1\OneDrive\바탕 화면\team\back\node_modules\pirates\lib\index.js:121:7)
    at Module.load (node:internal/modules/cjs/loader:1119:32)
    at Function.Module._load (node:internal/modules/cjs/loader:960:12)
    at Module.require (node:internal/modules/cjs/loader:1143:19)
    at require (node:internal/modules/cjs/helpers:110:18)
    at Object.<anonymous> (C:\Users\echk1\OneDrive\바탕 화면\team\back\/index.js:2:1)
    at Module._compile (node:internal/modules/cjs/loader:1256:14)
    at Module._compile (C:\Users\echk1\OneDrive\바탕 화면\team\back\node_modules\pirates\lib\index.js:117:24)
    at Module._extensions..js (node:internal/modules/cjs/loader:1310:10)
    at Object.newLoader [as .js] (C:\Users\echk1\OneDrive\바탕 화면\team\back\node_modules\pirates\lib\index.js:121:7)
    at Module.load (node:internal/modules/cjs/loader:1119:32)
    at Function.Module._load (node:internal/modules/cjs/loader:960:12)
    at Function.runMain (node:internal/modules/run_main:81:12)
    at Object.<anonymous> (C:\Users\echk1\OneDrive\바탕 화면\team\back\node_modules\@babel\node\src\_babel-node.ts:222:12)
    at Module._compile (node:internal/modules/cjs/loader:1256:14)
    at Object.Module._extensions..js (node:internal/modules/cjs/loader:1310:10)
    at Module.load (node:internal/modules/cjs/loader:1119:32)
    at Function.Module._load (node:internal/modules/cjs/loader:960:12)
    at Function.executeUserEntryPoint [as runMain] (node:internal/modules/run_main:81:12)
    at node:internal/main/run_main_module:23:47
2023-08-14 17:32:13 error: uncaughtException: Cannot find module './Routers/reviewRouter'
Require stack:
- C:\Users\echk1\OneDrive\바탕 화면\team\back\src\app.js
- C:\Users\echk1\OneDrive\바탕 화면\team\back\index.js
Error: Cannot find module './Routers/reviewRouter'
Require stack:
- C:\Users\echk1\OneDrive\바탕 화면\team\back\src\app.js
- C:\Users\echk1\OneDrive\바탕 화면\team\back\index.js
    at Function.Module._resolveFilename (node:internal/modules/cjs/loader:1077:15)
    at Function.Module._load (node:internal/modules/cjs/loader:922:27)
    at Module.require (node:internal/modules/cjs/loader:1143:19)
    at require (node:internal/modules/cjs/helpers:110:18)
    at Object.<anonymous> (C:\Users\echk1\OneDrive\바탕 화면\team\back\src\/app.js:3:1)
    at Module._compile (node:internal/modules/cjs/loader:1256:14)
    at Module._compile (C:\Users\echk1\OneDrive\바탕 화면\team\back\node_modules\pirates\lib\index.js:117:24)
    at Module._extensions..js (node:internal/modules/cjs/loader:1310:10)
    at Object.newLoader [as .js] (C:\Users\echk1\OneDrive\바탕 화면\team\back\node_modules\pirates\lib\index.js:121:7)
    at Module.load (node:internal/modules/cjs/loader:1119:32)
2023-08-14 17:32:54 error: uncaughtException: Cannot find module './Routers/reviewRouter'
Require stack:
- C:\Users\echk1\OneDrive\바탕 화면\team\back\src\app.js
- C:\Users\echk1\OneDrive\바탕 화면\team\back\index.js
Error: Cannot find module './Routers/reviewRouter'
Require stack:
- C:\Users\echk1\OneDrive\바탕 화면\team\back\src\app.js
- C:\Users\echk1\OneDrive\바탕 화면\team\back\index.js
    at Function.Module._resolveFilename (node:internal/modules/cjs/loader:1077:15)
    at Function.Module._load (node:internal/modules/cjs/loader:922:27)
    at Module.require (node:internal/modules/cjs/loader:1143:19)
    at require (node:internal/modules/cjs/helpers:110:18)
    at Object.<anonymous> (C:\Users\echk1\OneDrive\바탕 화면\team\back\src\/app.js:3:1)
    at Module._compile (node:internal/modules/cjs/loader:1256:14)
    at Module._compile (C:\Users\echk1\OneDrive\바탕 화면\team\back\node_modules\pirates\lib\index.js:117:24)
    at Module._extensions..js (node:internal/modules/cjs/loader:1310:10)
    at Object.newLoader [as .js] (C:\Users\echk1\OneDrive\바탕 화면\team\back\node_modules\pirates\lib\index.js:121:7)
    at Module.load (node:internal/modules/cjs/loader:1119:32)
    at Function.Module._load (node:internal/modules/cjs/loader:960:12)
    at Module.require (node:internal/modules/cjs/loader:1143:19)
    at require (node:internal/modules/cjs/helpers:110:18)
    at Object.<anonymous> (C:\Users\echk1\OneDrive\바탕 화면\team\back\/index.js:2:1)
    at Module._compile (node:internal/modules/cjs/loader:1256:14)
    at Module._compile (C:\Users\echk1\OneDrive\바탕 화면\team\back\node_modules\pirates\lib\index.js:117:24)
    at Module._extensions..js (node:internal/modules/cjs/loader:1310:10)
    at Object.newLoader [as .js] (C:\Users\echk1\OneDrive\바탕 화면\team\back\node_modules\pirates\lib\index.js:121:7)
    at Module.load (node:internal/modules/cjs/loader:1119:32)
    at Function.Module._load (node:internal/modules/cjs/loader:960:12)
    at Function.runMain (node:internal/modules/run_main:81:12)
    at Object.<anonymous> (C:\Users\echk1\OneDrive\바탕 화면\team\back\node_modules\@babel\node\src\_babel-node.ts:222:12)
    at Module._compile (node:internal/modules/cjs/loader:1256:14)
    at Object.Module._extensions..js (node:internal/modules/cjs/loader:1310:10)
    at Module.load (node:internal/modules/cjs/loader:1119:32)
    at Function.Module._load (node:internal/modules/cjs/loader:960:12)
    at Function.executeUserEntryPoint [as runMain] (node:internal/modules/run_main:81:12)
    at node:internal/main/run_main_module:23:47
2023-08-14 17:33:42 error: uncaughtException: res is not defined
ReferenceError: res is not defined
    at Object.<anonymous> (C:\Users\echk1\OneDrive\바탕 화면\team\back\src\services\/reviewService.js:28:40)
    at Module._compile (node:internal/modules/cjs/loader:1256:14)
    at Module._compile (C:\Users\echk1\OneDrive\바탕 화면\team\back\node_modules\pirates\lib\index.js:117:24)
    at Module._extensions..js (node:internal/modules/cjs/loader:1310:10)
    at Object.newLoader [as .js] (C:\Users\echk1\OneDrive\바탕 화면\team\back\node_modules\pirates\lib\index.js:121:7)
    at Module.load (node:internal/modules/cjs/loader:1119:32)
    at Function.Module._load (node:internal/modules/cjs/loader:960:12)
    at Module.require (node:internal/modules/cjs/loader:1143:19)
    at require (node:internal/modules/cjs/helpers:110:18)
    at Object.<anonymous> (C:\Users\echk1\OneDrive\바탕 화면\team\back\src\controllers\/reviewController.js:1:31)
    at Module._compile (node:internal/modules/cjs/loader:1256:14)
    at Module._compile (C:\Users\echk1\OneDrive\바탕 화면\team\back\node_modules\pirates\lib\index.js:117:24)
    at Module._extensions..js (node:internal/modules/cjs/loader:1310:10)
    at Object.newLoader [as .js] (C:\Users\echk1\OneDrive\바탕 화면\team\back\node_modules\pirates\lib\index.js:121:7)
    at Module.load (node:internal/modules/cjs/loader:1119:32)
    at Function.Module._load (node:internal/modules/cjs/loader:960:12)
    at Module.require (node:internal/modules/cjs/loader:1143:19)
    at require (node:internal/modules/cjs/helpers:110:18)
    at Object.<anonymous> (C:\Users\echk1\OneDrive\바탕 화면\team\back\src\routes\/reviewRouter.js:7:5)
    at Module._compile (node:internal/modules/cjs/loader:1256:14)
    at Module._compile (C:\Users\echk1\OneDrive\바탕 화면\team\back\node_modules\pirates\lib\index.js:117:24)
    at Module._extensions..js (node:internal/modules/cjs/loader:1310:10)
    at Object.newLoader [as .js] (C:\Users\echk1\OneDrive\바탕 화면\team\back\node_modules\pirates\lib\index.js:121:7)
    at Module.load (node:internal/modules/cjs/loader:1119:32)
    at Function.Module._load (node:internal/modules/cjs/loader:960:12)
    at Module.require (node:internal/modules/cjs/loader:1143:19)
    at require (node:internal/modules/cjs/helpers:110:18)
    at Object.<anonymous> (C:\Users\echk1\OneDrive\바탕 화면\team\back\src\/app.js:3:1)
    at Module._compile (node:internal/modules/cjs/loader:1256:14)
    at Module._compile (C:\Users\echk1\OneDrive\바탕 화면\team\back\node_modules\pirates\lib\index.js:117:24)
    at Module._extensions..js (node:internal/modules/cjs/loader:1310:10)
    at Object.newLoader [as .js] (C:\Users\echk1\OneDrive\바탕 화면\team\back\node_modules\pirates\lib\index.js:121:7)
    at Module.load (node:internal/modules/cjs/loader:1119:32)
    at Function.Module._load (node:internal/modules/cjs/loader:960:12)
    at Module.require (node:internal/modules/cjs/loader:1143:19)
    at require (node:internal/modules/cjs/helpers:110:18)
    at Object.<anonymous> (C:\Users\echk1\OneDrive\바탕 화면\team\back\/index.js:2:1)
    at Module._compile (node:internal/modules/cjs/loader:1256:14)
    at Module._compile (C:\Users\echk1\OneDrive\바탕 화면\team\back\node_modules\pirates\lib\index.js:117:24)
    at Module._extensions..js (node:internal/modules/cjs/loader:1310:10)
    at Object.newLoader [as .js] (C:\Users\echk1\OneDrive\바탕 화면\team\back\node_modules\pirates\lib\index.js:121:7)
    at Module.load (node:internal/modules/cjs/loader:1119:32)
    at Function.Module._load (node:internal/modules/cjs/loader:960:12)
    at Function.runMain (node:internal/modules/run_main:81:12)
    at Object.<anonymous> (C:\Users\echk1\OneDrive\바탕 화면\team\back\node_modules\@babel\node\src\_babel-node.ts:222:12)
    at Module._compile (node:internal/modules/cjs/loader:1256:14)
    at Object.Module._extensions..js (node:internal/modules/cjs/loader:1310:10)
    at Module.load (node:internal/modules/cjs/loader:1119:32)
    at Function.Module._load (node:internal/modules/cjs/loader:960:12)
    at Function.executeUserEntryPoint [as runMain] (node:internal/modules/run_main:81:12)
2023-08-14 17:33:48 error: uncaughtException: res is not defined
ReferenceError: res is not defined
    at Object.<anonymous> (C:\Users\echk1\OneDrive\바탕 화면\team\back\src\services\/reviewService.js:28:40)
    at Module._compile (node:internal/modules/cjs/loader:1256:14)
    at Module._compile (C:\Users\echk1\OneDrive\바탕 화면\team\back\node_modules\pirates\lib\index.js:117:24)
    at Module._extensions..js (node:internal/modules/cjs/loader:1310:10)
    at Object.newLoader [as .js] (C:\Users\echk1\OneDrive\바탕 화면\team\back\node_modules\pirates\lib\index.js:121:7)
    at Module.load (node:internal/modules/cjs/loader:1119:32)
    at Function.Module._load (node:internal/modules/cjs/loader:960:12)
    at Module.require (node:internal/modules/cjs/loader:1143:19)
    at require (node:internal/modules/cjs/helpers:110:18)
    at Object.<anonymous> (C:\Users\echk1\OneDrive\바탕 화면\team\back\src\controllers\/reviewController.js:1:31)
    at Module._compile (node:internal/modules/cjs/loader:1256:14)
    at Module._compile (C:\Users\echk1\OneDrive\바탕 화면\team\back\node_modules\pirates\lib\index.js:117:24)
    at Module._extensions..js (node:internal/modules/cjs/loader:1310:10)
    at Object.newLoader [as .js] (C:\Users\echk1\OneDrive\바탕 화면\team\back\node_modules\pirates\lib\index.js:121:7)
    at Module.load (node:internal/modules/cjs/loader:1119:32)
    at Function.Module._load (node:internal/modules/cjs/loader:960:12)
    at Module.require (node:internal/modules/cjs/loader:1143:19)
    at require (node:internal/modules/cjs/helpers:110:18)
    at Object.<anonymous> (C:\Users\echk1\OneDrive\바탕 화면\team\back\src\routes\/reviewRouter.js:7:5)
    at Module._compile (node:internal/modules/cjs/loader:1256:14)
    at Module._compile (C:\Users\echk1\OneDrive\바탕 화면\team\back\node_modules\pirates\lib\index.js:117:24)
    at Module._extensions..js (node:internal/modules/cjs/loader:1310:10)
    at Object.newLoader [as .js] (C:\Users\echk1\OneDrive\바탕 화면\team\back\node_modules\pirates\lib\index.js:121:7)
    at Module.load (node:internal/modules/cjs/loader:1119:32)
    at Function.Module._load (node:internal/modules/cjs/loader:960:12)
    at Module.require (node:internal/modules/cjs/loader:1143:19)
    at require (node:internal/modules/cjs/helpers:110:18)
    at Object.<anonymous> (C:\Users\echk1\OneDrive\바탕 화면\team\back\src\/app.js:3:1)
    at Module._compile (node:internal/modules/cjs/loader:1256:14)
    at Module._compile (C:\Users\echk1\OneDrive\바탕 화면\team\back\node_modules\pirates\lib\index.js:117:24)
    at Module._extensions..js (node:internal/modules/cjs/loader:1310:10)
    at Object.newLoader [as .js] (C:\Users\echk1\OneDrive\바탕 화면\team\back\node_modules\pirates\lib\index.js:121:7)
    at Module.load (node:internal/modules/cjs/loader:1119:32)
    at Function.Module._load (node:internal/modules/cjs/loader:960:12)
    at Module.require (node:internal/modules/cjs/loader:1143:19)
    at require (node:internal/modules/cjs/helpers:110:18)
    at Object.<anonymous> (C:\Users\echk1\OneDrive\바탕 화면\team\back\/index.js:2:1)
    at Module._compile (node:internal/modules/cjs/loader:1256:14)
    at Module._compile (C:\Users\echk1\OneDrive\바탕 화면\team\back\node_modules\pirates\lib\index.js:117:24)
    at Module._extensions..js (node:internal/modules/cjs/loader:1310:10)
    at Object.newLoader [as .js] (C:\Users\echk1\OneDrive\바탕 화면\team\back\node_modules\pirates\lib\index.js:121:7)
    at Module.load (node:internal/modules/cjs/loader:1119:32)
    at Function.Module._load (node:internal/modules/cjs/loader:960:12)
    at Function.runMain (node:internal/modules/run_main:81:12)
    at Object.<anonymous> (C:\Users\echk1\OneDrive\바탕 화면\team\back\node_modules\@babel\node\src\_babel-node.ts:222:12)
    at Module._compile (node:internal/modules/cjs/loader:1256:14)
    at Object.Module._extensions..js (node:internal/modules/cjs/loader:1310:10)
    at Module.load (node:internal/modules/cjs/loader:1119:32)
    at Function.Module._load (node:internal/modules/cjs/loader:960:12)
    at Function.executeUserEntryPoint [as runMain] (node:internal/modules/run_main:81:12)
2023-08-14 17:35:36 error: uncaughtException: res is not defined
ReferenceError: res is not defined
    at Object.<anonymous> (C:\Users\echk1\OneDrive\바탕 화면\team\back\src\services\/reviewService.js:28:40)
    at Module._compile (node:internal/modules/cjs/loader:1256:14)
    at Module._compile (C:\Users\echk1\OneDrive\바탕 화면\team\back\node_modules\pirates\lib\index.js:117:24)
    at Module._extensions..js (node:internal/modules/cjs/loader:1310:10)
    at Object.newLoader [as .js] (C:\Users\echk1\OneDrive\바탕 화면\team\back\node_modules\pirates\lib\index.js:121:7)
    at Module.load (node:internal/modules/cjs/loader:1119:32)
    at Function.Module._load (node:internal/modules/cjs/loader:960:12)
    at Module.require (node:internal/modules/cjs/loader:1143:19)
    at require (node:internal/modules/cjs/helpers:110:18)
    at Object.<anonymous> (C:\Users\echk1\OneDrive\바탕 화면\team\back\src\controllers\/reviewController.js:1:31)
    at Module._compile (node:internal/modules/cjs/loader:1256:14)
    at Module._compile (C:\Users\echk1\OneDrive\바탕 화면\team\back\node_modules\pirates\lib\index.js:117:24)
    at Module._extensions..js (node:internal/modules/cjs/loader:1310:10)
    at Object.newLoader [as .js] (C:\Users\echk1\OneDrive\바탕 화면\team\back\node_modules\pirates\lib\index.js:121:7)
    at Module.load (node:internal/modules/cjs/loader:1119:32)
    at Function.Module._load (node:internal/modules/cjs/loader:960:12)
    at Module.require (node:internal/modules/cjs/loader:1143:19)
    at require (node:internal/modules/cjs/helpers:110:18)
    at Object.<anonymous> (C:\Users\echk1\OneDrive\바탕 화면\team\back\src\routes\/reviewRouter.js:7:5)
    at Module._compile (node:internal/modules/cjs/loader:1256:14)
    at Module._compile (C:\Users\echk1\OneDrive\바탕 화면\team\back\node_modules\pirates\lib\index.js:117:24)
    at Module._extensions..js (node:internal/modules/cjs/loader:1310:10)
    at Object.newLoader [as .js] (C:\Users\echk1\OneDrive\바탕 화면\team\back\node_modules\pirates\lib\index.js:121:7)
    at Module.load (node:internal/modules/cjs/loader:1119:32)
    at Function.Module._load (node:internal/modules/cjs/loader:960:12)
    at Module.require (node:internal/modules/cjs/loader:1143:19)
    at require (node:internal/modules/cjs/helpers:110:18)
    at Object.<anonymous> (C:\Users\echk1\OneDrive\바탕 화면\team\back\src\/app.js:3:1)
    at Module._compile (node:internal/modules/cjs/loader:1256:14)
    at Module._compile (C:\Users\echk1\OneDrive\바탕 화면\team\back\node_modules\pirates\lib\index.js:117:24)
    at Module._extensions..js (node:internal/modules/cjs/loader:1310:10)
    at Object.newLoader [as .js] (C:\Users\echk1\OneDrive\바탕 화면\team\back\node_modules\pirates\lib\index.js:121:7)
    at Module.load (node:internal/modules/cjs/loader:1119:32)
    at Function.Module._load (node:internal/modules/cjs/loader:960:12)
    at Module.require (node:internal/modules/cjs/loader:1143:19)
    at require (node:internal/modules/cjs/helpers:110:18)
    at Object.<anonymous> (C:\Users\echk1\OneDrive\바탕 화면\team\back\/index.js:2:1)
    at Module._compile (node:internal/modules/cjs/loader:1256:14)
    at Module._compile (C:\Users\echk1\OneDrive\바탕 화면\team\back\node_modules\pirates\lib\index.js:117:24)
    at Module._extensions..js (node:internal/modules/cjs/loader:1310:10)
    at Object.newLoader [as .js] (C:\Users\echk1\OneDrive\바탕 화면\team\back\node_modules\pirates\lib\index.js:121:7)
    at Module.load (node:internal/modules/cjs/loader:1119:32)
    at Function.Module._load (node:internal/modules/cjs/loader:960:12)
    at Function.runMain (node:internal/modules/run_main:81:12)
    at Object.<anonymous> (C:\Users\echk1\OneDrive\바탕 화면\team\back\node_modules\@babel\node\src\_babel-node.ts:222:12)
    at Module._compile (node:internal/modules/cjs/loader:1256:14)
    at Object.Module._extensions..js (node:internal/modules/cjs/loader:1310:10)
    at Module.load (node:internal/modules/cjs/loader:1119:32)
    at Function.Module._load (node:internal/modules/cjs/loader:960:12)
    at Function.executeUserEntryPoint [as runMain] (node:internal/modules/run_main:81:12)
2023-08-14 17:35:56 error: uncaughtException: reviewAuthRouter is not defined
ReferenceError: reviewAuthRouter is not defined
    at Object.<anonymous> (C:\Users\echk1\OneDrive\바탕 화면\team\back\src\/app.js:27:19)
    at Module._compile (node:internal/modules/cjs/loader:1256:14)
    at Module._compile (C:\Users\echk1\OneDrive\바탕 화면\team\back\node_modules\pirates\lib\index.js:117:24)
    at Module._extensions..js (node:internal/modules/cjs/loader:1310:10)
    at Object.newLoader [as .js] (C:\Users\echk1\OneDrive\바탕 화면\team\back\node_modules\pirates\lib\index.js:121:7)
    at Module.load (node:internal/modules/cjs/loader:1119:32)
    at Function.Module._load (node:internal/modules/cjs/loader:960:12)
    at Module.require (node:internal/modules/cjs/loader:1143:19)
    at require (node:internal/modules/cjs/helpers:110:18)
    at Object.<anonymous> (C:\Users\echk1\OneDrive\바탕 화면\team\back\/index.js:2:1)
    at Module._compile (node:internal/modules/cjs/loader:1256:14)
    at Module._compile (C:\Users\echk1\OneDrive\바탕 화면\team\back\node_modules\pirates\lib\index.js:117:24)
    at Module._extensions..js (node:internal/modules/cjs/loader:1310:10)
    at Object.newLoader [as .js] (C:\Users\echk1\OneDrive\바탕 화면\team\back\node_modules\pirates\lib\index.js:121:7)
    at Module.load (node:internal/modules/cjs/loader:1119:32)
    at Function.Module._load (node:internal/modules/cjs/loader:960:12)
    at Function.runMain (node:internal/modules/run_main:81:12)
    at Object.<anonymous> (C:\Users\echk1\OneDrive\바탕 화면\team\back\node_modules\@babel\node\src\_babel-node.ts:222:12)
    at Module._compile (node:internal/modules/cjs/loader:1256:14)
    at Object.Module._extensions..js (node:internal/modules/cjs/loader:1310:10)
    at Module.load (node:internal/modules/cjs/loader:1119:32)
    at Function.Module._load (node:internal/modules/cjs/loader:960:12)
    at Function.executeUserEntryPoint [as runMain] (node:internal/modules/run_main:81:12)
    at node:internal/main/run_main_module:23:47
2023-08-14 17:36:52 error: uncaughtException: reviewAuthRouter is not defined
ReferenceError: reviewAuthRouter is not defined
    at Object.<anonymous> (C:\Users\echk1\OneDrive\바탕 화면\team\back\src\/app.js:27:19)
    at Module._compile (node:internal/modules/cjs/loader:1256:14)
    at Module._compile (C:\Users\echk1\OneDrive\바탕 화면\team\back\node_modules\pirates\lib\index.js:117:24)
    at Module._extensions..js (node:internal/modules/cjs/loader:1310:10)
    at Object.newLoader [as .js] (C:\Users\echk1\OneDrive\바탕 화면\team\back\node_modules\pirates\lib\index.js:121:7)
    at Module.load (node:internal/modules/cjs/loader:1119:32)
    at Function.Module._load (node:internal/modules/cjs/loader:960:12)
    at Module.require (node:internal/modules/cjs/loader:1143:19)
    at require (node:internal/modules/cjs/helpers:110:18)
    at Object.<anonymous> (C:\Users\echk1\OneDrive\바탕 화면\team\back\/index.js:2:1)
    at Module._compile (node:internal/modules/cjs/loader:1256:14)
    at Module._compile (C:\Users\echk1\OneDrive\바탕 화면\team\back\node_modules\pirates\lib\index.js:117:24)
    at Module._extensions..js (node:internal/modules/cjs/loader:1310:10)
    at Object.newLoader [as .js] (C:\Users\echk1\OneDrive\바탕 화면\team\back\node_modules\pirates\lib\index.js:121:7)
    at Module.load (node:internal/modules/cjs/loader:1119:32)
    at Function.Module._load (node:internal/modules/cjs/loader:960:12)
    at Function.runMain (node:internal/modules/run_main:81:12)
    at Object.<anonymous> (C:\Users\echk1\OneDrive\바탕 화면\team\back\node_modules\@babel\node\src\_babel-node.ts:222:12)
    at Module._compile (node:internal/modules/cjs/loader:1256:14)
    at Object.Module._extensions..js (node:internal/modules/cjs/loader:1310:10)
    at Module.load (node:internal/modules/cjs/loader:1119:32)
    at Function.Module._load (node:internal/modules/cjs/loader:960:12)
    at Function.executeUserEntryPoint [as runMain] (node:internal/modules/run_main:81:12)
    at node:internal/main/run_main_module:23:47
2023-08-14 17:36:59 error: uncaughtException: res is not defined
ReferenceError: res is not defined
    at Object.<anonymous> (C:\Users\echk1\OneDrive\바탕 화면\team\back\src\services\/reviewService.js:28:40)
    at Module._compile (node:internal/modules/cjs/loader:1256:14)
    at Module._compile (C:\Users\echk1\OneDrive\바탕 화면\team\back\node_modules\pirates\lib\index.js:117:24)
    at Module._extensions..js (node:internal/modules/cjs/loader:1310:10)
    at Object.newLoader [as .js] (C:\Users\echk1\OneDrive\바탕 화면\team\back\node_modules\pirates\lib\index.js:121:7)
    at Module.load (node:internal/modules/cjs/loader:1119:32)
    at Function.Module._load (node:internal/modules/cjs/loader:960:12)
    at Module.require (node:internal/modules/cjs/loader:1143:19)
    at require (node:internal/modules/cjs/helpers:110:18)
    at Object.<anonymous> (C:\Users\echk1\OneDrive\바탕 화면\team\back\src\controllers\/reviewController.js:1:31)
    at Module._compile (node:internal/modules/cjs/loader:1256:14)
    at Module._compile (C:\Users\echk1\OneDrive\바탕 화면\team\back\node_modules\pirates\lib\index.js:117:24)
    at Module._extensions..js (node:internal/modules/cjs/loader:1310:10)
    at Object.newLoader [as .js] (C:\Users\echk1\OneDrive\바탕 화면\team\back\node_modules\pirates\lib\index.js:121:7)
    at Module.load (node:internal/modules/cjs/loader:1119:32)
    at Function.Module._load (node:internal/modules/cjs/loader:960:12)
    at Module.require (node:internal/modules/cjs/loader:1143:19)
    at require (node:internal/modules/cjs/helpers:110:18)
    at Object.<anonymous> (C:\Users\echk1\OneDrive\바탕 화면\team\back\src\routes\/reviewRouter.js:7:5)
    at Module._compile (node:internal/modules/cjs/loader:1256:14)
    at Module._compile (C:\Users\echk1\OneDrive\바탕 화면\team\back\node_modules\pirates\lib\index.js:117:24)
    at Module._extensions..js (node:internal/modules/cjs/loader:1310:10)
    at Object.newLoader [as .js] (C:\Users\echk1\OneDrive\바탕 화면\team\back\node_modules\pirates\lib\index.js:121:7)
    at Module.load (node:internal/modules/cjs/loader:1119:32)
    at Function.Module._load (node:internal/modules/cjs/loader:960:12)
    at Module.require (node:internal/modules/cjs/loader:1143:19)
    at require (node:internal/modules/cjs/helpers:110:18)
    at Object.<anonymous> (C:\Users\echk1\OneDrive\바탕 화면\team\back\src\/app.js:3:1)
    at Module._compile (node:internal/modules/cjs/loader:1256:14)
    at Module._compile (C:\Users\echk1\OneDrive\바탕 화면\team\back\node_modules\pirates\lib\index.js:117:24)
    at Module._extensions..js (node:internal/modules/cjs/loader:1310:10)
    at Object.newLoader [as .js] (C:\Users\echk1\OneDrive\바탕 화면\team\back\node_modules\pirates\lib\index.js:121:7)
    at Module.load (node:internal/modules/cjs/loader:1119:32)
    at Function.Module._load (node:internal/modules/cjs/loader:960:12)
    at Module.require (node:internal/modules/cjs/loader:1143:19)
    at require (node:internal/modules/cjs/helpers:110:18)
    at Object.<anonymous> (C:\Users\echk1\OneDrive\바탕 화면\team\back\/index.js:2:1)
    at Module._compile (node:internal/modules/cjs/loader:1256:14)
    at Module._compile (C:\Users\echk1\OneDrive\바탕 화면\team\back\node_modules\pirates\lib\index.js:117:24)
    at Module._extensions..js (node:internal/modules/cjs/loader:1310:10)
    at Object.newLoader [as .js] (C:\Users\echk1\OneDrive\바탕 화면\team\back\node_modules\pirates\lib\index.js:121:7)
    at Module.load (node:internal/modules/cjs/loader:1119:32)
    at Function.Module._load (node:internal/modules/cjs/loader:960:12)
    at Function.runMain (node:internal/modules/run_main:81:12)
    at Object.<anonymous> (C:\Users\echk1\OneDrive\바탕 화면\team\back\node_modules\@babel\node\src\_babel-node.ts:222:12)
    at Module._compile (node:internal/modules/cjs/loader:1256:14)
    at Object.Module._extensions..js (node:internal/modules/cjs/loader:1310:10)
    at Module.load (node:internal/modules/cjs/loader:1119:32)
    at Function.Module._load (node:internal/modules/cjs/loader:960:12)
    at Function.executeUserEntryPoint [as runMain] (node:internal/modules/run_main:81:12)
2023-08-14 17:37:54 error: uncaughtException: res is not defined
ReferenceError: res is not defined
    at Object.<anonymous> (C:\Users\echk1\OneDrive\바탕 화면\team\back\src\services\/reviewService.js:28:40)
    at Module._compile (node:internal/modules/cjs/loader:1256:14)
    at Module._compile (C:\Users\echk1\OneDrive\바탕 화면\team\back\node_modules\pirates\lib\index.js:117:24)
    at Module._extensions..js (node:internal/modules/cjs/loader:1310:10)
    at Object.newLoader [as .js] (C:\Users\echk1\OneDrive\바탕 화면\team\back\node_modules\pirates\lib\index.js:121:7)
    at Module.load (node:internal/modules/cjs/loader:1119:32)
    at Function.Module._load (node:internal/modules/cjs/loader:960:12)
    at Module.require (node:internal/modules/cjs/loader:1143:19)
    at require (node:internal/modules/cjs/helpers:110:18)
    at Object.<anonymous> (C:\Users\echk1\OneDrive\바탕 화면\team\back\src\controllers\/reviewController.js:1:31)
    at Module._compile (node:internal/modules/cjs/loader:1256:14)
    at Module._compile (C:\Users\echk1\OneDrive\바탕 화면\team\back\node_modules\pirates\lib\index.js:117:24)
    at Module._extensions..js (node:internal/modules/cjs/loader:1310:10)
    at Object.newLoader [as .js] (C:\Users\echk1\OneDrive\바탕 화면\team\back\node_modules\pirates\lib\index.js:121:7)
    at Module.load (node:internal/modules/cjs/loader:1119:32)
    at Function.Module._load (node:internal/modules/cjs/loader:960:12)
    at Module.require (node:internal/modules/cjs/loader:1143:19)
    at require (node:internal/modules/cjs/helpers:110:18)
    at Object.<anonymous> (C:\Users\echk1\OneDrive\바탕 화면\team\back\src\routes\/reviewRouter.js:7:5)
    at Module._compile (node:internal/modules/cjs/loader:1256:14)
    at Module._compile (C:\Users\echk1\OneDrive\바탕 화면\team\back\node_modules\pirates\lib\index.js:117:24)
    at Module._extensions..js (node:internal/modules/cjs/loader:1310:10)
    at Object.newLoader [as .js] (C:\Users\echk1\OneDrive\바탕 화면\team\back\node_modules\pirates\lib\index.js:121:7)
    at Module.load (node:internal/modules/cjs/loader:1119:32)
    at Function.Module._load (node:internal/modules/cjs/loader:960:12)
    at Module.require (node:internal/modules/cjs/loader:1143:19)
    at require (node:internal/modules/cjs/helpers:110:18)
    at Object.<anonymous> (C:\Users\echk1\OneDrive\바탕 화면\team\back\src\/app.js:3:1)
    at Module._compile (node:internal/modules/cjs/loader:1256:14)
    at Module._compile (C:\Users\echk1\OneDrive\바탕 화면\team\back\node_modules\pirates\lib\index.js:117:24)
    at Module._extensions..js (node:internal/modules/cjs/loader:1310:10)
    at Object.newLoader [as .js] (C:\Users\echk1\OneDrive\바탕 화면\team\back\node_modules\pirates\lib\index.js:121:7)
    at Module.load (node:internal/modules/cjs/loader:1119:32)
    at Function.Module._load (node:internal/modules/cjs/loader:960:12)
    at Module.require (node:internal/modules/cjs/loader:1143:19)
    at require (node:internal/modules/cjs/helpers:110:18)
    at Object.<anonymous> (C:\Users\echk1\OneDrive\바탕 화면\team\back\/index.js:2:1)
    at Module._compile (node:internal/modules/cjs/loader:1256:14)
    at Module._compile (C:\Users\echk1\OneDrive\바탕 화면\team\back\node_modules\pirates\lib\index.js:117:24)
    at Module._extensions..js (node:internal/modules/cjs/loader:1310:10)
    at Object.newLoader [as .js] (C:\Users\echk1\OneDrive\바탕 화면\team\back\node_modules\pirates\lib\index.js:121:7)
    at Module.load (node:internal/modules/cjs/loader:1119:32)
    at Function.Module._load (node:internal/modules/cjs/loader:960:12)
    at Function.runMain (node:internal/modules/run_main:81:12)
    at Object.<anonymous> (C:\Users\echk1\OneDrive\바탕 화면\team\back\node_modules\@babel\node\src\_babel-node.ts:222:12)
    at Module._compile (node:internal/modules/cjs/loader:1256:14)
    at Object.Module._extensions..js (node:internal/modules/cjs/loader:1310:10)
    at Module.load (node:internal/modules/cjs/loader:1119:32)
    at Function.Module._load (node:internal/modules/cjs/loader:960:12)
    at Function.executeUserEntryPoint [as runMain] (node:internal/modules/run_main:81:12)
2023-08-14 17:38:26 error: uncaughtException: Cannot find module './routes/reviewRouter'
Require stack:
- C:\Users\echk1\OneDrive\바탕 화면\team\back\src\app.js
- C:\Users\echk1\OneDrive\바탕 화면\team\back\index.js
Error: Cannot find module './routes/reviewRouter'
Require stack:
- C:\Users\echk1\OneDrive\바탕 화면\team\back\src\app.js
- C:\Users\echk1\OneDrive\바탕 화면\team\back\index.js
    at Function.Module._resolveFilename (node:internal/modules/cjs/loader:1077:15)
    at Function.Module._load (node:internal/modules/cjs/loader:922:27)
    at Module.require (node:internal/modules/cjs/loader:1143:19)
    at require (node:internal/modules/cjs/helpers:110:18)
    at Object.<anonymous> (C:\Users\echk1\OneDrive\바탕 화면\team\back\src\/app.js:3:1)
    at Module._compile (node:internal/modules/cjs/loader:1256:14)
    at Module._compile (C:\Users\echk1\OneDrive\바탕 화면\team\back\node_modules\pirates\lib\index.js:117:24)
    at Module._extensions..js (node:internal/modules/cjs/loader:1310:10)
    at Object.newLoader [as .js] (C:\Users\echk1\OneDrive\바탕 화면\team\back\node_modules\pirates\lib\index.js:121:7)
    at Module.load (node:internal/modules/cjs/loader:1119:32)
2023-08-14 17:38:33 error: uncaughtException: res is not defined
ReferenceError: res is not defined
    at Object.<anonymous> (C:\Users\echk1\OneDrive\바탕 화면\team\back\src\services\/reviewService.js:28:40)
    at Module._compile (node:internal/modules/cjs/loader:1256:14)
    at Module._compile (C:\Users\echk1\OneDrive\바탕 화면\team\back\node_modules\pirates\lib\index.js:117:24)
    at Module._extensions..js (node:internal/modules/cjs/loader:1310:10)
    at Object.newLoader [as .js] (C:\Users\echk1\OneDrive\바탕 화면\team\back\node_modules\pirates\lib\index.js:121:7)
    at Module.load (node:internal/modules/cjs/loader:1119:32)
    at Function.Module._load (node:internal/modules/cjs/loader:960:12)
    at Module.require (node:internal/modules/cjs/loader:1143:19)
    at require (node:internal/modules/cjs/helpers:110:18)
    at Object.<anonymous> (C:\Users\echk1\OneDrive\바탕 화면\team\back\src\controllers\/reviewController.js:1:31)
    at Module._compile (node:internal/modules/cjs/loader:1256:14)
    at Module._compile (C:\Users\echk1\OneDrive\바탕 화면\team\back\node_modules\pirates\lib\index.js:117:24)
    at Module._extensions..js (node:internal/modules/cjs/loader:1310:10)
    at Object.newLoader [as .js] (C:\Users\echk1\OneDrive\바탕 화면\team\back\node_modules\pirates\lib\index.js:121:7)
    at Module.load (node:internal/modules/cjs/loader:1119:32)
    at Function.Module._load (node:internal/modules/cjs/loader:960:12)
    at Module.require (node:internal/modules/cjs/loader:1143:19)
    at require (node:internal/modules/cjs/helpers:110:18)
    at Object.<anonymous> (C:\Users\echk1\OneDrive\바탕 화면\team\back\src\routes\/review.routes.js:7:5)
    at Module._compile (node:internal/modules/cjs/loader:1256:14)
    at Module._compile (C:\Users\echk1\OneDrive\바탕 화면\team\back\node_modules\pirates\lib\index.js:117:24)
    at Module._extensions..js (node:internal/modules/cjs/loader:1310:10)
    at Object.newLoader [as .js] (C:\Users\echk1\OneDrive\바탕 화면\team\back\node_modules\pirates\lib\index.js:121:7)
    at Module.load (node:internal/modules/cjs/loader:1119:32)
    at Function.Module._load (node:internal/modules/cjs/loader:960:12)
    at Module.require (node:internal/modules/cjs/loader:1143:19)
    at require (node:internal/modules/cjs/helpers:110:18)
    at Object.<anonymous> (C:\Users\echk1\OneDrive\바탕 화면\team\back\src\/app.js:3:1)
    at Module._compile (node:internal/modules/cjs/loader:1256:14)
    at Module._compile (C:\Users\echk1\OneDrive\바탕 화면\team\back\node_modules\pirates\lib\index.js:117:24)
    at Module._extensions..js (node:internal/modules/cjs/loader:1310:10)
    at Object.newLoader [as .js] (C:\Users\echk1\OneDrive\바탕 화면\team\back\node_modules\pirates\lib\index.js:121:7)
    at Module.load (node:internal/modules/cjs/loader:1119:32)
    at Function.Module._load (node:internal/modules/cjs/loader:960:12)
    at Module.require (node:internal/modules/cjs/loader:1143:19)
    at require (node:internal/modules/cjs/helpers:110:18)
    at Object.<anonymous> (C:\Users\echk1\OneDrive\바탕 화면\team\back\/index.js:2:1)
    at Module._compile (node:internal/modules/cjs/loader:1256:14)
    at Module._compile (C:\Users\echk1\OneDrive\바탕 화면\team\back\node_modules\pirates\lib\index.js:117:24)
    at Module._extensions..js (node:internal/modules/cjs/loader:1310:10)
    at Object.newLoader [as .js] (C:\Users\echk1\OneDrive\바탕 화면\team\back\node_modules\pirates\lib\index.js:121:7)
    at Module.load (node:internal/modules/cjs/loader:1119:32)
    at Function.Module._load (node:internal/modules/cjs/loader:960:12)
    at Function.runMain (node:internal/modules/run_main:81:12)
    at Object.<anonymous> (C:\Users\echk1\OneDrive\바탕 화면\team\back\node_modules\@babel\node\src\_babel-node.ts:222:12)
    at Module._compile (node:internal/modules/cjs/loader:1256:14)
    at Object.Module._extensions..js (node:internal/modules/cjs/loader:1310:10)
    at Module.load (node:internal/modules/cjs/loader:1119:32)
    at Function.Module._load (node:internal/modules/cjs/loader:960:12)
    at Function.executeUserEntryPoint [as runMain] (node:internal/modules/run_main:81:12)
2023-08-14 17:39:12 error: uncaughtException: res is not defined
ReferenceError: res is not defined
    at Object.<anonymous> (C:\Users\echk1\OneDrive\바탕 화면\team\back\src\services\/reviewService.js:28:40)
    at Module._compile (node:internal/modules/cjs/loader:1256:14)
    at Module._compile (C:\Users\echk1\OneDrive\바탕 화면\team\back\node_modules\pirates\lib\index.js:117:24)
    at Module._extensions..js (node:internal/modules/cjs/loader:1310:10)
    at Object.newLoader [as .js] (C:\Users\echk1\OneDrive\바탕 화면\team\back\node_modules\pirates\lib\index.js:121:7)
    at Module.load (node:internal/modules/cjs/loader:1119:32)
    at Function.Module._load (node:internal/modules/cjs/loader:960:12)
    at Module.require (node:internal/modules/cjs/loader:1143:19)
    at require (node:internal/modules/cjs/helpers:110:18)
    at Object.<anonymous> (C:\Users\echk1\OneDrive\바탕 화면\team\back\src\controllers\/reviewController.js:1:31)
    at Module._compile (node:internal/modules/cjs/loader:1256:14)
    at Module._compile (C:\Users\echk1\OneDrive\바탕 화면\team\back\node_modules\pirates\lib\index.js:117:24)
    at Module._extensions..js (node:internal/modules/cjs/loader:1310:10)
    at Object.newLoader [as .js] (C:\Users\echk1\OneDrive\바탕 화면\team\back\node_modules\pirates\lib\index.js:121:7)
    at Module.load (node:internal/modules/cjs/loader:1119:32)
    at Function.Module._load (node:internal/modules/cjs/loader:960:12)
    at Module.require (node:internal/modules/cjs/loader:1143:19)
    at require (node:internal/modules/cjs/helpers:110:18)
    at Object.<anonymous> (C:\Users\echk1\OneDrive\바탕 화면\team\back\src\routes\/review.routes.js:7:5)
    at Module._compile (node:internal/modules/cjs/loader:1256:14)
    at Module._compile (C:\Users\echk1\OneDrive\바탕 화면\team\back\node_modules\pirates\lib\index.js:117:24)
    at Module._extensions..js (node:internal/modules/cjs/loader:1310:10)
    at Object.newLoader [as .js] (C:\Users\echk1\OneDrive\바탕 화면\team\back\node_modules\pirates\lib\index.js:121:7)
    at Module.load (node:internal/modules/cjs/loader:1119:32)
    at Function.Module._load (node:internal/modules/cjs/loader:960:12)
    at Module.require (node:internal/modules/cjs/loader:1143:19)
    at require (node:internal/modules/cjs/helpers:110:18)
    at Object.<anonymous> (C:\Users\echk1\OneDrive\바탕 화면\team\back\src\/app.js:3:1)
    at Module._compile (node:internal/modules/cjs/loader:1256:14)
    at Module._compile (C:\Users\echk1\OneDrive\바탕 화면\team\back\node_modules\pirates\lib\index.js:117:24)
    at Module._extensions..js (node:internal/modules/cjs/loader:1310:10)
    at Object.newLoader [as .js] (C:\Users\echk1\OneDrive\바탕 화면\team\back\node_modules\pirates\lib\index.js:121:7)
    at Module.load (node:internal/modules/cjs/loader:1119:32)
    at Function.Module._load (node:internal/modules/cjs/loader:960:12)
    at Module.require (node:internal/modules/cjs/loader:1143:19)
    at require (node:internal/modules/cjs/helpers:110:18)
    at Object.<anonymous> (C:\Users\echk1\OneDrive\바탕 화면\team\back\/index.js:2:1)
    at Module._compile (node:internal/modules/cjs/loader:1256:14)
    at Module._compile (C:\Users\echk1\OneDrive\바탕 화면\team\back\node_modules\pirates\lib\index.js:117:24)
    at Module._extensions..js (node:internal/modules/cjs/loader:1310:10)
    at Object.newLoader [as .js] (C:\Users\echk1\OneDrive\바탕 화면\team\back\node_modules\pirates\lib\index.js:121:7)
    at Module.load (node:internal/modules/cjs/loader:1119:32)
    at Function.Module._load (node:internal/modules/cjs/loader:960:12)
    at Function.runMain (node:internal/modules/run_main:81:12)
    at Object.<anonymous> (C:\Users\echk1\OneDrive\바탕 화면\team\back\node_modules\@babel\node\src\_babel-node.ts:222:12)
    at Module._compile (node:internal/modules/cjs/loader:1256:14)
    at Object.Module._extensions..js (node:internal/modules/cjs/loader:1310:10)
    at Module.load (node:internal/modules/cjs/loader:1119:32)
    at Function.Module._load (node:internal/modules/cjs/loader:960:12)
    at Function.executeUserEntryPoint [as runMain] (node:internal/modules/run_main:81:12)
2023-08-14 17:43:13 error: uncaughtException: res is not defined
ReferenceError: res is not defined
    at Object.<anonymous> (C:\Users\echk1\OneDrive\바탕 화면\team\back\src\services\/reviewService.js:28:40)
    at Module._compile (node:internal/modules/cjs/loader:1256:14)
    at Module._compile (C:\Users\echk1\OneDrive\바탕 화면\team\back\node_modules\pirates\lib\index.js:117:24)
    at Module._extensions..js (node:internal/modules/cjs/loader:1310:10)
    at Object.newLoader [as .js] (C:\Users\echk1\OneDrive\바탕 화면\team\back\node_modules\pirates\lib\index.js:121:7)
    at Module.load (node:internal/modules/cjs/loader:1119:32)
    at Function.Module._load (node:internal/modules/cjs/loader:960:12)
    at Module.require (node:internal/modules/cjs/loader:1143:19)
    at require (node:internal/modules/cjs/helpers:110:18)
    at Object.<anonymous> (C:\Users\echk1\OneDrive\바탕 화면\team\back\src\controllers\/reviewController.js:1:31)
    at Module._compile (node:internal/modules/cjs/loader:1256:14)
    at Module._compile (C:\Users\echk1\OneDrive\바탕 화면\team\back\node_modules\pirates\lib\index.js:117:24)
    at Module._extensions..js (node:internal/modules/cjs/loader:1310:10)
    at Object.newLoader [as .js] (C:\Users\echk1\OneDrive\바탕 화면\team\back\node_modules\pirates\lib\index.js:121:7)
    at Module.load (node:internal/modules/cjs/loader:1119:32)
    at Function.Module._load (node:internal/modules/cjs/loader:960:12)
    at Module.require (node:internal/modules/cjs/loader:1143:19)
    at require (node:internal/modules/cjs/helpers:110:18)
    at Object.<anonymous> (C:\Users\echk1\OneDrive\바탕 화면\team\back\src\routes\/review.routes.js:7:5)
    at Module._compile (node:internal/modules/cjs/loader:1256:14)
    at Module._compile (C:\Users\echk1\OneDrive\바탕 화면\team\back\node_modules\pirates\lib\index.js:117:24)
    at Module._extensions..js (node:internal/modules/cjs/loader:1310:10)
    at Object.newLoader [as .js] (C:\Users\echk1\OneDrive\바탕 화면\team\back\node_modules\pirates\lib\index.js:121:7)
    at Module.load (node:internal/modules/cjs/loader:1119:32)
    at Function.Module._load (node:internal/modules/cjs/loader:960:12)
    at Module.require (node:internal/modules/cjs/loader:1143:19)
    at require (node:internal/modules/cjs/helpers:110:18)
    at Object.<anonymous> (C:\Users\echk1\OneDrive\바탕 화면\team\back\src\/app.js:3:1)
    at Module._compile (node:internal/modules/cjs/loader:1256:14)
    at Module._compile (C:\Users\echk1\OneDrive\바탕 화면\team\back\node_modules\pirates\lib\index.js:117:24)
    at Module._extensions..js (node:internal/modules/cjs/loader:1310:10)
    at Object.newLoader [as .js] (C:\Users\echk1\OneDrive\바탕 화면\team\back\node_modules\pirates\lib\index.js:121:7)
    at Module.load (node:internal/modules/cjs/loader:1119:32)
    at Function.Module._load (node:internal/modules/cjs/loader:960:12)
    at Module.require (node:internal/modules/cjs/loader:1143:19)
    at require (node:internal/modules/cjs/helpers:110:18)
    at Object.<anonymous> (C:\Users\echk1\OneDrive\바탕 화면\team\back\/index.js:2:1)
    at Module._compile (node:internal/modules/cjs/loader:1256:14)
    at Module._compile (C:\Users\echk1\OneDrive\바탕 화면\team\back\node_modules\pirates\lib\index.js:117:24)
    at Module._extensions..js (node:internal/modules/cjs/loader:1310:10)
    at Object.newLoader [as .js] (C:\Users\echk1\OneDrive\바탕 화면\team\back\node_modules\pirates\lib\index.js:121:7)
    at Module.load (node:internal/modules/cjs/loader:1119:32)
    at Function.Module._load (node:internal/modules/cjs/loader:960:12)
    at Function.runMain (node:internal/modules/run_main:81:12)
    at Object.<anonymous> (C:\Users\echk1\OneDrive\바탕 화면\team\back\node_modules\@babel\node\src\_babel-node.ts:222:12)
    at Module._compile (node:internal/modules/cjs/loader:1256:14)
    at Object.Module._extensions..js (node:internal/modules/cjs/loader:1310:10)
    at Module.load (node:internal/modules/cjs/loader:1119:32)
    at Function.Module._load (node:internal/modules/cjs/loader:960:12)
    at Function.executeUserEntryPoint [as runMain] (node:internal/modules/run_main:81:12)
2023-08-14 17:48:12 error: uncaughtException: res is not defined
ReferenceError: res is not defined
    at Object.<anonymous> (C:\Users\echk1\OneDrive\바탕 화면\team\back\src\services\/reviewService.js:28:40)
    at Module._compile (node:internal/modules/cjs/loader:1256:14)
    at Module._compile (C:\Users\echk1\OneDrive\바탕 화면\team\back\node_modules\pirates\lib\index.js:117:24)
    at Module._extensions..js (node:internal/modules/cjs/loader:1310:10)
    at Object.newLoader [as .js] (C:\Users\echk1\OneDrive\바탕 화면\team\back\node_modules\pirates\lib\index.js:121:7)
    at Module.load (node:internal/modules/cjs/loader:1119:32)
    at Function.Module._load (node:internal/modules/cjs/loader:960:12)
    at Module.require (node:internal/modules/cjs/loader:1143:19)
    at require (node:internal/modules/cjs/helpers:110:18)
    at Object.<anonymous> (C:\Users\echk1\OneDrive\바탕 화면\team\back\src\controllers\/reviewController.js:1:31)
    at Module._compile (node:internal/modules/cjs/loader:1256:14)
    at Module._compile (C:\Users\echk1\OneDrive\바탕 화면\team\back\node_modules\pirates\lib\index.js:117:24)
    at Module._extensions..js (node:internal/modules/cjs/loader:1310:10)
    at Object.newLoader [as .js] (C:\Users\echk1\OneDrive\바탕 화면\team\back\node_modules\pirates\lib\index.js:121:7)
    at Module.load (node:internal/modules/cjs/loader:1119:32)
    at Function.Module._load (node:internal/modules/cjs/loader:960:12)
    at Module.require (node:internal/modules/cjs/loader:1143:19)
    at require (node:internal/modules/cjs/helpers:110:18)
    at Object.<anonymous> (C:\Users\echk1\OneDrive\바탕 화면\team\back\src\routes\/review.routes.js:7:5)
    at Module._compile (node:internal/modules/cjs/loader:1256:14)
    at Module._compile (C:\Users\echk1\OneDrive\바탕 화면\team\back\node_modules\pirates\lib\index.js:117:24)
    at Module._extensions..js (node:internal/modules/cjs/loader:1310:10)
    at Object.newLoader [as .js] (C:\Users\echk1\OneDrive\바탕 화면\team\back\node_modules\pirates\lib\index.js:121:7)
    at Module.load (node:internal/modules/cjs/loader:1119:32)
    at Function.Module._load (node:internal/modules/cjs/loader:960:12)
    at Module.require (node:internal/modules/cjs/loader:1143:19)
    at require (node:internal/modules/cjs/helpers:110:18)
    at Object.<anonymous> (C:\Users\echk1\OneDrive\바탕 화면\team\back\src\/app.js:3:1)
    at Module._compile (node:internal/modules/cjs/loader:1256:14)
    at Module._compile (C:\Users\echk1\OneDrive\바탕 화면\team\back\node_modules\pirates\lib\index.js:117:24)
    at Module._extensions..js (node:internal/modules/cjs/loader:1310:10)
    at Object.newLoader [as .js] (C:\Users\echk1\OneDrive\바탕 화면\team\back\node_modules\pirates\lib\index.js:121:7)
    at Module.load (node:internal/modules/cjs/loader:1119:32)
    at Function.Module._load (node:internal/modules/cjs/loader:960:12)
    at Module.require (node:internal/modules/cjs/loader:1143:19)
    at require (node:internal/modules/cjs/helpers:110:18)
    at Object.<anonymous> (C:\Users\echk1\OneDrive\바탕 화면\team\back\/index.js:2:1)
    at Module._compile (node:internal/modules/cjs/loader:1256:14)
    at Module._compile (C:\Users\echk1\OneDrive\바탕 화면\team\back\node_modules\pirates\lib\index.js:117:24)
    at Module._extensions..js (node:internal/modules/cjs/loader:1310:10)
    at Object.newLoader [as .js] (C:\Users\echk1\OneDrive\바탕 화면\team\back\node_modules\pirates\lib\index.js:121:7)
    at Module.load (node:internal/modules/cjs/loader:1119:32)
    at Function.Module._load (node:internal/modules/cjs/loader:960:12)
    at Function.runMain (node:internal/modules/run_main:81:12)
    at Object.<anonymous> (C:\Users\echk1\OneDrive\바탕 화면\team\back\node_modules\@babel\node\src\_babel-node.ts:222:12)
    at Module._compile (node:internal/modules/cjs/loader:1256:14)
    at Object.Module._extensions..js (node:internal/modules/cjs/loader:1310:10)
    at Module.load (node:internal/modules/cjs/loader:1119:32)
    at Function.Module._load (node:internal/modules/cjs/loader:960:12)
    at Function.executeUserEntryPoint [as runMain] (node:internal/modules/run_main:81:12)
2023-08-14 17:49:36 error: uncaughtException: res is not defined
ReferenceError: res is not defined
    at Object.<anonymous> (C:\Users\echk1\OneDrive\바탕 화면\team\back\src\services\/reviewService.js:28:40)
    at Module._compile (node:internal/modules/cjs/loader:1256:14)
    at Module._compile (C:\Users\echk1\OneDrive\바탕 화면\team\back\node_modules\pirates\lib\index.js:117:24)
    at Module._extensions..js (node:internal/modules/cjs/loader:1310:10)
    at Object.newLoader [as .js] (C:\Users\echk1\OneDrive\바탕 화면\team\back\node_modules\pirates\lib\index.js:121:7)
    at Module.load (node:internal/modules/cjs/loader:1119:32)
    at Function.Module._load (node:internal/modules/cjs/loader:960:12)
    at Module.require (node:internal/modules/cjs/loader:1143:19)
    at require (node:internal/modules/cjs/helpers:110:18)
    at Object.<anonymous> (C:\Users\echk1\OneDrive\바탕 화면\team\back\src\controllers\/reviewController.js:1:31)
    at Module._compile (node:internal/modules/cjs/loader:1256:14)
    at Module._compile (C:\Users\echk1\OneDrive\바탕 화면\team\back\node_modules\pirates\lib\index.js:117:24)
    at Module._extensions..js (node:internal/modules/cjs/loader:1310:10)
    at Object.newLoader [as .js] (C:\Users\echk1\OneDrive\바탕 화면\team\back\node_modules\pirates\lib\index.js:121:7)
    at Module.load (node:internal/modules/cjs/loader:1119:32)
    at Function.Module._load (node:internal/modules/cjs/loader:960:12)
    at Module.require (node:internal/modules/cjs/loader:1143:19)
    at require (node:internal/modules/cjs/helpers:110:18)
    at Object.<anonymous> (C:\Users\echk1\OneDrive\바탕 화면\team\back\src\routes\/review.routes.js:7:5)
    at Module._compile (node:internal/modules/cjs/loader:1256:14)
    at Module._compile (C:\Users\echk1\OneDrive\바탕 화면\team\back\node_modules\pirates\lib\index.js:117:24)
    at Module._extensions..js (node:internal/modules/cjs/loader:1310:10)
    at Object.newLoader [as .js] (C:\Users\echk1\OneDrive\바탕 화면\team\back\node_modules\pirates\lib\index.js:121:7)
    at Module.load (node:internal/modules/cjs/loader:1119:32)
    at Function.Module._load (node:internal/modules/cjs/loader:960:12)
    at Module.require (node:internal/modules/cjs/loader:1143:19)
    at require (node:internal/modules/cjs/helpers:110:18)
    at Object.<anonymous> (C:\Users\echk1\OneDrive\바탕 화면\team\back\src\/app.js:3:1)
    at Module._compile (node:internal/modules/cjs/loader:1256:14)
    at Module._compile (C:\Users\echk1\OneDrive\바탕 화면\team\back\node_modules\pirates\lib\index.js:117:24)
    at Module._extensions..js (node:internal/modules/cjs/loader:1310:10)
    at Object.newLoader [as .js] (C:\Users\echk1\OneDrive\바탕 화면\team\back\node_modules\pirates\lib\index.js:121:7)
    at Module.load (node:internal/modules/cjs/loader:1119:32)
    at Function.Module._load (node:internal/modules/cjs/loader:960:12)
    at Module.require (node:internal/modules/cjs/loader:1143:19)
    at require (node:internal/modules/cjs/helpers:110:18)
    at Object.<anonymous> (C:\Users\echk1\OneDrive\바탕 화면\team\back\/index.js:2:1)
    at Module._compile (node:internal/modules/cjs/loader:1256:14)
    at Module._compile (C:\Users\echk1\OneDrive\바탕 화면\team\back\node_modules\pirates\lib\index.js:117:24)
    at Module._extensions..js (node:internal/modules/cjs/loader:1310:10)
    at Object.newLoader [as .js] (C:\Users\echk1\OneDrive\바탕 화면\team\back\node_modules\pirates\lib\index.js:121:7)
    at Module.load (node:internal/modules/cjs/loader:1119:32)
    at Function.Module._load (node:internal/modules/cjs/loader:960:12)
    at Function.runMain (node:internal/modules/run_main:81:12)
    at Object.<anonymous> (C:\Users\echk1\OneDrive\바탕 화면\team\back\node_modules\@babel\node\src\_babel-node.ts:222:12)
    at Module._compile (node:internal/modules/cjs/loader:1256:14)
    at Object.Module._extensions..js (node:internal/modules/cjs/loader:1310:10)
    at Module.load (node:internal/modules/cjs/loader:1119:32)
    at Function.Module._load (node:internal/modules/cjs/loader:960:12)
    at Function.executeUserEntryPoint [as runMain] (node:internal/modules/run_main:81:12)
2023-08-14 17:51:47 error: uncaughtException: res is not defined
ReferenceError: res is not defined
    at Object.<anonymous> (C:\Users\echk1\OneDrive\바탕 화면\team\back\src\services\/reviewService.js:28:40)
    at Module._compile (node:internal/modules/cjs/loader:1256:14)
    at Module._compile (C:\Users\echk1\OneDrive\바탕 화면\team\back\node_modules\pirates\lib\index.js:117:24)
    at Module._extensions..js (node:internal/modules/cjs/loader:1310:10)
    at Object.newLoader [as .js] (C:\Users\echk1\OneDrive\바탕 화면\team\back\node_modules\pirates\lib\index.js:121:7)
    at Module.load (node:internal/modules/cjs/loader:1119:32)
    at Function.Module._load (node:internal/modules/cjs/loader:960:12)
    at Module.require (node:internal/modules/cjs/loader:1143:19)
    at require (node:internal/modules/cjs/helpers:110:18)
    at Object.<anonymous> (C:\Users\echk1\OneDrive\바탕 화면\team\back\src\controllers\/reviewController.js:1:31)
    at Module._compile (node:internal/modules/cjs/loader:1256:14)
    at Module._compile (C:\Users\echk1\OneDrive\바탕 화면\team\back\node_modules\pirates\lib\index.js:117:24)
    at Module._extensions..js (node:internal/modules/cjs/loader:1310:10)
    at Object.newLoader [as .js] (C:\Users\echk1\OneDrive\바탕 화면\team\back\node_modules\pirates\lib\index.js:121:7)
    at Module.load (node:internal/modules/cjs/loader:1119:32)
    at Function.Module._load (node:internal/modules/cjs/loader:960:12)
    at Module.require (node:internal/modules/cjs/loader:1143:19)
    at require (node:internal/modules/cjs/helpers:110:18)
    at Object.<anonymous> (C:\Users\echk1\OneDrive\바탕 화면\team\back\src\routes\/review.routes.js:7:5)
    at Module._compile (node:internal/modules/cjs/loader:1256:14)
    at Module._compile (C:\Users\echk1\OneDrive\바탕 화면\team\back\node_modules\pirates\lib\index.js:117:24)
    at Module._extensions..js (node:internal/modules/cjs/loader:1310:10)
    at Object.newLoader [as .js] (C:\Users\echk1\OneDrive\바탕 화면\team\back\node_modules\pirates\lib\index.js:121:7)
    at Module.load (node:internal/modules/cjs/loader:1119:32)
    at Function.Module._load (node:internal/modules/cjs/loader:960:12)
    at Module.require (node:internal/modules/cjs/loader:1143:19)
    at require (node:internal/modules/cjs/helpers:110:18)
    at Object.<anonymous> (C:\Users\echk1\OneDrive\바탕 화면\team\back\src\/app.js:3:1)
    at Module._compile (node:internal/modules/cjs/loader:1256:14)
    at Module._compile (C:\Users\echk1\OneDrive\바탕 화면\team\back\node_modules\pirates\lib\index.js:117:24)
    at Module._extensions..js (node:internal/modules/cjs/loader:1310:10)
    at Object.newLoader [as .js] (C:\Users\echk1\OneDrive\바탕 화면\team\back\node_modules\pirates\lib\index.js:121:7)
    at Module.load (node:internal/modules/cjs/loader:1119:32)
    at Function.Module._load (node:internal/modules/cjs/loader:960:12)
    at Module.require (node:internal/modules/cjs/loader:1143:19)
    at require (node:internal/modules/cjs/helpers:110:18)
    at Object.<anonymous> (C:\Users\echk1\OneDrive\바탕 화면\team\back\/index.js:2:1)
    at Module._compile (node:internal/modules/cjs/loader:1256:14)
    at Module._compile (C:\Users\echk1\OneDrive\바탕 화면\team\back\node_modules\pirates\lib\index.js:117:24)
    at Module._extensions..js (node:internal/modules/cjs/loader:1310:10)
    at Object.newLoader [as .js] (C:\Users\echk1\OneDrive\바탕 화면\team\back\node_modules\pirates\lib\index.js:121:7)
    at Module.load (node:internal/modules/cjs/loader:1119:32)
    at Function.Module._load (node:internal/modules/cjs/loader:960:12)
    at Function.runMain (node:internal/modules/run_main:81:12)
    at Object.<anonymous> (C:\Users\echk1\OneDrive\바탕 화면\team\back\node_modules\@babel\node\src\_babel-node.ts:222:12)
    at Module._compile (node:internal/modules/cjs/loader:1256:14)
    at Object.Module._extensions..js (node:internal/modules/cjs/loader:1310:10)
    at Module.load (node:internal/modules/cjs/loader:1119:32)
    at Function.Module._load (node:internal/modules/cjs/loader:960:12)
    at Function.executeUserEntryPoint [as runMain] (node:internal/modules/run_main:81:12)
2023-08-14 17:52:39 error: uncaughtException: res is not defined
ReferenceError: res is not defined
    at Object.<anonymous> (C:\Users\echk1\OneDrive\바탕 화면\team\back\src\services\/reviewService.js:28:40)
    at Module._compile (node:internal/modules/cjs/loader:1256:14)
    at Module._compile (C:\Users\echk1\OneDrive\바탕 화면\team\back\node_modules\pirates\lib\index.js:117:24)
    at Module._extensions..js (node:internal/modules/cjs/loader:1310:10)
    at Object.newLoader [as .js] (C:\Users\echk1\OneDrive\바탕 화면\team\back\node_modules\pirates\lib\index.js:121:7)
    at Module.load (node:internal/modules/cjs/loader:1119:32)
    at Function.Module._load (node:internal/modules/cjs/loader:960:12)
    at Module.require (node:internal/modules/cjs/loader:1143:19)
    at require (node:internal/modules/cjs/helpers:110:18)
    at Object.<anonymous> (C:\Users\echk1\OneDrive\바탕 화면\team\back\src\controllers\/reviewController.js:1:31)
    at Module._compile (node:internal/modules/cjs/loader:1256:14)
    at Module._compile (C:\Users\echk1\OneDrive\바탕 화면\team\back\node_modules\pirates\lib\index.js:117:24)
    at Module._extensions..js (node:internal/modules/cjs/loader:1310:10)
    at Object.newLoader [as .js] (C:\Users\echk1\OneDrive\바탕 화면\team\back\node_modules\pirates\lib\index.js:121:7)
    at Module.load (node:internal/modules/cjs/loader:1119:32)
    at Function.Module._load (node:internal/modules/cjs/loader:960:12)
    at Module.require (node:internal/modules/cjs/loader:1143:19)
    at require (node:internal/modules/cjs/helpers:110:18)
    at Object.<anonymous> (C:\Users\echk1\OneDrive\바탕 화면\team\back\src\routes\/review.routes.js:7:5)
    at Module._compile (node:internal/modules/cjs/loader:1256:14)
    at Module._compile (C:\Users\echk1\OneDrive\바탕 화면\team\back\node_modules\pirates\lib\index.js:117:24)
    at Module._extensions..js (node:internal/modules/cjs/loader:1310:10)
    at Object.newLoader [as .js] (C:\Users\echk1\OneDrive\바탕 화면\team\back\node_modules\pirates\lib\index.js:121:7)
    at Module.load (node:internal/modules/cjs/loader:1119:32)
    at Function.Module._load (node:internal/modules/cjs/loader:960:12)
    at Module.require (node:internal/modules/cjs/loader:1143:19)
    at require (node:internal/modules/cjs/helpers:110:18)
    at Object.<anonymous> (C:\Users\echk1\OneDrive\바탕 화면\team\back\src\/app.js:3:1)
    at Module._compile (node:internal/modules/cjs/loader:1256:14)
    at Module._compile (C:\Users\echk1\OneDrive\바탕 화면\team\back\node_modules\pirates\lib\index.js:117:24)
    at Module._extensions..js (node:internal/modules/cjs/loader:1310:10)
    at Object.newLoader [as .js] (C:\Users\echk1\OneDrive\바탕 화면\team\back\node_modules\pirates\lib\index.js:121:7)
    at Module.load (node:internal/modules/cjs/loader:1119:32)
    at Function.Module._load (node:internal/modules/cjs/loader:960:12)
    at Module.require (node:internal/modules/cjs/loader:1143:19)
    at require (node:internal/modules/cjs/helpers:110:18)
    at Object.<anonymous> (C:\Users\echk1\OneDrive\바탕 화면\team\back\/index.js:2:1)
    at Module._compile (node:internal/modules/cjs/loader:1256:14)
    at Module._compile (C:\Users\echk1\OneDrive\바탕 화면\team\back\node_modules\pirates\lib\index.js:117:24)
    at Module._extensions..js (node:internal/modules/cjs/loader:1310:10)
    at Object.newLoader [as .js] (C:\Users\echk1\OneDrive\바탕 화면\team\back\node_modules\pirates\lib\index.js:121:7)
    at Module.load (node:internal/modules/cjs/loader:1119:32)
    at Function.Module._load (node:internal/modules/cjs/loader:960:12)
    at Function.runMain (node:internal/modules/run_main:81:12)
    at Object.<anonymous> (C:\Users\echk1\OneDrive\바탕 화면\team\back\node_modules\@babel\node\src\_babel-node.ts:222:12)
    at Module._compile (node:internal/modules/cjs/loader:1256:14)
    at Object.Module._extensions..js (node:internal/modules/cjs/loader:1310:10)
    at Module.load (node:internal/modules/cjs/loader:1119:32)
    at Function.Module._load (node:internal/modules/cjs/loader:960:12)
    at Function.executeUserEntryPoint [as runMain] (node:internal/modules/run_main:81:12)
2023-08-14 17:55:56 error: uncaughtException: res is not defined
ReferenceError: res is not defined
    at Object.<anonymous> (C:\Users\echk1\OneDrive\바탕 화면\team\back\src\services\/reviewService.js:28:40)
    at Module._compile (node:internal/modules/cjs/loader:1256:14)
    at Module._compile (C:\Users\echk1\OneDrive\바탕 화면\team\back\node_modules\pirates\lib\index.js:117:24)
    at Module._extensions..js (node:internal/modules/cjs/loader:1310:10)
    at Object.newLoader [as .js] (C:\Users\echk1\OneDrive\바탕 화면\team\back\node_modules\pirates\lib\index.js:121:7)
    at Module.load (node:internal/modules/cjs/loader:1119:32)
    at Function.Module._load (node:internal/modules/cjs/loader:960:12)
    at Module.require (node:internal/modules/cjs/loader:1143:19)
    at require (node:internal/modules/cjs/helpers:110:18)
    at Object.<anonymous> (C:\Users\echk1\OneDrive\바탕 화면\team\back\src\controllers\/reviewController.js:1:31)
    at Module._compile (node:internal/modules/cjs/loader:1256:14)
    at Module._compile (C:\Users\echk1\OneDrive\바탕 화면\team\back\node_modules\pirates\lib\index.js:117:24)
    at Module._extensions..js (node:internal/modules/cjs/loader:1310:10)
    at Object.newLoader [as .js] (C:\Users\echk1\OneDrive\바탕 화면\team\back\node_modules\pirates\lib\index.js:121:7)
    at Module.load (node:internal/modules/cjs/loader:1119:32)
    at Function.Module._load (node:internal/modules/cjs/loader:960:12)
    at Module.require (node:internal/modules/cjs/loader:1143:19)
    at require (node:internal/modules/cjs/helpers:110:18)
    at Object.<anonymous> (C:\Users\echk1\OneDrive\바탕 화면\team\back\src\routes\/review.routes.js:8:5)
    at Module._compile (node:internal/modules/cjs/loader:1256:14)
    at Module._compile (C:\Users\echk1\OneDrive\바탕 화면\team\back\node_modules\pirates\lib\index.js:117:24)
    at Module._extensions..js (node:internal/modules/cjs/loader:1310:10)
    at Object.newLoader [as .js] (C:\Users\echk1\OneDrive\바탕 화면\team\back\node_modules\pirates\lib\index.js:121:7)
    at Module.load (node:internal/modules/cjs/loader:1119:32)
    at Function.Module._load (node:internal/modules/cjs/loader:960:12)
    at Module.require (node:internal/modules/cjs/loader:1143:19)
    at require (node:internal/modules/cjs/helpers:110:18)
    at Object.<anonymous> (C:\Users\echk1\OneDrive\바탕 화면\team\back\src\/app.js:3:1)
    at Module._compile (node:internal/modules/cjs/loader:1256:14)
    at Module._compile (C:\Users\echk1\OneDrive\바탕 화면\team\back\node_modules\pirates\lib\index.js:117:24)
    at Module._extensions..js (node:internal/modules/cjs/loader:1310:10)
    at Object.newLoader [as .js] (C:\Users\echk1\OneDrive\바탕 화면\team\back\node_modules\pirates\lib\index.js:121:7)
    at Module.load (node:internal/modules/cjs/loader:1119:32)
    at Function.Module._load (node:internal/modules/cjs/loader:960:12)
    at Module.require (node:internal/modules/cjs/loader:1143:19)
    at require (node:internal/modules/cjs/helpers:110:18)
    at Object.<anonymous> (C:\Users\echk1\OneDrive\바탕 화면\team\back\/index.js:2:1)
    at Module._compile (node:internal/modules/cjs/loader:1256:14)
    at Module._compile (C:\Users\echk1\OneDrive\바탕 화면\team\back\node_modules\pirates\lib\index.js:117:24)
    at Module._extensions..js (node:internal/modules/cjs/loader:1310:10)
    at Object.newLoader [as .js] (C:\Users\echk1\OneDrive\바탕 화면\team\back\node_modules\pirates\lib\index.js:121:7)
    at Module.load (node:internal/modules/cjs/loader:1119:32)
    at Function.Module._load (node:internal/modules/cjs/loader:960:12)
    at Function.runMain (node:internal/modules/run_main:81:12)
    at Object.<anonymous> (C:\Users\echk1\OneDrive\바탕 화면\team\back\node_modules\@babel\node\src\_babel-node.ts:222:12)
    at Module._compile (node:internal/modules/cjs/loader:1256:14)
    at Object.Module._extensions..js (node:internal/modules/cjs/loader:1310:10)
    at Module.load (node:internal/modules/cjs/loader:1119:32)
    at Function.Module._load (node:internal/modules/cjs/loader:960:12)
    at Function.executeUserEntryPoint [as runMain] (node:internal/modules/run_main:81:12)
2023-08-14 17:57:13 error: uncaughtException: res is not defined
ReferenceError: res is not defined
    at Object.<anonymous> (C:\Users\echk1\OneDrive\바탕 화면\team\back\src\services\/reviewService.js:28:40)
    at Module._compile (node:internal/modules/cjs/loader:1256:14)
    at Module._compile (C:\Users\echk1\OneDrive\바탕 화면\team\back\node_modules\pirates\lib\index.js:117:24)
    at Module._extensions..js (node:internal/modules/cjs/loader:1310:10)
    at Object.newLoader [as .js] (C:\Users\echk1\OneDrive\바탕 화면\team\back\node_modules\pirates\lib\index.js:121:7)
    at Module.load (node:internal/modules/cjs/loader:1119:32)
    at Function.Module._load (node:internal/modules/cjs/loader:960:12)
    at Module.require (node:internal/modules/cjs/loader:1143:19)
    at require (node:internal/modules/cjs/helpers:110:18)
    at Object.<anonymous> (C:\Users\echk1\OneDrive\바탕 화면\team\back\src\controllers\/reviewController.js:1:31)
    at Module._compile (node:internal/modules/cjs/loader:1256:14)
    at Module._compile (C:\Users\echk1\OneDrive\바탕 화면\team\back\node_modules\pirates\lib\index.js:117:24)
    at Module._extensions..js (node:internal/modules/cjs/loader:1310:10)
    at Object.newLoader [as .js] (C:\Users\echk1\OneDrive\바탕 화면\team\back\node_modules\pirates\lib\index.js:121:7)
    at Module.load (node:internal/modules/cjs/loader:1119:32)
    at Function.Module._load (node:internal/modules/cjs/loader:960:12)
    at Module.require (node:internal/modules/cjs/loader:1143:19)
    at require (node:internal/modules/cjs/helpers:110:18)
    at Object.<anonymous> (C:\Users\echk1\OneDrive\바탕 화면\team\back\src\routes\/review.routes.js:8:5)
    at Module._compile (node:internal/modules/cjs/loader:1256:14)
    at Module._compile (C:\Users\echk1\OneDrive\바탕 화면\team\back\node_modules\pirates\lib\index.js:117:24)
    at Module._extensions..js (node:internal/modules/cjs/loader:1310:10)
    at Object.newLoader [as .js] (C:\Users\echk1\OneDrive\바탕 화면\team\back\node_modules\pirates\lib\index.js:121:7)
    at Module.load (node:internal/modules/cjs/loader:1119:32)
    at Function.Module._load (node:internal/modules/cjs/loader:960:12)
    at Module.require (node:internal/modules/cjs/loader:1143:19)
    at require (node:internal/modules/cjs/helpers:110:18)
    at Object.<anonymous> (C:\Users\echk1\OneDrive\바탕 화면\team\back\src\/app.js:3:1)
    at Module._compile (node:internal/modules/cjs/loader:1256:14)
    at Module._compile (C:\Users\echk1\OneDrive\바탕 화면\team\back\node_modules\pirates\lib\index.js:117:24)
    at Module._extensions..js (node:internal/modules/cjs/loader:1310:10)
    at Object.newLoader [as .js] (C:\Users\echk1\OneDrive\바탕 화면\team\back\node_modules\pirates\lib\index.js:121:7)
    at Module.load (node:internal/modules/cjs/loader:1119:32)
    at Function.Module._load (node:internal/modules/cjs/loader:960:12)
    at Module.require (node:internal/modules/cjs/loader:1143:19)
    at require (node:internal/modules/cjs/helpers:110:18)
    at Object.<anonymous> (C:\Users\echk1\OneDrive\바탕 화면\team\back\/index.js:2:1)
    at Module._compile (node:internal/modules/cjs/loader:1256:14)
    at Module._compile (C:\Users\echk1\OneDrive\바탕 화면\team\back\node_modules\pirates\lib\index.js:117:24)
    at Module._extensions..js (node:internal/modules/cjs/loader:1310:10)
    at Object.newLoader [as .js] (C:\Users\echk1\OneDrive\바탕 화면\team\back\node_modules\pirates\lib\index.js:121:7)
    at Module.load (node:internal/modules/cjs/loader:1119:32)
    at Function.Module._load (node:internal/modules/cjs/loader:960:12)
    at Function.runMain (node:internal/modules/run_main:81:12)
    at Object.<anonymous> (C:\Users\echk1\OneDrive\바탕 화면\team\back\node_modules\@babel\node\src\_babel-node.ts:222:12)
    at Module._compile (node:internal/modules/cjs/loader:1256:14)
    at Object.Module._extensions..js (node:internal/modules/cjs/loader:1310:10)
    at Module.load (node:internal/modules/cjs/loader:1119:32)
    at Function.Module._load (node:internal/modules/cjs/loader:960:12)
    at Function.executeUserEntryPoint [as runMain] (node:internal/modules/run_main:81:12)
2023-08-14 17:58:34 error: uncaughtException: res is not defined
ReferenceError: res is not defined
    at Object.<anonymous> (C:\Users\echk1\OneDrive\바탕 화면\team\back\src\services\/reviewService.js:28:40)
    at Module._compile (node:internal/modules/cjs/loader:1256:14)
    at Module._compile (C:\Users\echk1\OneDrive\바탕 화면\team\back\node_modules\pirates\lib\index.js:117:24)
    at Module._extensions..js (node:internal/modules/cjs/loader:1310:10)
    at Object.newLoader [as .js] (C:\Users\echk1\OneDrive\바탕 화면\team\back\node_modules\pirates\lib\index.js:121:7)
    at Module.load (node:internal/modules/cjs/loader:1119:32)
    at Function.Module._load (node:internal/modules/cjs/loader:960:12)
    at Module.require (node:internal/modules/cjs/loader:1143:19)
    at require (node:internal/modules/cjs/helpers:110:18)
    at Object.<anonymous> (C:\Users\echk1\OneDrive\바탕 화면\team\back\src\controllers\/reviewController.js:1:31)
    at Module._compile (node:internal/modules/cjs/loader:1256:14)
    at Module._compile (C:\Users\echk1\OneDrive\바탕 화면\team\back\node_modules\pirates\lib\index.js:117:24)
    at Module._extensions..js (node:internal/modules/cjs/loader:1310:10)
    at Object.newLoader [as .js] (C:\Users\echk1\OneDrive\바탕 화면\team\back\node_modules\pirates\lib\index.js:121:7)
    at Module.load (node:internal/modules/cjs/loader:1119:32)
    at Function.Module._load (node:internal/modules/cjs/loader:960:12)
    at Module.require (node:internal/modules/cjs/loader:1143:19)
    at require (node:internal/modules/cjs/helpers:110:18)
    at Object.<anonymous> (C:\Users\echk1\OneDrive\바탕 화면\team\back\src\routes\/review.routes.js:8:5)
    at Module._compile (node:internal/modules/cjs/loader:1256:14)
    at Module._compile (C:\Users\echk1\OneDrive\바탕 화면\team\back\node_modules\pirates\lib\index.js:117:24)
    at Module._extensions..js (node:internal/modules/cjs/loader:1310:10)
    at Object.newLoader [as .js] (C:\Users\echk1\OneDrive\바탕 화면\team\back\node_modules\pirates\lib\index.js:121:7)
    at Module.load (node:internal/modules/cjs/loader:1119:32)
    at Function.Module._load (node:internal/modules/cjs/loader:960:12)
    at Module.require (node:internal/modules/cjs/loader:1143:19)
    at require (node:internal/modules/cjs/helpers:110:18)
    at Object.<anonymous> (C:\Users\echk1\OneDrive\바탕 화면\team\back\src\/app.js:3:1)
    at Module._compile (node:internal/modules/cjs/loader:1256:14)
    at Module._compile (C:\Users\echk1\OneDrive\바탕 화면\team\back\node_modules\pirates\lib\index.js:117:24)
    at Module._extensions..js (node:internal/modules/cjs/loader:1310:10)
    at Object.newLoader [as .js] (C:\Users\echk1\OneDrive\바탕 화면\team\back\node_modules\pirates\lib\index.js:121:7)
    at Module.load (node:internal/modules/cjs/loader:1119:32)
    at Function.Module._load (node:internal/modules/cjs/loader:960:12)
    at Module.require (node:internal/modules/cjs/loader:1143:19)
    at require (node:internal/modules/cjs/helpers:110:18)
    at Object.<anonymous> (C:\Users\echk1\OneDrive\바탕 화면\team\back\/index.js:2:1)
    at Module._compile (node:internal/modules/cjs/loader:1256:14)
    at Module._compile (C:\Users\echk1\OneDrive\바탕 화면\team\back\node_modules\pirates\lib\index.js:117:24)
    at Module._extensions..js (node:internal/modules/cjs/loader:1310:10)
    at Object.newLoader [as .js] (C:\Users\echk1\OneDrive\바탕 화면\team\back\node_modules\pirates\lib\index.js:121:7)
    at Module.load (node:internal/modules/cjs/loader:1119:32)
    at Function.Module._load (node:internal/modules/cjs/loader:960:12)
    at Function.runMain (node:internal/modules/run_main:81:12)
    at Object.<anonymous> (C:\Users\echk1\OneDrive\바탕 화면\team\back\node_modules\@babel\node\src\_babel-node.ts:222:12)
    at Module._compile (node:internal/modules/cjs/loader:1256:14)
    at Object.Module._extensions..js (node:internal/modules/cjs/loader:1310:10)
    at Module.load (node:internal/modules/cjs/loader:1119:32)
    at Function.Module._load (node:internal/modules/cjs/loader:960:12)
    at Function.executeUserEntryPoint [as runMain] (node:internal/modules/run_main:81:12)
2023-08-14 17:58:44 error: uncaughtException: res is not defined
ReferenceError: res is not defined
    at Object.<anonymous> (C:\Users\echk1\OneDrive\바탕 화면\team\back\src\services\/reviewService.js:28:40)
    at Module._compile (node:internal/modules/cjs/loader:1256:14)
    at Module._compile (C:\Users\echk1\OneDrive\바탕 화면\team\back\node_modules\pirates\lib\index.js:117:24)
    at Module._extensions..js (node:internal/modules/cjs/loader:1310:10)
    at Object.newLoader [as .js] (C:\Users\echk1\OneDrive\바탕 화면\team\back\node_modules\pirates\lib\index.js:121:7)
    at Module.load (node:internal/modules/cjs/loader:1119:32)
    at Function.Module._load (node:internal/modules/cjs/loader:960:12)
    at Module.require (node:internal/modules/cjs/loader:1143:19)
    at require (node:internal/modules/cjs/helpers:110:18)
    at Object.<anonymous> (C:\Users\echk1\OneDrive\바탕 화면\team\back\src\controllers\/reviewController.js:1:31)
    at Module._compile (node:internal/modules/cjs/loader:1256:14)
    at Module._compile (C:\Users\echk1\OneDrive\바탕 화면\team\back\node_modules\pirates\lib\index.js:117:24)
    at Module._extensions..js (node:internal/modules/cjs/loader:1310:10)
    at Object.newLoader [as .js] (C:\Users\echk1\OneDrive\바탕 화면\team\back\node_modules\pirates\lib\index.js:121:7)
    at Module.load (node:internal/modules/cjs/loader:1119:32)
    at Function.Module._load (node:internal/modules/cjs/loader:960:12)
    at Module.require (node:internal/modules/cjs/loader:1143:19)
    at require (node:internal/modules/cjs/helpers:110:18)
    at Object.<anonymous> (C:\Users\echk1\OneDrive\바탕 화면\team\back\src\routes\/review.routes.js:8:5)
    at Module._compile (node:internal/modules/cjs/loader:1256:14)
    at Module._compile (C:\Users\echk1\OneDrive\바탕 화면\team\back\node_modules\pirates\lib\index.js:117:24)
    at Module._extensions..js (node:internal/modules/cjs/loader:1310:10)
    at Object.newLoader [as .js] (C:\Users\echk1\OneDrive\바탕 화면\team\back\node_modules\pirates\lib\index.js:121:7)
    at Module.load (node:internal/modules/cjs/loader:1119:32)
    at Function.Module._load (node:internal/modules/cjs/loader:960:12)
    at Module.require (node:internal/modules/cjs/loader:1143:19)
    at require (node:internal/modules/cjs/helpers:110:18)
    at Object.<anonymous> (C:\Users\echk1\OneDrive\바탕 화면\team\back\src\/app.js:3:1)
    at Module._compile (node:internal/modules/cjs/loader:1256:14)
    at Module._compile (C:\Users\echk1\OneDrive\바탕 화면\team\back\node_modules\pirates\lib\index.js:117:24)
    at Module._extensions..js (node:internal/modules/cjs/loader:1310:10)
    at Object.newLoader [as .js] (C:\Users\echk1\OneDrive\바탕 화면\team\back\node_modules\pirates\lib\index.js:121:7)
    at Module.load (node:internal/modules/cjs/loader:1119:32)
    at Function.Module._load (node:internal/modules/cjs/loader:960:12)
    at Module.require (node:internal/modules/cjs/loader:1143:19)
    at require (node:internal/modules/cjs/helpers:110:18)
    at Object.<anonymous> (C:\Users\echk1\OneDrive\바탕 화면\team\back\/index.js:2:1)
    at Module._compile (node:internal/modules/cjs/loader:1256:14)
    at Module._compile (C:\Users\echk1\OneDrive\바탕 화면\team\back\node_modules\pirates\lib\index.js:117:24)
    at Module._extensions..js (node:internal/modules/cjs/loader:1310:10)
    at Object.newLoader [as .js] (C:\Users\echk1\OneDrive\바탕 화면\team\back\node_modules\pirates\lib\index.js:121:7)
    at Module.load (node:internal/modules/cjs/loader:1119:32)
    at Function.Module._load (node:internal/modules/cjs/loader:960:12)
    at Function.runMain (node:internal/modules/run_main:81:12)
    at Object.<anonymous> (C:\Users\echk1\OneDrive\바탕 화면\team\back\node_modules\@babel\node\src\_babel-node.ts:222:12)
    at Module._compile (node:internal/modules/cjs/loader:1256:14)
    at Object.Module._extensions..js (node:internal/modules/cjs/loader:1310:10)
    at Module.load (node:internal/modules/cjs/loader:1119:32)
    at Function.Module._load (node:internal/modules/cjs/loader:960:12)
    at Function.executeUserEntryPoint [as runMain] (node:internal/modules/run_main:81:12)
