2023-08-15 00:05:52 error: uncaughtException: Cast to string failed for value "{ email: 'test@naver.com' }" (type Object) at path "email" for model "User"
CastError: Cast to string failed for value "{ email: 'test@naver.com' }" (type Object) at path "email" for model "User"
    at SchemaString.cast (C:\Users\nib09\Desktop\teamproject\back\node_modules\mongoose\lib\schema\string.js:606:11)
    at SchemaString.SchemaType.applySetters (C:\Users\nib09\Desktop\teamproject\back\node_modules\mongoose\lib\schematype.js:1220:12)
    at SchemaString.castForQuery (C:\Users\nib09\Desktop\teamproject\back\node_modules\mongoose\lib\schema\string.js:690:15)
    at cast (C:\Users\nib09\Desktop\teamproject\back\node_modules\mongoose\lib\cast.js:298:34)
    at model.Query.Query.cast (C:\Users\nib09\Desktop\teamproject\back\node_modules\mongoose\lib\query.js:4900:12)
    at model.Query.Query._castConditions (C:\Users\nib09\Desktop\teamproject\back\node_modules\mongoose\lib\query.js:2223:10)
    at model.Query._findOne (C:\Users\nib09\Desktop\teamproject\back\node_modules\mongoose\lib\query.js:2510:8)
    at model.Query.exec (C:\Users\nib09\Desktop\teamproject\back\node_modules\mongoose\lib\query.js:4419:28)
    at processTicksAndRejections (node:internal/process/task_queues:95:5)
2023-08-15 00:06:54 error: uncaughtException: Cast to string failed for value "{ email: 'test@naver.com' }" (type Object) at path "email" for model "User"
CastError: Cast to string failed for value "{ email: 'test@naver.com' }" (type Object) at path "email" for model "User"
    at SchemaString.cast (C:\Users\nib09\Desktop\teamproject\back\node_modules\mongoose\lib\schema\string.js:606:11)
    at SchemaString.SchemaType.applySetters (C:\Users\nib09\Desktop\teamproject\back\node_modules\mongoose\lib\schematype.js:1220:12)
    at SchemaString.castForQuery (C:\Users\nib09\Desktop\teamproject\back\node_modules\mongoose\lib\schema\string.js:690:15)
    at cast (C:\Users\nib09\Desktop\teamproject\back\node_modules\mongoose\lib\cast.js:298:34)
    at model.Query.Query.cast (C:\Users\nib09\Desktop\teamproject\back\node_modules\mongoose\lib\query.js:4900:12)
    at model.Query.Query._castConditions (C:\Users\nib09\Desktop\teamproject\back\node_modules\mongoose\lib\query.js:2223:10)
    at model.Query._findOne (C:\Users\nib09\Desktop\teamproject\back\node_modules\mongoose\lib\query.js:2510:8)
    at model.Query.exec (C:\Users\nib09\Desktop\teamproject\back\node_modules\mongoose\lib\query.js:4419:28)
    at processTicksAndRejections (node:internal/process/task_queues:95:5)
2023-08-15 00:12:42 error: uncaughtException: Cast to string failed for value "{ email: 'test@naver.com' }" (type Object) at path "email" for model "User"
CastError: Cast to string failed for value "{ email: 'test@naver.com' }" (type Object) at path "email" for model "User"
    at SchemaString.cast (C:\Users\nib09\Desktop\teamproject\back\node_modules\mongoose\lib\schema\string.js:606:11)
    at SchemaString.SchemaType.applySetters (C:\Users\nib09\Desktop\teamproject\back\node_modules\mongoose\lib\schematype.js:1220:12)
    at SchemaString.castForQuery (C:\Users\nib09\Desktop\teamproject\back\node_modules\mongoose\lib\schema\string.js:690:15)
    at cast (C:\Users\nib09\Desktop\teamproject\back\node_modules\mongoose\lib\cast.js:298:34)
    at model.Query.Query.cast (C:\Users\nib09\Desktop\teamproject\back\node_modules\mongoose\lib\query.js:4900:12)
    at model.Query.Query._castConditions (C:\Users\nib09\Desktop\teamproject\back\node_modules\mongoose\lib\query.js:2223:10)
    at model.Query._findOne (C:\Users\nib09\Desktop\teamproject\back\node_modules\mongoose\lib\query.js:2510:8)
    at model.Query.exec (C:\Users\nib09\Desktop\teamproject\back\node_modules\mongoose\lib\query.js:4419:28)
    at processTicksAndRejections (node:internal/process/task_queues:95:5)
2023-08-15 00:23:27 error: uncaughtException: Cast to string failed for value "{ email: 'test@naver.com' }" (type Object) at path "email" for model "User"
CastError: Cast to string failed for value "{ email: 'test@naver.com' }" (type Object) at path "email" for model "User"
    at SchemaString.cast (C:\Users\nib09\Desktop\teamproject\back\node_modules\mongoose\lib\schema\string.js:606:11)
    at SchemaString.SchemaType.applySetters (C:\Users\nib09\Desktop\teamproject\back\node_modules\mongoose\lib\schematype.js:1220:12)
    at SchemaString.castForQuery (C:\Users\nib09\Desktop\teamproject\back\node_modules\mongoose\lib\schema\string.js:690:15)
    at cast (C:\Users\nib09\Desktop\teamproject\back\node_modules\mongoose\lib\cast.js:298:34)
    at model.Query.Query.cast (C:\Users\nib09\Desktop\teamproject\back\node_modules\mongoose\lib\query.js:4900:12)
    at model.Query.Query._castConditions (C:\Users\nib09\Desktop\teamproject\back\node_modules\mongoose\lib\query.js:2223:10)
    at model.Query._findOne (C:\Users\nib09\Desktop\teamproject\back\node_modules\mongoose\lib\query.js:2510:8)
    at model.Query.exec (C:\Users\nib09\Desktop\teamproject\back\node_modules\mongoose\lib\query.js:4419:28)
    at processTicksAndRejections (node:internal/process/task_queues:95:5)
2023-08-15 00:24:12 error: uncaughtException: Cast to string failed for value "{ email: 'test@naver.com' }" (type Object) at path "email" for model "User"
CastError: Cast to string failed for value "{ email: 'test@naver.com' }" (type Object) at path "email" for model "User"
    at SchemaString.cast (C:\Users\nib09\Desktop\teamproject\back\node_modules\mongoose\lib\schema\string.js:606:11)
    at SchemaString.SchemaType.applySetters (C:\Users\nib09\Desktop\teamproject\back\node_modules\mongoose\lib\schematype.js:1220:12)
    at SchemaString.castForQuery (C:\Users\nib09\Desktop\teamproject\back\node_modules\mongoose\lib\schema\string.js:690:15)
    at cast (C:\Users\nib09\Desktop\teamproject\back\node_modules\mongoose\lib\cast.js:298:34)
    at model.Query.Query.cast (C:\Users\nib09\Desktop\teamproject\back\node_modules\mongoose\lib\query.js:4900:12)
    at model.Query.Query._castConditions (C:\Users\nib09\Desktop\teamproject\back\node_modules\mongoose\lib\query.js:2223:10)
    at model.Query._findOne (C:\Users\nib09\Desktop\teamproject\back\node_modules\mongoose\lib\query.js:2510:8)
    at model.Query.exec (C:\Users\nib09\Desktop\teamproject\back\node_modules\mongoose\lib\query.js:4419:28)
    at processTicksAndRejections (node:internal/process/task_queues:95:5)
2023-08-15 00:28:05 error: uncaughtException: Cast to string failed for value "{ email: 'test@naver.com' }" (type Object) at path "email" for model "User"
CastError: Cast to string failed for value "{ email: 'test@naver.com' }" (type Object) at path "email" for model "User"
    at SchemaString.cast (C:\Users\nib09\Desktop\teamproject\back\node_modules\mongoose\lib\schema\string.js:606:11)
    at SchemaString.SchemaType.applySetters (C:\Users\nib09\Desktop\teamproject\back\node_modules\mongoose\lib\schematype.js:1220:12)
    at SchemaString.castForQuery (C:\Users\nib09\Desktop\teamproject\back\node_modules\mongoose\lib\schema\string.js:690:15)
    at cast (C:\Users\nib09\Desktop\teamproject\back\node_modules\mongoose\lib\cast.js:298:34)
    at model.Query.Query.cast (C:\Users\nib09\Desktop\teamproject\back\node_modules\mongoose\lib\query.js:4900:12)
    at model.Query.Query._castConditions (C:\Users\nib09\Desktop\teamproject\back\node_modules\mongoose\lib\query.js:2223:10)
    at model.Query._findOne (C:\Users\nib09\Desktop\teamproject\back\node_modules\mongoose\lib\query.js:2510:8)
    at model.Query.exec (C:\Users\nib09\Desktop\teamproject\back\node_modules\mongoose\lib\query.js:4419:28)
    at processTicksAndRejections (node:internal/process/task_queues:95:5)
2023-08-15 00:32:57 error: uncaughtException: user is not allowed to do action [find] on [test.users]
MongoServerError: user is not allowed to do action [find] on [test.users]
    at Connection.onMessage (C:\Users\nib09\Desktop\teamproject\back\node_modules\mongodb\src\cmap\connection.ts:413:18)
    at MessageStream.<anonymous> (C:\Users\nib09\Desktop\teamproject\back\node_modules\mongodb\src\cmap\connection.ts:243:56)
    at MessageStream.emit (node:events:513:28)
    at MessageStream.emit (node:domain:489:12)
    at processIncomingData (C:\Users\nib09\Desktop\teamproject\back\node_modules\mongodb\src\cmap\message_stream.ts:193:12)
    at MessageStream._write (C:\Users\nib09\Desktop\teamproject\back\node_modules\mongodb\src\cmap\message_stream.ts:74:5)
    at writeOrBuffer (node:internal/streams/writable:392:12)
    at _write (node:internal/streams/writable:333:10)
    at MessageStream.Writable.write (node:internal/streams/writable:337:10)
    at TLSSocket.ondata (node:internal/streams/readable:766:22)
    at TLSSocket.emit (node:events:513:28)
    at TLSSocket.emit (node:domain:489:12)
    at addChunk (node:internal/streams/readable:324:12)
    at readableAddChunk (node:internal/streams/readable:297:9)
    at TLSSocket.Readable.push (node:internal/streams/readable:234:10)
    at TLSWrap.onStreamRead (node:internal/stream_base_commons:190:23)
2023-08-15 10:56:10 error: uncaughtException: JwtStrategy requires a secret or key
TypeError: JwtStrategy requires a secret or key
    at new JwtStrategy (C:\Users\nib09\Desktop\teamproject\back\node_modules\passport-jwt\lib\strategy.js:45:15)
    at jwt (C:\Users\nib09\Desktop\teamproject\back\src\config\/passport.js:40:23)
    at Object.<anonymous> (C:\Users\nib09\Desktop\teamproject\back\src\/app.js:16:4)
    at Module._compile (node:internal/modules/cjs/loader:1254:14)
    at Module._compile (C:\Users\nib09\Desktop\teamproject\back\node_modules\pirates\lib\index.js:117:24)
    at Module._extensions..js (node:internal/modules/cjs/loader:1308:10)
    at Object.newLoader [as .js] (C:\Users\nib09\Desktop\teamproject\back\node_modules\pirates\lib\index.js:121:7)
    at Module.load (node:internal/modules/cjs/loader:1117:32)
    at Function.Module._load (node:internal/modules/cjs/loader:958:12)
    at Module.require (node:internal/modules/cjs/loader:1141:19)
    at require (node:internal/modules/cjs/helpers:110:18)
    at Object.<anonymous> (C:\Users\nib09\Desktop\teamproject\back\/index.js:2:1)
    at Module._compile (node:internal/modules/cjs/loader:1254:14)
    at Module._compile (C:\Users\nib09\Desktop\teamproject\back\node_modules\pirates\lib\index.js:117:24)
    at Module._extensions..js (node:internal/modules/cjs/loader:1308:10)
    at Object.newLoader [as .js] (C:\Users\nib09\Desktop\teamproject\back\node_modules\pirates\lib\index.js:121:7)
    at Module.load (node:internal/modules/cjs/loader:1117:32)
    at Function.Module._load (node:internal/modules/cjs/loader:958:12)
    at Function.runMain (node:internal/modules/run_main:81:12)
    at Object.<anonymous> (C:\Users\nib09\Desktop\teamproject\back\node_modules\@babel\node\src\_babel-node.ts:222:12)
    at Module._compile (node:internal/modules/cjs/loader:1254:14)
    at Object.Module._extensions..js (node:internal/modules/cjs/loader:1308:10)
    at Module.load (node:internal/modules/cjs/loader:1117:32)
    at Function.Module._load (node:internal/modules/cjs/loader:958:12)
    at Function.executeUserEntryPoint [as runMain] (node:internal/modules/run_main:81:12)
    at node:internal/main/run_main_module:23:47
2023-08-15 10:59:49 error: uncaughtException: JwtStrategy requires a secret or key
TypeError: JwtStrategy requires a secret or key
    at new JwtStrategy (C:\Users\nib09\Desktop\teamproject\back\node_modules\passport-jwt\lib\strategy.js:45:15)
    at jwt (C:\Users\nib09\Desktop\teamproject\back\src\config\/passport.js:40:23)
    at Object.<anonymous> (C:\Users\nib09\Desktop\teamproject\back\src\/app.js:16:4)
    at Module._compile (node:internal/modules/cjs/loader:1254:14)
    at Module._compile (C:\Users\nib09\Desktop\teamproject\back\node_modules\pirates\lib\index.js:117:24)
    at Module._extensions..js (node:internal/modules/cjs/loader:1308:10)
    at Object.newLoader [as .js] (C:\Users\nib09\Desktop\teamproject\back\node_modules\pirates\lib\index.js:121:7)
    at Module.load (node:internal/modules/cjs/loader:1117:32)
    at Function.Module._load (node:internal/modules/cjs/loader:958:12)
    at Module.require (node:internal/modules/cjs/loader:1141:19)
2023-08-15 11:00:05 error: uncaughtException: JwtStrategy requires a secret or key
TypeError: JwtStrategy requires a secret or key
    at new JwtStrategy (C:\Users\nib09\Desktop\teamproject\back\node_modules\passport-jwt\lib\strategy.js:45:15)
    at jwt (C:\Users\nib09\Desktop\teamproject\back\src\config\/passport.js:40:23)
    at Object.<anonymous> (C:\Users\nib09\Desktop\teamproject\back\src\/app.js:16:4)
    at Module._compile (node:internal/modules/cjs/loader:1254:14)
    at Module._compile (C:\Users\nib09\Desktop\teamproject\back\node_modules\pirates\lib\index.js:117:24)
    at Module._extensions..js (node:internal/modules/cjs/loader:1308:10)
    at Object.newLoader [as .js] (C:\Users\nib09\Desktop\teamproject\back\node_modules\pirates\lib\index.js:121:7)
    at Module.load (node:internal/modules/cjs/loader:1117:32)
    at Function.Module._load (node:internal/modules/cjs/loader:958:12)
    at Module.require (node:internal/modules/cjs/loader:1141:19)
2023-08-15 11:18:18 error: uncaughtException: (0 , _passport.local) is not a function
TypeError: (0 , _passport.local) is not a function
    at Object.<anonymous> (C:\Users\nib09\Desktop\teamproject\back\src\/app.js:15:6)
    at Module._compile (node:internal/modules/cjs/loader:1254:14)
    at Module._compile (C:\Users\nib09\Desktop\teamproject\back\node_modules\pirates\lib\index.js:117:24)
    at Module._extensions..js (node:internal/modules/cjs/loader:1308:10)
    at Object.newLoader [as .js] (C:\Users\nib09\Desktop\teamproject\back\node_modules\pirates\lib\index.js:121:7)
    at Module.load (node:internal/modules/cjs/loader:1117:32)
    at Function.Module._load (node:internal/modules/cjs/loader:958:12)
    at Module.require (node:internal/modules/cjs/loader:1141:19)
    at require (node:internal/modules/cjs/helpers:110:18)
    at Object.<anonymous> (C:\Users\nib09\Desktop\teamproject\back\/index.js:2:1)
    at Module._compile (node:internal/modules/cjs/loader:1254:14)
    at Module._compile (C:\Users\nib09\Desktop\teamproject\back\node_modules\pirates\lib\index.js:117:24)
    at Module._extensions..js (node:internal/modules/cjs/loader:1308:10)
    at Object.newLoader [as .js] (C:\Users\nib09\Desktop\teamproject\back\node_modules\pirates\lib\index.js:121:7)
    at Module.load (node:internal/modules/cjs/loader:1117:32)
    at Function.Module._load (node:internal/modules/cjs/loader:958:12)
    at Function.runMain (node:internal/modules/run_main:81:12)
    at Object.<anonymous> (C:\Users\nib09\Desktop\teamproject\back\node_modules\@babel\node\src\_babel-node.ts:222:12)
    at Module._compile (node:internal/modules/cjs/loader:1254:14)
    at Object.Module._extensions..js (node:internal/modules/cjs/loader:1308:10)
    at Module.load (node:internal/modules/cjs/loader:1117:32)
    at Function.Module._load (node:internal/modules/cjs/loader:958:12)
    at Function.executeUserEntryPoint [as runMain] (node:internal/modules/run_main:81:12)
    at node:internal/main/run_main_module:23:47
2023-08-15 11:18:45 error: uncaughtException: JwtStrategy requires a secret or key
TypeError: JwtStrategy requires a secret or key
    at new JwtStrategy (C:\Users\nib09\Desktop\teamproject\back\node_modules\passport-jwt\lib\strategy.js:45:15)
    at jwtStrategy (C:\Users\nib09\Desktop\teamproject\back\src\config\/passport.js:40:23)
    at Object.<anonymous> (C:\Users\nib09\Desktop\teamproject\back\src\/app.js:16:12)
    at Module._compile (node:internal/modules/cjs/loader:1254:14)
    at Module._compile (C:\Users\nib09\Desktop\teamproject\back\node_modules\pirates\lib\index.js:117:24)
    at Module._extensions..js (node:internal/modules/cjs/loader:1308:10)
    at Object.newLoader [as .js] (C:\Users\nib09\Desktop\teamproject\back\node_modules\pirates\lib\index.js:121:7)
    at Module.load (node:internal/modules/cjs/loader:1117:32)
    at Function.Module._load (node:internal/modules/cjs/loader:958:12)
    at Module.require (node:internal/modules/cjs/loader:1141:19)
    at require (node:internal/modules/cjs/helpers:110:18)
    at Object.<anonymous> (C:\Users\nib09\Desktop\teamproject\back\/index.js:2:1)
    at Module._compile (node:internal/modules/cjs/loader:1254:14)
    at Module._compile (C:\Users\nib09\Desktop\teamproject\back\node_modules\pirates\lib\index.js:117:24)
    at Module._extensions..js (node:internal/modules/cjs/loader:1308:10)
    at Object.newLoader [as .js] (C:\Users\nib09\Desktop\teamproject\back\node_modules\pirates\lib\index.js:121:7)
    at Module.load (node:internal/modules/cjs/loader:1117:32)
    at Function.Module._load (node:internal/modules/cjs/loader:958:12)
    at Function.runMain (node:internal/modules/run_main:81:12)
    at Object.<anonymous> (C:\Users\nib09\Desktop\teamproject\back\node_modules\@babel\node\src\_babel-node.ts:222:12)
    at Module._compile (node:internal/modules/cjs/loader:1254:14)
    at Object.Module._extensions..js (node:internal/modules/cjs/loader:1308:10)
    at Module.load (node:internal/modules/cjs/loader:1117:32)
    at Function.Module._load (node:internal/modules/cjs/loader:958:12)
    at Function.executeUserEntryPoint [as runMain] (node:internal/modules/run_main:81:12)
    at node:internal/main/run_main_module:23:47
2023-08-15 16:21:03 error: uncaughtException: passport is not defined
ReferenceError: passport is not defined
    at Object.<anonymous> (C:\Users\nib09\Desktop\teamproject\back\src\/app.js:14:9)
    at Module._compile (node:internal/modules/cjs/loader:1254:14)
    at Module._compile (C:\Users\nib09\Desktop\teamproject\back\node_modules\pirates\lib\index.js:117:24)
    at Module._extensions..js (node:internal/modules/cjs/loader:1308:10)
    at Object.newLoader [as .js] (C:\Users\nib09\Desktop\teamproject\back\node_modules\pirates\lib\index.js:121:7)
    at Module.load (node:internal/modules/cjs/loader:1117:32)
    at Function.Module._load (node:internal/modules/cjs/loader:958:12)
    at Module.require (node:internal/modules/cjs/loader:1141:19)
    at require (node:internal/modules/cjs/helpers:110:18)
    at Object.<anonymous> (C:\Users\nib09\Desktop\teamproject\back\/index.js:2:1)
    at Module._compile (node:internal/modules/cjs/loader:1254:14)
    at Module._compile (C:\Users\nib09\Desktop\teamproject\back\node_modules\pirates\lib\index.js:117:24)
    at Module._extensions..js (node:internal/modules/cjs/loader:1308:10)
    at Object.newLoader [as .js] (C:\Users\nib09\Desktop\teamproject\back\node_modules\pirates\lib\index.js:121:7)
    at Module.load (node:internal/modules/cjs/loader:1117:32)
    at Function.Module._load (node:internal/modules/cjs/loader:958:12)
    at Function.runMain (node:internal/modules/run_main:81:12)
    at Object.<anonymous> (C:\Users\nib09\Desktop\teamproject\back\node_modules\@babel\node\src\_babel-node.ts:222:12)
    at Module._compile (node:internal/modules/cjs/loader:1254:14)
    at Object.Module._extensions..js (node:internal/modules/cjs/loader:1308:10)
    at Module.load (node:internal/modules/cjs/loader:1117:32)
    at Function.Module._load (node:internal/modules/cjs/loader:958:12)
    at Function.executeUserEntryPoint [as runMain] (node:internal/modules/run_main:81:12)
    at node:internal/main/run_main_module:23:47
