2023-08-14 20:06:32 error: uncaughtException: Cannot find module '../db/models/Review'
Require stack:
- C:\Users\nib09\Desktop\teamproject\back\src\services\reviewService.js
- C:\Users\nib09\Desktop\teamproject\back\src\controllers\reviewController.js
- C:\Users\nib09\Desktop\teamproject\back\src\routes\review.routes.js
- C:\Users\nib09\Desktop\teamproject\back\src\app.js
- C:\Users\nib09\Desktop\teamproject\back\index.js
Error: Cannot find module '../db/models/Review'
Require stack:
- C:\Users\nib09\Desktop\teamproject\back\src\services\reviewService.js
- C:\Users\nib09\Desktop\teamproject\back\src\controllers\reviewController.js
- C:\Users\nib09\Desktop\teamproject\back\src\routes\review.routes.js
- C:\Users\nib09\Desktop\teamproject\back\src\app.js
- C:\Users\nib09\Desktop\teamproject\back\index.js
    at Function.Module._resolveFilename (node:internal/modules/cjs/loader:1075:15)
    at Function.Module._load (node:internal/modules/cjs/loader:920:27)
    at Module.require (node:internal/modules/cjs/loader:1141:19)
    at require (node:internal/modules/cjs/helpers:110:18)
    at Object.<anonymous> (C:\Users\nib09\Desktop\teamproject\back\src\services\/reviewService.js:1:20)
    at Module._compile (node:internal/modules/cjs/loader:1254:14)
    at Module._compile (C:\Users\nib09\Desktop\teamproject\back\node_modules\pirates\lib\index.js:117:24)
    at Module._extensions..js (node:internal/modules/cjs/loader:1308:10)
    at Object.newLoader [as .js] (C:\Users\nib09\Desktop\teamproject\back\node_modules\pirates\lib\index.js:121:7)
    at Module.load (node:internal/modules/cjs/loader:1117:32)
2023-08-14 23:20:41 error: uncaughtException: joinUser is not defined
ReferenceError: joinUser is not defined
    at Object.<anonymous> (C:\Users\nib09\Desktop\teamproject\back\src\routes\/userRouter.js:19:30)
    at Module._compile (node:internal/modules/cjs/loader:1254:14)
    at Module._compile (C:\Users\nib09\Desktop\teamproject\back\node_modules\pirates\lib\index.js:117:24)
    at Module._extensions..js (node:internal/modules/cjs/loader:1308:10)
    at Object.newLoader [as .js] (C:\Users\nib09\Desktop\teamproject\back\node_modules\pirates\lib\index.js:121:7)
    at Module.load (node:internal/modules/cjs/loader:1117:32)
    at Function.Module._load (node:internal/modules/cjs/loader:958:12)
    at Module.require (node:internal/modules/cjs/loader:1141:19)
    at require (node:internal/modules/cjs/helpers:110:18)
    at Object.<anonymous> (C:\Users\nib09\Desktop\teamproject\back\src\/app.js:2:1)
    at Module._compile (node:internal/modules/cjs/loader:1254:14)
    at Module._compile (C:\Users\nib09\Desktop\teamproject\back\node_modules\pirates\lib\index.js:117:24)
    at Module._extensions..js (node:internal/modules/cjs/loader:1308:10)
    at Object.newLoader [as .js] (C:\Users\nib09\Desktop\teamproject\back\node_modules\pirates\lib\index.js:121:7)
    at Module.load (node:internal/modules/cjs/loader:1117:32)
    at Function.Module._load (node:internal/modules/cjs/loader:958:12)
    at Module.require (node:internal/modules/cjs/loader:1141:19)
    at require (node:internal/modules/cjs/helpers:110:18)
    at Object.<anonymous> (C:\Users\nib09\Desktop\teamproject\back\/index.js:2:1)
    at Module._compile (node:internal/modules/cjs/loader:1254:14)
    at Module._compile (C:\Users\nib09\Desktop\teamproject\back\node_modules\pirates\lib\index.js:117:24)
    at Module._extensions..js (node:internal/modules/cjs/loader:1308:10)
    at Object.newLoader [as .js] (C:\Users\nib09\Desktop\teamproject\back\node_modules\pirates\lib\index.js:121:7)
    at Module.load (node:internal/modules/cjs/loader:1117:32)
    at Function.Module._load (node:internal/modules/cjs/loader:958:12)
    at Function.runMain (node:internal/modules/run_main:81:12)
    at Object.<anonymous> (C:\Users\nib09\Desktop\teamproject\back\node_modules\@babel\node\src\_babel-node.ts:222:12)
    at Module._compile (node:internal/modules/cjs/loader:1254:14)
    at Object.Module._extensions..js (node:internal/modules/cjs/loader:1308:10)
    at Module.load (node:internal/modules/cjs/loader:1117:32)
    at Function.Module._load (node:internal/modules/cjs/loader:958:12)
    at Function.executeUserEntryPoint [as runMain] (node:internal/modules/run_main:81:12)
    at node:internal/main/run_main_module:23:47
2023-08-14 23:22:18 error: uncaughtException: joinUser is not defined
ReferenceError: joinUser is not defined
    at Object.<anonymous> (C:\Users\nib09\Desktop\teamproject\back\src\routes\/userRouter.js:19:30)
    at Module._compile (node:internal/modules/cjs/loader:1254:14)
    at Module._compile (C:\Users\nib09\Desktop\teamproject\back\node_modules\pirates\lib\index.js:117:24)
    at Module._extensions..js (node:internal/modules/cjs/loader:1308:10)
    at Object.newLoader [as .js] (C:\Users\nib09\Desktop\teamproject\back\node_modules\pirates\lib\index.js:121:7)
    at Module.load (node:internal/modules/cjs/loader:1117:32)
    at Function.Module._load (node:internal/modules/cjs/loader:958:12)
    at Module.require (node:internal/modules/cjs/loader:1141:19)
    at require (node:internal/modules/cjs/helpers:110:18)
    at Object.<anonymous> (C:\Users\nib09\Desktop\teamproject\back\src\/app.js:2:1)
    at Module._compile (node:internal/modules/cjs/loader:1254:14)
    at Module._compile (C:\Users\nib09\Desktop\teamproject\back\node_modules\pirates\lib\index.js:117:24)
    at Module._extensions..js (node:internal/modules/cjs/loader:1308:10)
    at Object.newLoader [as .js] (C:\Users\nib09\Desktop\teamproject\back\node_modules\pirates\lib\index.js:121:7)
    at Module.load (node:internal/modules/cjs/loader:1117:32)
    at Function.Module._load (node:internal/modules/cjs/loader:958:12)
    at Module.require (node:internal/modules/cjs/loader:1141:19)
    at require (node:internal/modules/cjs/helpers:110:18)
    at Object.<anonymous> (C:\Users\nib09\Desktop\teamproject\back\/index.js:2:1)
    at Module._compile (node:internal/modules/cjs/loader:1254:14)
    at Module._compile (C:\Users\nib09\Desktop\teamproject\back\node_modules\pirates\lib\index.js:117:24)
    at Module._extensions..js (node:internal/modules/cjs/loader:1308:10)
    at Object.newLoader [as .js] (C:\Users\nib09\Desktop\teamproject\back\node_modules\pirates\lib\index.js:121:7)
    at Module.load (node:internal/modules/cjs/loader:1117:32)
    at Function.Module._load (node:internal/modules/cjs/loader:958:12)
    at Function.runMain (node:internal/modules/run_main:81:12)
    at Object.<anonymous> (C:\Users\nib09\Desktop\teamproject\back\node_modules\@babel\node\src\_babel-node.ts:222:12)
    at Module._compile (node:internal/modules/cjs/loader:1254:14)
    at Object.Module._extensions..js (node:internal/modules/cjs/loader:1308:10)
    at Module.load (node:internal/modules/cjs/loader:1117:32)
    at Function.Module._load (node:internal/modules/cjs/loader:958:12)
    at Function.executeUserEntryPoint [as runMain] (node:internal/modules/run_main:81:12)
    at node:internal/main/run_main_module:23:47
2023-08-14 23:23:43 error: uncaughtException: joinUser is not defined
ReferenceError: joinUser is not defined
    at Object.<anonymous> (C:\Users\nib09\Desktop\teamproject\back\src\routes\/userRouter.js:19:30)
    at Module._compile (node:internal/modules/cjs/loader:1254:14)
    at Module._compile (C:\Users\nib09\Desktop\teamproject\back\node_modules\pirates\lib\index.js:117:24)
    at Module._extensions..js (node:internal/modules/cjs/loader:1308:10)
    at Object.newLoader [as .js] (C:\Users\nib09\Desktop\teamproject\back\node_modules\pirates\lib\index.js:121:7)
    at Module.load (node:internal/modules/cjs/loader:1117:32)
    at Function.Module._load (node:internal/modules/cjs/loader:958:12)
    at Module.require (node:internal/modules/cjs/loader:1141:19)
    at require (node:internal/modules/cjs/helpers:110:18)
    at Object.<anonymous> (C:\Users\nib09\Desktop\teamproject\back\src\/app.js:2:1)
2023-08-14 23:26:20 error: uncaughtException: joinUser is not defined
ReferenceError: joinUser is not defined
    at Object.<anonymous> (C:\Users\nib09\Desktop\teamproject\back\src\routes\/userRouter.js:19:30)
    at Module._compile (node:internal/modules/cjs/loader:1254:14)
    at Module._compile (C:\Users\nib09\Desktop\teamproject\back\node_modules\pirates\lib\index.js:117:24)
    at Module._extensions..js (node:internal/modules/cjs/loader:1308:10)
    at Object.newLoader [as .js] (C:\Users\nib09\Desktop\teamproject\back\node_modules\pirates\lib\index.js:121:7)
    at Module.load (node:internal/modules/cjs/loader:1117:32)
    at Function.Module._load (node:internal/modules/cjs/loader:958:12)
    at Module.require (node:internal/modules/cjs/loader:1141:19)
    at require (node:internal/modules/cjs/helpers:110:18)
    at Object.<anonymous> (C:\Users\nib09\Desktop\teamproject\back\src\/app.js:2:1)
    at Module._compile (node:internal/modules/cjs/loader:1254:14)
    at Module._compile (C:\Users\nib09\Desktop\teamproject\back\node_modules\pirates\lib\index.js:117:24)
    at Module._extensions..js (node:internal/modules/cjs/loader:1308:10)
    at Object.newLoader [as .js] (C:\Users\nib09\Desktop\teamproject\back\node_modules\pirates\lib\index.js:121:7)
    at Module.load (node:internal/modules/cjs/loader:1117:32)
    at Function.Module._load (node:internal/modules/cjs/loader:958:12)
    at Module.require (node:internal/modules/cjs/loader:1141:19)
    at require (node:internal/modules/cjs/helpers:110:18)
    at Object.<anonymous> (C:\Users\nib09\Desktop\teamproject\back\/index.js:2:1)
    at Module._compile (node:internal/modules/cjs/loader:1254:14)
    at Module._compile (C:\Users\nib09\Desktop\teamproject\back\node_modules\pirates\lib\index.js:117:24)
    at Module._extensions..js (node:internal/modules/cjs/loader:1308:10)
    at Object.newLoader [as .js] (C:\Users\nib09\Desktop\teamproject\back\node_modules\pirates\lib\index.js:121:7)
    at Module.load (node:internal/modules/cjs/loader:1117:32)
    at Function.Module._load (node:internal/modules/cjs/loader:958:12)
    at Function.runMain (node:internal/modules/run_main:81:12)
    at Object.<anonymous> (C:\Users\nib09\Desktop\teamproject\back\node_modules\@babel\node\src\_babel-node.ts:222:12)
    at Module._compile (node:internal/modules/cjs/loader:1254:14)
    at Object.Module._extensions..js (node:internal/modules/cjs/loader:1308:10)
    at Module.load (node:internal/modules/cjs/loader:1117:32)
    at Function.Module._load (node:internal/modules/cjs/loader:958:12)
    at Function.executeUserEntryPoint [as runMain] (node:internal/modules/run_main:81:12)
    at node:internal/main/run_main_module:23:47
2023-08-14 23:27:01 error: uncaughtException: joinUser is not defined
ReferenceError: joinUser is not defined
    at Object.<anonymous> (C:\Users\nib09\Desktop\teamproject\back\src\routes\/userRouter.js:19:30)
    at Module._compile (node:internal/modules/cjs/loader:1254:14)
    at Module._compile (C:\Users\nib09\Desktop\teamproject\back\node_modules\pirates\lib\index.js:117:24)
    at Module._extensions..js (node:internal/modules/cjs/loader:1308:10)
    at Object.newLoader [as .js] (C:\Users\nib09\Desktop\teamproject\back\node_modules\pirates\lib\index.js:121:7)
    at Module.load (node:internal/modules/cjs/loader:1117:32)
    at Function.Module._load (node:internal/modules/cjs/loader:958:12)
    at Module.require (node:internal/modules/cjs/loader:1141:19)
    at require (node:internal/modules/cjs/helpers:110:18)
    at Object.<anonymous> (C:\Users\nib09\Desktop\teamproject\back\src\/app.js:2:1)
    at Module._compile (node:internal/modules/cjs/loader:1254:14)
    at Module._compile (C:\Users\nib09\Desktop\teamproject\back\node_modules\pirates\lib\index.js:117:24)
    at Module._extensions..js (node:internal/modules/cjs/loader:1308:10)
    at Object.newLoader [as .js] (C:\Users\nib09\Desktop\teamproject\back\node_modules\pirates\lib\index.js:121:7)
    at Module.load (node:internal/modules/cjs/loader:1117:32)
    at Function.Module._load (node:internal/modules/cjs/loader:958:12)
    at Module.require (node:internal/modules/cjs/loader:1141:19)
    at require (node:internal/modules/cjs/helpers:110:18)
    at Object.<anonymous> (C:\Users\nib09\Desktop\teamproject\back\/index.js:2:1)
    at Module._compile (node:internal/modules/cjs/loader:1254:14)
    at Module._compile (C:\Users\nib09\Desktop\teamproject\back\node_modules\pirates\lib\index.js:117:24)
    at Module._extensions..js (node:internal/modules/cjs/loader:1308:10)
    at Object.newLoader [as .js] (C:\Users\nib09\Desktop\teamproject\back\node_modules\pirates\lib\index.js:121:7)
    at Module.load (node:internal/modules/cjs/loader:1117:32)
    at Function.Module._load (node:internal/modules/cjs/loader:958:12)
    at Function.runMain (node:internal/modules/run_main:81:12)
    at Object.<anonymous> (C:\Users\nib09\Desktop\teamproject\back\node_modules\@babel\node\src\_babel-node.ts:222:12)
    at Module._compile (node:internal/modules/cjs/loader:1254:14)
    at Object.Module._extensions..js (node:internal/modules/cjs/loader:1308:10)
    at Module.load (node:internal/modules/cjs/loader:1117:32)
    at Function.Module._load (node:internal/modules/cjs/loader:958:12)
    at Function.executeUserEntryPoint [as runMain] (node:internal/modules/run_main:81:12)
    at node:internal/main/run_main_module:23:47
2023-08-14 23:27:26 error: uncaughtException: joinUser is not defined
ReferenceError: joinUser is not defined
    at Object.<anonymous> (C:\Users\nib09\Desktop\teamproject\back\src\routes\/userRouter.js:19:30)
    at Module._compile (node:internal/modules/cjs/loader:1254:14)
    at Module._compile (C:\Users\nib09\Desktop\teamproject\back\node_modules\pirates\lib\index.js:117:24)
    at Module._extensions..js (node:internal/modules/cjs/loader:1308:10)
    at Object.newLoader [as .js] (C:\Users\nib09\Desktop\teamproject\back\node_modules\pirates\lib\index.js:121:7)
    at Module.load (node:internal/modules/cjs/loader:1117:32)
    at Function.Module._load (node:internal/modules/cjs/loader:958:12)
    at Module.require (node:internal/modules/cjs/loader:1141:19)
    at require (node:internal/modules/cjs/helpers:110:18)
    at Object.<anonymous> (C:\Users\nib09\Desktop\teamproject\back\src\/app.js:2:1)
    at Module._compile (node:internal/modules/cjs/loader:1254:14)
    at Module._compile (C:\Users\nib09\Desktop\teamproject\back\node_modules\pirates\lib\index.js:117:24)
    at Module._extensions..js (node:internal/modules/cjs/loader:1308:10)
    at Object.newLoader [as .js] (C:\Users\nib09\Desktop\teamproject\back\node_modules\pirates\lib\index.js:121:7)
    at Module.load (node:internal/modules/cjs/loader:1117:32)
    at Function.Module._load (node:internal/modules/cjs/loader:958:12)
    at Module.require (node:internal/modules/cjs/loader:1141:19)
    at require (node:internal/modules/cjs/helpers:110:18)
    at Object.<anonymous> (C:\Users\nib09\Desktop\teamproject\back\/index.js:2:1)
    at Module._compile (node:internal/modules/cjs/loader:1254:14)
    at Module._compile (C:\Users\nib09\Desktop\teamproject\back\node_modules\pirates\lib\index.js:117:24)
    at Module._extensions..js (node:internal/modules/cjs/loader:1308:10)
    at Object.newLoader [as .js] (C:\Users\nib09\Desktop\teamproject\back\node_modules\pirates\lib\index.js:121:7)
    at Module.load (node:internal/modules/cjs/loader:1117:32)
    at Function.Module._load (node:internal/modules/cjs/loader:958:12)
    at Function.runMain (node:internal/modules/run_main:81:12)
    at Object.<anonymous> (C:\Users\nib09\Desktop\teamproject\back\node_modules\@babel\node\src\_babel-node.ts:222:12)
    at Module._compile (node:internal/modules/cjs/loader:1254:14)
    at Object.Module._extensions..js (node:internal/modules/cjs/loader:1308:10)
    at Module.load (node:internal/modules/cjs/loader:1117:32)
    at Function.Module._load (node:internal/modules/cjs/loader:958:12)
    at Function.executeUserEntryPoint [as runMain] (node:internal/modules/run_main:81:12)
    at node:internal/main/run_main_module:23:47
2023-08-14 23:27:29 error: uncaughtException: joinUser is not defined
ReferenceError: joinUser is not defined
    at Object.<anonymous> (C:\Users\nib09\Desktop\teamproject\back\src\routes\/userRouter.js:19:30)
    at Module._compile (node:internal/modules/cjs/loader:1254:14)
    at Module._compile (C:\Users\nib09\Desktop\teamproject\back\node_modules\pirates\lib\index.js:117:24)
    at Module._extensions..js (node:internal/modules/cjs/loader:1308:10)
    at Object.newLoader [as .js] (C:\Users\nib09\Desktop\teamproject\back\node_modules\pirates\lib\index.js:121:7)
    at Module.load (node:internal/modules/cjs/loader:1117:32)
    at Function.Module._load (node:internal/modules/cjs/loader:958:12)
    at Module.require (node:internal/modules/cjs/loader:1141:19)
    at require (node:internal/modules/cjs/helpers:110:18)
    at Object.<anonymous> (C:\Users\nib09\Desktop\teamproject\back\src\/app.js:2:1)
    at Module._compile (node:internal/modules/cjs/loader:1254:14)
    at Module._compile (C:\Users\nib09\Desktop\teamproject\back\node_modules\pirates\lib\index.js:117:24)
    at Module._extensions..js (node:internal/modules/cjs/loader:1308:10)
    at Object.newLoader [as .js] (C:\Users\nib09\Desktop\teamproject\back\node_modules\pirates\lib\index.js:121:7)
    at Module.load (node:internal/modules/cjs/loader:1117:32)
    at Function.Module._load (node:internal/modules/cjs/loader:958:12)
    at Module.require (node:internal/modules/cjs/loader:1141:19)
    at require (node:internal/modules/cjs/helpers:110:18)
    at Object.<anonymous> (C:\Users\nib09\Desktop\teamproject\back\/index.js:2:1)
    at Module._compile (node:internal/modules/cjs/loader:1254:14)
    at Module._compile (C:\Users\nib09\Desktop\teamproject\back\node_modules\pirates\lib\index.js:117:24)
    at Module._extensions..js (node:internal/modules/cjs/loader:1308:10)
    at Object.newLoader [as .js] (C:\Users\nib09\Desktop\teamproject\back\node_modules\pirates\lib\index.js:121:7)
    at Module.load (node:internal/modules/cjs/loader:1117:32)
    at Function.Module._load (node:internal/modules/cjs/loader:958:12)
    at Function.runMain (node:internal/modules/run_main:81:12)
    at Object.<anonymous> (C:\Users\nib09\Desktop\teamproject\back\node_modules\@babel\node\src\_babel-node.ts:222:12)
    at Module._compile (node:internal/modules/cjs/loader:1254:14)
    at Object.Module._extensions..js (node:internal/modules/cjs/loader:1308:10)
    at Module.load (node:internal/modules/cjs/loader:1117:32)
    at Function.Module._load (node:internal/modules/cjs/loader:958:12)
    at Function.executeUserEntryPoint [as runMain] (node:internal/modules/run_main:81:12)
    at node:internal/main/run_main_module:23:47
2023-08-14 23:27:34 error: uncaughtException: joinUser is not defined
ReferenceError: joinUser is not defined
    at Object.<anonymous> (C:\Users\nib09\Desktop\teamproject\back\src\routes\/userRouter.js:19:30)
    at Module._compile (node:internal/modules/cjs/loader:1254:14)
    at Module._compile (C:\Users\nib09\Desktop\teamproject\back\node_modules\pirates\lib\index.js:117:24)
    at Module._extensions..js (node:internal/modules/cjs/loader:1308:10)
    at Object.newLoader [as .js] (C:\Users\nib09\Desktop\teamproject\back\node_modules\pirates\lib\index.js:121:7)
    at Module.load (node:internal/modules/cjs/loader:1117:32)
    at Function.Module._load (node:internal/modules/cjs/loader:958:12)
    at Module.require (node:internal/modules/cjs/loader:1141:19)
    at require (node:internal/modules/cjs/helpers:110:18)
    at Object.<anonymous> (C:\Users\nib09\Desktop\teamproject\back\src\/app.js:2:1)
2023-08-14 23:27:52 error: uncaughtException: app.use() requires a middleware function
TypeError: app.use() requires a middleware function
    at Function.use (C:\Users\nib09\Desktop\teamproject\back\node_modules\express\lib\application.js:217:11)
    at Object.<anonymous> (C:\Users\nib09\Desktop\teamproject\back\src\/app.js:19:5)
    at Module._compile (node:internal/modules/cjs/loader:1254:14)
    at Module._compile (C:\Users\nib09\Desktop\teamproject\back\node_modules\pirates\lib\index.js:117:24)
    at Module._extensions..js (node:internal/modules/cjs/loader:1308:10)
    at Object.newLoader [as .js] (C:\Users\nib09\Desktop\teamproject\back\node_modules\pirates\lib\index.js:121:7)
    at Module.load (node:internal/modules/cjs/loader:1117:32)
    at Function.Module._load (node:internal/modules/cjs/loader:958:12)
    at Module.require (node:internal/modules/cjs/loader:1141:19)
    at require (node:internal/modules/cjs/helpers:110:18)
    at Object.<anonymous> (C:\Users\nib09\Desktop\teamproject\back\/index.js:2:1)
    at Module._compile (node:internal/modules/cjs/loader:1254:14)
    at Module._compile (C:\Users\nib09\Desktop\teamproject\back\node_modules\pirates\lib\index.js:117:24)
    at Module._extensions..js (node:internal/modules/cjs/loader:1308:10)
    at Object.newLoader [as .js] (C:\Users\nib09\Desktop\teamproject\back\node_modules\pirates\lib\index.js:121:7)
    at Module.load (node:internal/modules/cjs/loader:1117:32)
    at Function.Module._load (node:internal/modules/cjs/loader:958:12)
    at Function.runMain (node:internal/modules/run_main:81:12)
    at Object.<anonymous> (C:\Users\nib09\Desktop\teamproject\back\node_modules\@babel\node\src\_babel-node.ts:222:12)
    at Module._compile (node:internal/modules/cjs/loader:1254:14)
    at Object.Module._extensions..js (node:internal/modules/cjs/loader:1308:10)
    at Module.load (node:internal/modules/cjs/loader:1117:32)
    at Function.Module._load (node:internal/modules/cjs/loader:958:12)
    at Function.executeUserEntryPoint [as runMain] (node:internal/modules/run_main:81:12)
    at node:internal/main/run_main_module:23:47
2023-08-14 23:28:01 error: uncaughtException: app.use() requires a middleware function
TypeError: app.use() requires a middleware function
    at Function.use (C:\Users\nib09\Desktop\teamproject\back\node_modules\express\lib\application.js:217:11)
    at Object.<anonymous> (C:\Users\nib09\Desktop\teamproject\back\src\/app.js:19:5)
    at Module._compile (node:internal/modules/cjs/loader:1254:14)
    at Module._compile (C:\Users\nib09\Desktop\teamproject\back\node_modules\pirates\lib\index.js:117:24)
    at Module._extensions..js (node:internal/modules/cjs/loader:1308:10)
    at Object.newLoader [as .js] (C:\Users\nib09\Desktop\teamproject\back\node_modules\pirates\lib\index.js:121:7)
    at Module.load (node:internal/modules/cjs/loader:1117:32)
    at Function.Module._load (node:internal/modules/cjs/loader:958:12)
    at Module.require (node:internal/modules/cjs/loader:1141:19)
    at require (node:internal/modules/cjs/helpers:110:18)
    at Object.<anonymous> (C:\Users\nib09\Desktop\teamproject\back\/index.js:2:1)
    at Module._compile (node:internal/modules/cjs/loader:1254:14)
    at Module._compile (C:\Users\nib09\Desktop\teamproject\back\node_modules\pirates\lib\index.js:117:24)
    at Module._extensions..js (node:internal/modules/cjs/loader:1308:10)
    at Object.newLoader [as .js] (C:\Users\nib09\Desktop\teamproject\back\node_modules\pirates\lib\index.js:121:7)
    at Module.load (node:internal/modules/cjs/loader:1117:32)
    at Function.Module._load (node:internal/modules/cjs/loader:958:12)
    at Function.runMain (node:internal/modules/run_main:81:12)
    at Object.<anonymous> (C:\Users\nib09\Desktop\teamproject\back\node_modules\@babel\node\src\_babel-node.ts:222:12)
    at Module._compile (node:internal/modules/cjs/loader:1254:14)
    at Object.Module._extensions..js (node:internal/modules/cjs/loader:1308:10)
    at Module.load (node:internal/modules/cjs/loader:1117:32)
    at Function.Module._load (node:internal/modules/cjs/loader:958:12)
    at Function.executeUserEntryPoint [as runMain] (node:internal/modules/run_main:81:12)
    at node:internal/main/run_main_module:23:47
2023-08-14 23:28:22 error: uncaughtException: app.use() requires a middleware function
TypeError: app.use() requires a middleware function
    at Function.use (C:\Users\nib09\Desktop\teamproject\back\node_modules\express\lib\application.js:217:11)
    at Object.<anonymous> (C:\Users\nib09\Desktop\teamproject\back\src\/app.js:19:5)
    at Module._compile (node:internal/modules/cjs/loader:1254:14)
    at Module._compile (C:\Users\nib09\Desktop\teamproject\back\node_modules\pirates\lib\index.js:117:24)
    at Module._extensions..js (node:internal/modules/cjs/loader:1308:10)
    at Object.newLoader [as .js] (C:\Users\nib09\Desktop\teamproject\back\node_modules\pirates\lib\index.js:121:7)
    at Module.load (node:internal/modules/cjs/loader:1117:32)
    at Function.Module._load (node:internal/modules/cjs/loader:958:12)
    at Module.require (node:internal/modules/cjs/loader:1141:19)
    at require (node:internal/modules/cjs/helpers:110:18)
    at Object.<anonymous> (C:\Users\nib09\Desktop\teamproject\back\/index.js:2:1)
    at Module._compile (node:internal/modules/cjs/loader:1254:14)
    at Module._compile (C:\Users\nib09\Desktop\teamproject\back\node_modules\pirates\lib\index.js:117:24)
    at Module._extensions..js (node:internal/modules/cjs/loader:1308:10)
    at Object.newLoader [as .js] (C:\Users\nib09\Desktop\teamproject\back\node_modules\pirates\lib\index.js:121:7)
    at Module.load (node:internal/modules/cjs/loader:1117:32)
    at Function.Module._load (node:internal/modules/cjs/loader:958:12)
    at Function.runMain (node:internal/modules/run_main:81:12)
    at Object.<anonymous> (C:\Users\nib09\Desktop\teamproject\back\node_modules\@babel\node\src\_babel-node.ts:222:12)
    at Module._compile (node:internal/modules/cjs/loader:1254:14)
    at Object.Module._extensions..js (node:internal/modules/cjs/loader:1308:10)
    at Module.load (node:internal/modules/cjs/loader:1117:32)
    at Function.Module._load (node:internal/modules/cjs/loader:958:12)
    at Function.executeUserEntryPoint [as runMain] (node:internal/modules/run_main:81:12)
    at node:internal/main/run_main_module:23:47
2023-08-14 23:28:39 error: uncaughtException: app.use() requires a middleware function
TypeError: app.use() requires a middleware function
    at Function.use (C:\Users\nib09\Desktop\teamproject\back\node_modules\express\lib\application.js:217:11)
    at Object.<anonymous> (C:\Users\nib09\Desktop\teamproject\back\src\/app.js:19:5)
    at Module._compile (node:internal/modules/cjs/loader:1254:14)
    at Module._compile (C:\Users\nib09\Desktop\teamproject\back\node_modules\pirates\lib\index.js:117:24)
    at Module._extensions..js (node:internal/modules/cjs/loader:1308:10)
    at Object.newLoader [as .js] (C:\Users\nib09\Desktop\teamproject\back\node_modules\pirates\lib\index.js:121:7)
    at Module.load (node:internal/modules/cjs/loader:1117:32)
    at Function.Module._load (node:internal/modules/cjs/loader:958:12)
    at Module.require (node:internal/modules/cjs/loader:1141:19)
    at require (node:internal/modules/cjs/helpers:110:18)
    at Object.<anonymous> (C:\Users\nib09\Desktop\teamproject\back\/index.js:2:1)
    at Module._compile (node:internal/modules/cjs/loader:1254:14)
    at Module._compile (C:\Users\nib09\Desktop\teamproject\back\node_modules\pirates\lib\index.js:117:24)
    at Module._extensions..js (node:internal/modules/cjs/loader:1308:10)
    at Object.newLoader [as .js] (C:\Users\nib09\Desktop\teamproject\back\node_modules\pirates\lib\index.js:121:7)
    at Module.load (node:internal/modules/cjs/loader:1117:32)
    at Function.Module._load (node:internal/modules/cjs/loader:958:12)
    at Function.runMain (node:internal/modules/run_main:81:12)
    at Object.<anonymous> (C:\Users\nib09\Desktop\teamproject\back\node_modules\@babel\node\src\_babel-node.ts:222:12)
    at Module._compile (node:internal/modules/cjs/loader:1254:14)
    at Object.Module._extensions..js (node:internal/modules/cjs/loader:1308:10)
    at Module.load (node:internal/modules/cjs/loader:1117:32)
    at Function.Module._load (node:internal/modules/cjs/loader:958:12)
    at Function.executeUserEntryPoint [as runMain] (node:internal/modules/run_main:81:12)
    at node:internal/main/run_main_module:23:47
2023-08-14 23:29:01 error: uncaughtException: app.use() requires a middleware function
TypeError: app.use() requires a middleware function
    at Function.use (C:\Users\nib09\Desktop\teamproject\back\node_modules\express\lib\application.js:217:11)
    at Object.<anonymous> (C:\Users\nib09\Desktop\teamproject\back\src\/app.js:19:5)
    at Module._compile (node:internal/modules/cjs/loader:1254:14)
    at Module._compile (C:\Users\nib09\Desktop\teamproject\back\node_modules\pirates\lib\index.js:117:24)
    at Module._extensions..js (node:internal/modules/cjs/loader:1308:10)
    at Object.newLoader [as .js] (C:\Users\nib09\Desktop\teamproject\back\node_modules\pirates\lib\index.js:121:7)
    at Module.load (node:internal/modules/cjs/loader:1117:32)
    at Function.Module._load (node:internal/modules/cjs/loader:958:12)
    at Module.require (node:internal/modules/cjs/loader:1141:19)
    at require (node:internal/modules/cjs/helpers:110:18)
    at Object.<anonymous> (C:\Users\nib09\Desktop\teamproject\back\/index.js:2:1)
    at Module._compile (node:internal/modules/cjs/loader:1254:14)
    at Module._compile (C:\Users\nib09\Desktop\teamproject\back\node_modules\pirates\lib\index.js:117:24)
    at Module._extensions..js (node:internal/modules/cjs/loader:1308:10)
    at Object.newLoader [as .js] (C:\Users\nib09\Desktop\teamproject\back\node_modules\pirates\lib\index.js:121:7)
    at Module.load (node:internal/modules/cjs/loader:1117:32)
    at Function.Module._load (node:internal/modules/cjs/loader:958:12)
    at Function.runMain (node:internal/modules/run_main:81:12)
    at Object.<anonymous> (C:\Users\nib09\Desktop\teamproject\back\node_modules\@babel\node\src\_babel-node.ts:222:12)
    at Module._compile (node:internal/modules/cjs/loader:1254:14)
    at Object.Module._extensions..js (node:internal/modules/cjs/loader:1308:10)
    at Module.load (node:internal/modules/cjs/loader:1117:32)
    at Function.Module._load (node:internal/modules/cjs/loader:958:12)
    at Function.executeUserEntryPoint [as runMain] (node:internal/modules/run_main:81:12)
    at node:internal/main/run_main_module:23:47
2023-08-14 23:29:04 error: uncaughtException: app.use() requires a middleware function
TypeError: app.use() requires a middleware function
    at Function.use (C:\Users\nib09\Desktop\teamproject\back\node_modules\express\lib\application.js:217:11)
    at Object.<anonymous> (C:\Users\nib09\Desktop\teamproject\back\src\/app.js:19:5)
    at Module._compile (node:internal/modules/cjs/loader:1254:14)
    at Module._compile (C:\Users\nib09\Desktop\teamproject\back\node_modules\pirates\lib\index.js:117:24)
    at Module._extensions..js (node:internal/modules/cjs/loader:1308:10)
    at Object.newLoader [as .js] (C:\Users\nib09\Desktop\teamproject\back\node_modules\pirates\lib\index.js:121:7)
    at Module.load (node:internal/modules/cjs/loader:1117:32)
    at Function.Module._load (node:internal/modules/cjs/loader:958:12)
    at Module.require (node:internal/modules/cjs/loader:1141:19)
    at require (node:internal/modules/cjs/helpers:110:18)
    at Object.<anonymous> (C:\Users\nib09\Desktop\teamproject\back\/index.js:2:1)
    at Module._compile (node:internal/modules/cjs/loader:1254:14)
    at Module._compile (C:\Users\nib09\Desktop\teamproject\back\node_modules\pirates\lib\index.js:117:24)
    at Module._extensions..js (node:internal/modules/cjs/loader:1308:10)
    at Object.newLoader [as .js] (C:\Users\nib09\Desktop\teamproject\back\node_modules\pirates\lib\index.js:121:7)
    at Module.load (node:internal/modules/cjs/loader:1117:32)
    at Function.Module._load (node:internal/modules/cjs/loader:958:12)
    at Function.runMain (node:internal/modules/run_main:81:12)
    at Object.<anonymous> (C:\Users\nib09\Desktop\teamproject\back\node_modules\@babel\node\src\_babel-node.ts:222:12)
    at Module._compile (node:internal/modules/cjs/loader:1254:14)
    at Object.Module._extensions..js (node:internal/modules/cjs/loader:1308:10)
    at Module.load (node:internal/modules/cjs/loader:1117:32)
    at Function.Module._load (node:internal/modules/cjs/loader:958:12)
    at Function.executeUserEntryPoint [as runMain] (node:internal/modules/run_main:81:12)
    at node:internal/main/run_main_module:23:47
2023-08-14 23:29:09 error: uncaughtException: app.use() requires a middleware function
TypeError: app.use() requires a middleware function
    at Function.use (C:\Users\nib09\Desktop\teamproject\back\node_modules\express\lib\application.js:217:11)
    at Object.<anonymous> (C:\Users\nib09\Desktop\teamproject\back\src\/app.js:19:5)
    at Module._compile (node:internal/modules/cjs/loader:1254:14)
    at Module._compile (C:\Users\nib09\Desktop\teamproject\back\node_modules\pirates\lib\index.js:117:24)
    at Module._extensions..js (node:internal/modules/cjs/loader:1308:10)
    at Object.newLoader [as .js] (C:\Users\nib09\Desktop\teamproject\back\node_modules\pirates\lib\index.js:121:7)
    at Module.load (node:internal/modules/cjs/loader:1117:32)
    at Function.Module._load (node:internal/modules/cjs/loader:958:12)
    at Module.require (node:internal/modules/cjs/loader:1141:19)
    at require (node:internal/modules/cjs/helpers:110:18)
    at Object.<anonymous> (C:\Users\nib09\Desktop\teamproject\back\/index.js:2:1)
    at Module._compile (node:internal/modules/cjs/loader:1254:14)
    at Module._compile (C:\Users\nib09\Desktop\teamproject\back\node_modules\pirates\lib\index.js:117:24)
    at Module._extensions..js (node:internal/modules/cjs/loader:1308:10)
    at Object.newLoader [as .js] (C:\Users\nib09\Desktop\teamproject\back\node_modules\pirates\lib\index.js:121:7)
    at Module.load (node:internal/modules/cjs/loader:1117:32)
    at Function.Module._load (node:internal/modules/cjs/loader:958:12)
    at Function.runMain (node:internal/modules/run_main:81:12)
    at Object.<anonymous> (C:\Users\nib09\Desktop\teamproject\back\node_modules\@babel\node\src\_babel-node.ts:222:12)
    at Module._compile (node:internal/modules/cjs/loader:1254:14)
    at Object.Module._extensions..js (node:internal/modules/cjs/loader:1308:10)
    at Module.load (node:internal/modules/cjs/loader:1117:32)
    at Function.Module._load (node:internal/modules/cjs/loader:958:12)
    at Function.executeUserEntryPoint [as runMain] (node:internal/modules/run_main:81:12)
    at node:internal/main/run_main_module:23:47
2023-08-14 23:29:19 error: uncaughtException: app.use() requires a middleware function
TypeError: app.use() requires a middleware function
    at Function.use (C:\Users\nib09\Desktop\teamproject\back\node_modules\express\lib\application.js:217:11)
    at Object.<anonymous> (C:\Users\nib09\Desktop\teamproject\back\src\/app.js:19:5)
    at Module._compile (node:internal/modules/cjs/loader:1254:14)
    at Module._compile (C:\Users\nib09\Desktop\teamproject\back\node_modules\pirates\lib\index.js:117:24)
    at Module._extensions..js (node:internal/modules/cjs/loader:1308:10)
    at Object.newLoader [as .js] (C:\Users\nib09\Desktop\teamproject\back\node_modules\pirates\lib\index.js:121:7)
    at Module.load (node:internal/modules/cjs/loader:1117:32)
    at Function.Module._load (node:internal/modules/cjs/loader:958:12)
    at Module.require (node:internal/modules/cjs/loader:1141:19)
    at require (node:internal/modules/cjs/helpers:110:18)
    at Object.<anonymous> (C:\Users\nib09\Desktop\teamproject\back\/index.js:2:1)
    at Module._compile (node:internal/modules/cjs/loader:1254:14)
    at Module._compile (C:\Users\nib09\Desktop\teamproject\back\node_modules\pirates\lib\index.js:117:24)
    at Module._extensions..js (node:internal/modules/cjs/loader:1308:10)
    at Object.newLoader [as .js] (C:\Users\nib09\Desktop\teamproject\back\node_modules\pirates\lib\index.js:121:7)
    at Module.load (node:internal/modules/cjs/loader:1117:32)
    at Function.Module._load (node:internal/modules/cjs/loader:958:12)
    at Function.runMain (node:internal/modules/run_main:81:12)
    at Object.<anonymous> (C:\Users\nib09\Desktop\teamproject\back\node_modules\@babel\node\src\_babel-node.ts:222:12)
    at Module._compile (node:internal/modules/cjs/loader:1254:14)
    at Object.Module._extensions..js (node:internal/modules/cjs/loader:1308:10)
    at Module.load (node:internal/modules/cjs/loader:1117:32)
    at Function.Module._load (node:internal/modules/cjs/loader:958:12)
    at Function.executeUserEntryPoint [as runMain] (node:internal/modules/run_main:81:12)
    at node:internal/main/run_main_module:23:47
2023-08-14 23:33:29 error: uncaughtException: app.use() requires a middleware function
TypeError: app.use() requires a middleware function
    at Function.use (C:\Users\nib09\Desktop\teamproject\back\node_modules\express\lib\application.js:217:11)
    at Object.<anonymous> (C:\Users\nib09\Desktop\teamproject\back\src\/app.js:19:5)
    at Module._compile (node:internal/modules/cjs/loader:1254:14)
    at Module._compile (C:\Users\nib09\Desktop\teamproject\back\node_modules\pirates\lib\index.js:117:24)
    at Module._extensions..js (node:internal/modules/cjs/loader:1308:10)
    at Object.newLoader [as .js] (C:\Users\nib09\Desktop\teamproject\back\node_modules\pirates\lib\index.js:121:7)
    at Module.load (node:internal/modules/cjs/loader:1117:32)
    at Function.Module._load (node:internal/modules/cjs/loader:958:12)
    at Module.require (node:internal/modules/cjs/loader:1141:19)
    at require (node:internal/modules/cjs/helpers:110:18)
2023-08-14 23:33:49 error: uncaughtException: joinUser is not defined
ReferenceError: joinUser is not defined
    at Object.<anonymous> (C:\Users\nib09\Desktop\teamproject\back\src\routes\/userRouter.js:19:30)
    at Module._compile (node:internal/modules/cjs/loader:1254:14)
    at Module._compile (C:\Users\nib09\Desktop\teamproject\back\node_modules\pirates\lib\index.js:117:24)
    at Module._extensions..js (node:internal/modules/cjs/loader:1308:10)
    at Object.newLoader [as .js] (C:\Users\nib09\Desktop\teamproject\back\node_modules\pirates\lib\index.js:121:7)
    at Module.load (node:internal/modules/cjs/loader:1117:32)
    at Function.Module._load (node:internal/modules/cjs/loader:958:12)
    at Module.require (node:internal/modules/cjs/loader:1141:19)
    at require (node:internal/modules/cjs/helpers:110:18)
    at Object.<anonymous> (C:\Users\nib09\Desktop\teamproject\back\src\/app.js:2:1)
    at Module._compile (node:internal/modules/cjs/loader:1254:14)
    at Module._compile (C:\Users\nib09\Desktop\teamproject\back\node_modules\pirates\lib\index.js:117:24)
    at Module._extensions..js (node:internal/modules/cjs/loader:1308:10)
    at Object.newLoader [as .js] (C:\Users\nib09\Desktop\teamproject\back\node_modules\pirates\lib\index.js:121:7)
    at Module.load (node:internal/modules/cjs/loader:1117:32)
    at Function.Module._load (node:internal/modules/cjs/loader:958:12)
    at Module.require (node:internal/modules/cjs/loader:1141:19)
    at require (node:internal/modules/cjs/helpers:110:18)
    at Object.<anonymous> (C:\Users\nib09\Desktop\teamproject\back\/index.js:2:1)
    at Module._compile (node:internal/modules/cjs/loader:1254:14)
    at Module._compile (C:\Users\nib09\Desktop\teamproject\back\node_modules\pirates\lib\index.js:117:24)
    at Module._extensions..js (node:internal/modules/cjs/loader:1308:10)
    at Object.newLoader [as .js] (C:\Users\nib09\Desktop\teamproject\back\node_modules\pirates\lib\index.js:121:7)
    at Module.load (node:internal/modules/cjs/loader:1117:32)
    at Function.Module._load (node:internal/modules/cjs/loader:958:12)
    at Function.runMain (node:internal/modules/run_main:81:12)
    at Object.<anonymous> (C:\Users\nib09\Desktop\teamproject\back\node_modules\@babel\node\src\_babel-node.ts:222:12)
    at Module._compile (node:internal/modules/cjs/loader:1254:14)
    at Object.Module._extensions..js (node:internal/modules/cjs/loader:1308:10)
    at Module.load (node:internal/modules/cjs/loader:1117:32)
    at Function.Module._load (node:internal/modules/cjs/loader:958:12)
    at Function.executeUserEntryPoint [as runMain] (node:internal/modules/run_main:81:12)
    at node:internal/main/run_main_module:23:47
2023-08-14 23:33:52 error: uncaughtException: joinUser is not defined
ReferenceError: joinUser is not defined
    at Object.<anonymous> (C:\Users\nib09\Desktop\teamproject\back\src\routes\/userRouter.js:19:30)
    at Module._compile (node:internal/modules/cjs/loader:1254:14)
    at Module._compile (C:\Users\nib09\Desktop\teamproject\back\node_modules\pirates\lib\index.js:117:24)
    at Module._extensions..js (node:internal/modules/cjs/loader:1308:10)
    at Object.newLoader [as .js] (C:\Users\nib09\Desktop\teamproject\back\node_modules\pirates\lib\index.js:121:7)
    at Module.load (node:internal/modules/cjs/loader:1117:32)
    at Function.Module._load (node:internal/modules/cjs/loader:958:12)
    at Module.require (node:internal/modules/cjs/loader:1141:19)
    at require (node:internal/modules/cjs/helpers:110:18)
    at Object.<anonymous> (C:\Users\nib09\Desktop\teamproject\back\src\/app.js:2:1)
2023-08-14 23:33:57 error: uncaughtException: joinUser is not defined
ReferenceError: joinUser is not defined
    at Object.<anonymous> (C:\Users\nib09\Desktop\teamproject\back\src\routes\/userRouter.js:19:30)
    at Module._compile (node:internal/modules/cjs/loader:1254:14)
    at Module._compile (C:\Users\nib09\Desktop\teamproject\back\node_modules\pirates\lib\index.js:117:24)
    at Module._extensions..js (node:internal/modules/cjs/loader:1308:10)
    at Object.newLoader [as .js] (C:\Users\nib09\Desktop\teamproject\back\node_modules\pirates\lib\index.js:121:7)
    at Module.load (node:internal/modules/cjs/loader:1117:32)
    at Function.Module._load (node:internal/modules/cjs/loader:958:12)
    at Module.require (node:internal/modules/cjs/loader:1141:19)
    at require (node:internal/modules/cjs/helpers:110:18)
    at Object.<anonymous> (C:\Users\nib09\Desktop\teamproject\back\src\/app.js:2:1)
2023-08-14 23:34:03 error: uncaughtException: joinUser is not defined
ReferenceError: joinUser is not defined
    at Object.<anonymous> (C:\Users\nib09\Desktop\teamproject\back\src\routes\/userRouter.js:19:30)
    at Module._compile (node:internal/modules/cjs/loader:1254:14)
    at Module._compile (C:\Users\nib09\Desktop\teamproject\back\node_modules\pirates\lib\index.js:117:24)
    at Module._extensions..js (node:internal/modules/cjs/loader:1308:10)
    at Object.newLoader [as .js] (C:\Users\nib09\Desktop\teamproject\back\node_modules\pirates\lib\index.js:121:7)
    at Module.load (node:internal/modules/cjs/loader:1117:32)
    at Function.Module._load (node:internal/modules/cjs/loader:958:12)
    at Module.require (node:internal/modules/cjs/loader:1141:19)
    at require (node:internal/modules/cjs/helpers:110:18)
    at Object.<anonymous> (C:\Users\nib09\Desktop\teamproject\back\src\/app.js:2:1)
2023-08-14 23:34:06 error: uncaughtException: joinUser is not defined
ReferenceError: joinUser is not defined
    at Object.<anonymous> (C:\Users\nib09\Desktop\teamproject\back\src\routes\/userRouter.js:19:30)
    at Module._compile (node:internal/modules/cjs/loader:1254:14)
    at Module._compile (C:\Users\nib09\Desktop\teamproject\back\node_modules\pirates\lib\index.js:117:24)
    at Module._extensions..js (node:internal/modules/cjs/loader:1308:10)
    at Object.newLoader [as .js] (C:\Users\nib09\Desktop\teamproject\back\node_modules\pirates\lib\index.js:121:7)
    at Module.load (node:internal/modules/cjs/loader:1117:32)
    at Function.Module._load (node:internal/modules/cjs/loader:958:12)
    at Module.require (node:internal/modules/cjs/loader:1141:19)
    at require (node:internal/modules/cjs/helpers:110:18)
    at Object.<anonymous> (C:\Users\nib09\Desktop\teamproject\back\src\/app.js:2:1)
2023-08-14 23:34:12 error: uncaughtException: joinUser is not defined
ReferenceError: joinUser is not defined
    at Object.<anonymous> (C:\Users\nib09\Desktop\teamproject\back\src\routes\/userRouter.js:19:30)
    at Module._compile (node:internal/modules/cjs/loader:1254:14)
    at Module._compile (C:\Users\nib09\Desktop\teamproject\back\node_modules\pirates\lib\index.js:117:24)
    at Module._extensions..js (node:internal/modules/cjs/loader:1308:10)
    at Object.newLoader [as .js] (C:\Users\nib09\Desktop\teamproject\back\node_modules\pirates\lib\index.js:121:7)
    at Module.load (node:internal/modules/cjs/loader:1117:32)
    at Function.Module._load (node:internal/modules/cjs/loader:958:12)
    at Module.require (node:internal/modules/cjs/loader:1141:19)
    at require (node:internal/modules/cjs/helpers:110:18)
    at Object.<anonymous> (C:\Users\nib09\Desktop\teamproject\back\src\/app.js:2:1)
2023-08-14 23:34:14 error: uncaughtException: joinUser is not defined
ReferenceError: joinUser is not defined
    at Object.<anonymous> (C:\Users\nib09\Desktop\teamproject\back\src\routes\/userRouter.js:19:30)
    at Module._compile (node:internal/modules/cjs/loader:1254:14)
    at Module._compile (C:\Users\nib09\Desktop\teamproject\back\node_modules\pirates\lib\index.js:117:24)
    at Module._extensions..js (node:internal/modules/cjs/loader:1308:10)
    at Object.newLoader [as .js] (C:\Users\nib09\Desktop\teamproject\back\node_modules\pirates\lib\index.js:121:7)
    at Module.load (node:internal/modules/cjs/loader:1117:32)
    at Function.Module._load (node:internal/modules/cjs/loader:958:12)
    at Module.require (node:internal/modules/cjs/loader:1141:19)
    at require (node:internal/modules/cjs/helpers:110:18)
    at Object.<anonymous> (C:\Users\nib09\Desktop\teamproject\back\src\/app.js:2:1)
2023-08-14 23:40:05 error: uncaughtException: joinUser is not defined
ReferenceError: joinUser is not defined
    at Object.<anonymous> (C:\Users\nib09\Desktop\teamproject\back\src\routes\/userRouter.js:19:30)
    at Module._compile (node:internal/modules/cjs/loader:1254:14)
    at Module._compile (C:\Users\nib09\Desktop\teamproject\back\node_modules\pirates\lib\index.js:117:24)
    at Module._extensions..js (node:internal/modules/cjs/loader:1308:10)
    at Object.newLoader [as .js] (C:\Users\nib09\Desktop\teamproject\back\node_modules\pirates\lib\index.js:121:7)
    at Module.load (node:internal/modules/cjs/loader:1117:32)
    at Function.Module._load (node:internal/modules/cjs/loader:958:12)
    at Module.require (node:internal/modules/cjs/loader:1141:19)
    at require (node:internal/modules/cjs/helpers:110:18)
    at Object.<anonymous> (C:\Users\nib09\Desktop\teamproject\back\src\/app.js:2:1)
2023-08-14 23:40:23 error: uncaughtException: joinUser is not defined
ReferenceError: joinUser is not defined
    at Object.<anonymous> (C:\Users\nib09\Desktop\teamproject\back\src\routes\/userRouter.js:19:30)
    at Module._compile (node:internal/modules/cjs/loader:1254:14)
    at Module._compile (C:\Users\nib09\Desktop\teamproject\back\node_modules\pirates\lib\index.js:117:24)
    at Module._extensions..js (node:internal/modules/cjs/loader:1308:10)
    at Object.newLoader [as .js] (C:\Users\nib09\Desktop\teamproject\back\node_modules\pirates\lib\index.js:121:7)
    at Module.load (node:internal/modules/cjs/loader:1117:32)
    at Function.Module._load (node:internal/modules/cjs/loader:958:12)
    at Module.require (node:internal/modules/cjs/loader:1141:19)
    at require (node:internal/modules/cjs/helpers:110:18)
    at Object.<anonymous> (C:\Users\nib09\Desktop\teamproject\back\src\/app.js:2:1)
2023-08-14 23:40:26 error: uncaughtException: joinUser is not defined
ReferenceError: joinUser is not defined
    at Object.<anonymous> (C:\Users\nib09\Desktop\teamproject\back\src\routes\/userRouter.js:19:30)
    at Module._compile (node:internal/modules/cjs/loader:1254:14)
    at Module._compile (C:\Users\nib09\Desktop\teamproject\back\node_modules\pirates\lib\index.js:117:24)
    at Module._extensions..js (node:internal/modules/cjs/loader:1308:10)
    at Object.newLoader [as .js] (C:\Users\nib09\Desktop\teamproject\back\node_modules\pirates\lib\index.js:121:7)
    at Module.load (node:internal/modules/cjs/loader:1117:32)
    at Function.Module._load (node:internal/modules/cjs/loader:958:12)
    at Module.require (node:internal/modules/cjs/loader:1141:19)
    at require (node:internal/modules/cjs/helpers:110:18)
    at Object.<anonymous> (C:\Users\nib09\Desktop\teamproject\back\src\/app.js:2:1)
2023-08-14 23:40:29 error: uncaughtException: joinUser is not defined
ReferenceError: joinUser is not defined
    at Object.<anonymous> (C:\Users\nib09\Desktop\teamproject\back\src\routes\/userRouter.js:19:30)
    at Module._compile (node:internal/modules/cjs/loader:1254:14)
    at Module._compile (C:\Users\nib09\Desktop\teamproject\back\node_modules\pirates\lib\index.js:117:24)
    at Module._extensions..js (node:internal/modules/cjs/loader:1308:10)
    at Object.newLoader [as .js] (C:\Users\nib09\Desktop\teamproject\back\node_modules\pirates\lib\index.js:121:7)
    at Module.load (node:internal/modules/cjs/loader:1117:32)
    at Function.Module._load (node:internal/modules/cjs/loader:958:12)
    at Module.require (node:internal/modules/cjs/loader:1141:19)
    at require (node:internal/modules/cjs/helpers:110:18)
    at Object.<anonymous> (C:\Users\nib09\Desktop\teamproject\back\src\/app.js:2:1)
2023-08-14 23:41:09 error: uncaughtException: joinUser is not defined
ReferenceError: joinUser is not defined
    at Object.<anonymous> (C:\Users\nib09\Desktop\teamproject\back\src\routes\/userRouter.js:19:30)
    at Module._compile (node:internal/modules/cjs/loader:1254:14)
    at Module._compile (C:\Users\nib09\Desktop\teamproject\back\node_modules\pirates\lib\index.js:117:24)
    at Module._extensions..js (node:internal/modules/cjs/loader:1308:10)
    at Object.newLoader [as .js] (C:\Users\nib09\Desktop\teamproject\back\node_modules\pirates\lib\index.js:121:7)
    at Module.load (node:internal/modules/cjs/loader:1117:32)
    at Function.Module._load (node:internal/modules/cjs/loader:958:12)
    at Module.require (node:internal/modules/cjs/loader:1141:19)
    at require (node:internal/modules/cjs/helpers:110:18)
    at Object.<anonymous> (C:\Users\nib09\Desktop\teamproject\back\src\/app.js:2:1)
2023-08-14 23:41:18 error: uncaughtException: C:\Users\nib09\Desktop\teamproject\back\src\controllers\userController.js: `joinUser` has already been exported. Exported identifiers must be unique. (14:9)

[0m [90m 12 |[39m }[33m;[39m[0m
[0m [90m 13 |[39m[0m
[0m[31m[1m>[22m[39m[90m 14 |[39m [36mexport[39m { joinUser }[33m;[39m[0m
[0m [90m    |[39m          [31m[1m^[22m[39m[0m
[0m [90m 15 |[39m[0m
SyntaxError: C:\Users\nib09\Desktop\teamproject\back\src\controllers\userController.js: `joinUser` has already been exported. Exported identifiers must be unique. (14:9)

[0m [90m 12 |[39m }[33m;[39m[0m
[0m [90m 13 |[39m[0m
[0m[31m[1m>[22m[39m[90m 14 |[39m [36mexport[39m { joinUser }[33m;[39m[0m
[0m [90m    |[39m          [31m[1m^[22m[39m[0m
[0m [90m 15 |[39m[0m
    at instantiate (C:\Users\nib09\Desktop\teamproject\back\node_modules\@babel\parser\src\parse-error\credentials.ts:62:21)
    at toParseError (C:\Users\nib09\Desktop\teamproject\back\node_modules\@babel\parser\src\parse-error.ts:60:12)
    at Parser.raise (C:\Users\nib09\Desktop\teamproject\back\node_modules\@babel\parser\src\tokenizer\index.ts:1487:19)
    at Parser.checkDuplicateExports (C:\Users\nib09\Desktop\teamproject\back\node_modules\@babel\parser\src\parser\statement.ts:2781:14)
    at Parser.checkExport (C:\Users\nib09\Desktop\teamproject\back\node_modules\@babel\parser\src\parser\statement.ts:2708:16)
    at Parser.parseExport (C:\Users\nib09\Desktop\teamproject\back\node_modules\@babel\parser\src\parser\statement.ts:2402:12)
    at Parser.parseStatementContent (C:\Users\nib09\Desktop\teamproject\back\node_modules\@babel\parser\src\parser\statement.ts:597:25)
    at Parser.parseStatementLike (C:\Users\nib09\Desktop\teamproject\back\node_modules\@babel\parser\src\parser\statement.ts:417:17)
    at Parser.parseModuleItem (C:\Users\nib09\Desktop\teamproject\back\node_modules\@babel\parser\src\parser\statement.ts:354:17)
    at Parser.parseBlockOrModuleBlockBody (C:\Users\nib09\Desktop\teamproject\back\node_modules\@babel\parser\src\parser\statement.ts:1394:16)
    at Parser.parseBlockBody (C:\Users\nib09\Desktop\teamproject\back\node_modules\@babel\parser\src\parser\statement.ts:1368:10)
    at Parser.parseProgram (C:\Users\nib09\Desktop\teamproject\back\node_modules\@babel\parser\src\parser\statement.ts:213:10)
    at Parser.parseTopLevel (C:\Users\nib09\Desktop\teamproject\back\node_modules\@babel\parser\src\parser\statement.ts:195:25)
    at Parser.parse (C:\Users\nib09\Desktop\teamproject\back\node_modules\@babel\parser\src\parser\index.ts:45:10)
    at parse (C:\Users\nib09\Desktop\teamproject\back\node_modules\@babel\parser\src\index.ts:67:38)
    at parser (C:\Users\nib09\Desktop\teamproject\back\node_modules\@babel\core\src\parser\index.ts:28:19)
    at parser.next (<anonymous>)
    at normalizeFile (C:\Users\nib09\Desktop\teamproject\back\node_modules\@babel\core\src\transformation\normalize-file.ts:51:24)
    at normalizeFile.next (<anonymous>)
    at run (C:\Users\nib09\Desktop\teamproject\back\node_modules\@babel\core\src\transformation\index.ts:39:36)
    at run.next (<anonymous>)
    at transform (C:\Users\nib09\Desktop\teamproject\back\node_modules\@babel\core\src\transform.ts:29:20)
    at transform.next (<anonymous>)
    at evaluateSync (C:\Users\nib09\Desktop\teamproject\back\node_modules\gensync\index.js:251:28)
    at fn (C:\Users\nib09\Desktop\teamproject\back\node_modules\gensync\index.js:89:14)
    at stopHiding - secret - don't use this - v1 (C:\Users\nib09\Desktop\teamproject\back\node_modules\@babel\core\src\errors\rewrite-stack-trace.ts:99:14)
    at Object.transformSync (C:\Users\nib09\Desktop\teamproject\back\node_modules\@babel\core\src\transform.ts:66:52)
    at transformSync (C:\Users\nib09\Desktop\teamproject\back\node_modules\@babel\register\src\worker\transform.js:94:33)
    at Function.call (C:\Users\nib09\Desktop\teamproject\back\node_modules\@babel\register\src\worker\handle-message.js:15:16)
    at LocalClient.call (C:\Users\nib09\Desktop\teamproject\back\node_modules\@babel\register\src\worker-client.js:103:27)
    at LocalClient.transform (C:\Users\nib09\Desktop\teamproject\back\node_modules\@babel\register\src\worker-client.js:40:16)
    at compile (C:\Users\nib09\Desktop\teamproject\back\node_modules\@babel\register\src\hook.js:57:25)
    at compileBabel7 (C:\Users\nib09\Desktop\teamproject\back\node_modules\@babel\register\src\hook.js:48:14)
    at Module._compile (C:\Users\nib09\Desktop\teamproject\back\node_modules\pirates\lib\index.js:113:29)
    at Module._extensions..js (node:internal/modules/cjs/loader:1308:10)
    at Object.newLoader [as .js] (C:\Users\nib09\Desktop\teamproject\back\node_modules\pirates\lib\index.js:121:7)
    at Module.load (node:internal/modules/cjs/loader:1117:32)
    at Function.Module._load (node:internal/modules/cjs/loader:958:12)
    at Module.require (node:internal/modules/cjs/loader:1141:19)
    at require (node:internal/modules/cjs/helpers:110:18)
    at Object.<anonymous> (C:\Users\nib09\Desktop\teamproject\back\src\routes\/userRouter.js:2:1)
    at Module._compile (node:internal/modules/cjs/loader:1254:14)
    at Module._compile (C:\Users\nib09\Desktop\teamproject\back\node_modules\pirates\lib\index.js:117:24)
    at Module._extensions..js (node:internal/modules/cjs/loader:1308:10)
    at Object.newLoader [as .js] (C:\Users\nib09\Desktop\teamproject\back\node_modules\pirates\lib\index.js:121:7)
    at Module.load (node:internal/modules/cjs/loader:1117:32)
    at Function.Module._load (node:internal/modules/cjs/loader:958:12)
    at Module.require (node:internal/modules/cjs/loader:1141:19)
    at require (node:internal/modules/cjs/helpers:110:18)
    at Object.<anonymous> (C:\Users\nib09\Desktop\teamproject\back\src\/app.js:2:1)
2023-08-14 23:41:48 error: uncaughtException: C:\Users\nib09\Desktop\teamproject\back\src\controllers\userController.js: `joinUser` has already been exported. Exported identifiers must be unique. (14:9)

[0m [90m 12 |[39m }[33m;[39m[0m
[0m [90m 13 |[39m[0m
[0m[31m[1m>[22m[39m[90m 14 |[39m [36mexport[39m { joinUser }[33m;[39m[0m
[0m [90m    |[39m          [31m[1m^[22m[39m[0m
[0m [90m 15 |[39m[0m
SyntaxError: C:\Users\nib09\Desktop\teamproject\back\src\controllers\userController.js: `joinUser` has already been exported. Exported identifiers must be unique. (14:9)

[0m [90m 12 |[39m }[33m;[39m[0m
[0m [90m 13 |[39m[0m
[0m[31m[1m>[22m[39m[90m 14 |[39m [36mexport[39m { joinUser }[33m;[39m[0m
[0m [90m    |[39m          [31m[1m^[22m[39m[0m
[0m [90m 15 |[39m[0m
    at instantiate (C:\Users\nib09\Desktop\teamproject\back\node_modules\@babel\parser\src\parse-error\credentials.ts:62:21)
    at toParseError (C:\Users\nib09\Desktop\teamproject\back\node_modules\@babel\parser\src\parse-error.ts:60:12)
    at Parser.raise (C:\Users\nib09\Desktop\teamproject\back\node_modules\@babel\parser\src\tokenizer\index.ts:1487:19)
    at Parser.checkDuplicateExports (C:\Users\nib09\Desktop\teamproject\back\node_modules\@babel\parser\src\parser\statement.ts:2781:14)
    at Parser.checkExport (C:\Users\nib09\Desktop\teamproject\back\node_modules\@babel\parser\src\parser\statement.ts:2708:16)
    at Parser.parseExport (C:\Users\nib09\Desktop\teamproject\back\node_modules\@babel\parser\src\parser\statement.ts:2402:12)
    at Parser.parseStatementContent (C:\Users\nib09\Desktop\teamproject\back\node_modules\@babel\parser\src\parser\statement.ts:597:25)
    at Parser.parseStatementLike (C:\Users\nib09\Desktop\teamproject\back\node_modules\@babel\parser\src\parser\statement.ts:417:17)
    at Parser.parseModuleItem (C:\Users\nib09\Desktop\teamproject\back\node_modules\@babel\parser\src\parser\statement.ts:354:17)
    at Parser.parseBlockOrModuleBlockBody (C:\Users\nib09\Desktop\teamproject\back\node_modules\@babel\parser\src\parser\statement.ts:1394:16)
    at Parser.parseBlockBody (C:\Users\nib09\Desktop\teamproject\back\node_modules\@babel\parser\src\parser\statement.ts:1368:10)
    at Parser.parseProgram (C:\Users\nib09\Desktop\teamproject\back\node_modules\@babel\parser\src\parser\statement.ts:213:10)
    at Parser.parseTopLevel (C:\Users\nib09\Desktop\teamproject\back\node_modules\@babel\parser\src\parser\statement.ts:195:25)
    at Parser.parse (C:\Users\nib09\Desktop\teamproject\back\node_modules\@babel\parser\src\parser\index.ts:45:10)
    at parse (C:\Users\nib09\Desktop\teamproject\back\node_modules\@babel\parser\src\index.ts:67:38)
    at parser (C:\Users\nib09\Desktop\teamproject\back\node_modules\@babel\core\src\parser\index.ts:28:19)
    at parser.next (<anonymous>)
    at normalizeFile (C:\Users\nib09\Desktop\teamproject\back\node_modules\@babel\core\src\transformation\normalize-file.ts:51:24)
    at normalizeFile.next (<anonymous>)
    at run (C:\Users\nib09\Desktop\teamproject\back\node_modules\@babel\core\src\transformation\index.ts:39:36)
    at run.next (<anonymous>)
    at transform (C:\Users\nib09\Desktop\teamproject\back\node_modules\@babel\core\src\transform.ts:29:20)
    at transform.next (<anonymous>)
    at evaluateSync (C:\Users\nib09\Desktop\teamproject\back\node_modules\gensync\index.js:251:28)
    at fn (C:\Users\nib09\Desktop\teamproject\back\node_modules\gensync\index.js:89:14)
    at stopHiding - secret - don't use this - v1 (C:\Users\nib09\Desktop\teamproject\back\node_modules\@babel\core\src\errors\rewrite-stack-trace.ts:99:14)
    at Object.transformSync (C:\Users\nib09\Desktop\teamproject\back\node_modules\@babel\core\src\transform.ts:66:52)
    at transformSync (C:\Users\nib09\Desktop\teamproject\back\node_modules\@babel\register\src\worker\transform.js:94:33)
    at Function.call (C:\Users\nib09\Desktop\teamproject\back\node_modules\@babel\register\src\worker\handle-message.js:15:16)
    at LocalClient.call (C:\Users\nib09\Desktop\teamproject\back\node_modules\@babel\register\src\worker-client.js:103:27)
    at LocalClient.transform (C:\Users\nib09\Desktop\teamproject\back\node_modules\@babel\register\src\worker-client.js:40:16)
    at compile (C:\Users\nib09\Desktop\teamproject\back\node_modules\@babel\register\src\hook.js:57:25)
    at compileBabel7 (C:\Users\nib09\Desktop\teamproject\back\node_modules\@babel\register\src\hook.js:48:14)
    at Module._compile (C:\Users\nib09\Desktop\teamproject\back\node_modules\pirates\lib\index.js:113:29)
    at Module._extensions..js (node:internal/modules/cjs/loader:1308:10)
    at Object.newLoader [as .js] (C:\Users\nib09\Desktop\teamproject\back\node_modules\pirates\lib\index.js:121:7)
    at Module.load (node:internal/modules/cjs/loader:1117:32)
    at Function.Module._load (node:internal/modules/cjs/loader:958:12)
    at Module.require (node:internal/modules/cjs/loader:1141:19)
    at require (node:internal/modules/cjs/helpers:110:18)
    at Object.<anonymous> (C:\Users\nib09\Desktop\teamproject\back\src\routes\/userRouter.js:2:1)
    at Module._compile (node:internal/modules/cjs/loader:1254:14)
    at Module._compile (C:\Users\nib09\Desktop\teamproject\back\node_modules\pirates\lib\index.js:117:24)
    at Module._extensions..js (node:internal/modules/cjs/loader:1308:10)
    at Object.newLoader [as .js] (C:\Users\nib09\Desktop\teamproject\back\node_modules\pirates\lib\index.js:121:7)
    at Module.load (node:internal/modules/cjs/loader:1117:32)
    at Function.Module._load (node:internal/modules/cjs/loader:958:12)
    at Module.require (node:internal/modules/cjs/loader:1141:19)
    at require (node:internal/modules/cjs/helpers:110:18)
    at Object.<anonymous> (C:\Users\nib09\Desktop\teamproject\back\src\/app.js:2:1)
2023-08-14 23:41:56 error: uncaughtException: C:\Users\nib09\Desktop\teamproject\back\src\controllers\userController.js: `joinUser` has already been exported. Exported identifiers must be unique. (14:9)

[0m [90m 12 |[39m }[33m;[39m[0m
[0m [90m 13 |[39m[0m
[0m[31m[1m>[22m[39m[90m 14 |[39m [36mexport[39m { joinUser }[33m;[39m[0m
[0m [90m    |[39m          [31m[1m^[22m[39m[0m
[0m [90m 15 |[39m[0m
SyntaxError: C:\Users\nib09\Desktop\teamproject\back\src\controllers\userController.js: `joinUser` has already been exported. Exported identifiers must be unique. (14:9)

[0m [90m 12 |[39m }[33m;[39m[0m
[0m [90m 13 |[39m[0m
[0m[31m[1m>[22m[39m[90m 14 |[39m [36mexport[39m { joinUser }[33m;[39m[0m
[0m [90m    |[39m          [31m[1m^[22m[39m[0m
[0m [90m 15 |[39m[0m
    at instantiate (C:\Users\nib09\Desktop\teamproject\back\node_modules\@babel\parser\src\parse-error\credentials.ts:62:21)
    at toParseError (C:\Users\nib09\Desktop\teamproject\back\node_modules\@babel\parser\src\parse-error.ts:60:12)
    at Parser.raise (C:\Users\nib09\Desktop\teamproject\back\node_modules\@babel\parser\src\tokenizer\index.ts:1487:19)
    at Parser.checkDuplicateExports (C:\Users\nib09\Desktop\teamproject\back\node_modules\@babel\parser\src\parser\statement.ts:2781:14)
    at Parser.checkExport (C:\Users\nib09\Desktop\teamproject\back\node_modules\@babel\parser\src\parser\statement.ts:2708:16)
    at Parser.parseExport (C:\Users\nib09\Desktop\teamproject\back\node_modules\@babel\parser\src\parser\statement.ts:2402:12)
    at Parser.parseStatementContent (C:\Users\nib09\Desktop\teamproject\back\node_modules\@babel\parser\src\parser\statement.ts:597:25)
    at Parser.parseStatementLike (C:\Users\nib09\Desktop\teamproject\back\node_modules\@babel\parser\src\parser\statement.ts:417:17)
    at Parser.parseModuleItem (C:\Users\nib09\Desktop\teamproject\back\node_modules\@babel\parser\src\parser\statement.ts:354:17)
    at Parser.parseBlockOrModuleBlockBody (C:\Users\nib09\Desktop\teamproject\back\node_modules\@babel\parser\src\parser\statement.ts:1394:16)
    at Parser.parseBlockBody (C:\Users\nib09\Desktop\teamproject\back\node_modules\@babel\parser\src\parser\statement.ts:1368:10)
    at Parser.parseProgram (C:\Users\nib09\Desktop\teamproject\back\node_modules\@babel\parser\src\parser\statement.ts:213:10)
    at Parser.parseTopLevel (C:\Users\nib09\Desktop\teamproject\back\node_modules\@babel\parser\src\parser\statement.ts:195:25)
    at Parser.parse (C:\Users\nib09\Desktop\teamproject\back\node_modules\@babel\parser\src\parser\index.ts:45:10)
    at parse (C:\Users\nib09\Desktop\teamproject\back\node_modules\@babel\parser\src\index.ts:67:38)
    at parser (C:\Users\nib09\Desktop\teamproject\back\node_modules\@babel\core\src\parser\index.ts:28:19)
    at parser.next (<anonymous>)
    at normalizeFile (C:\Users\nib09\Desktop\teamproject\back\node_modules\@babel\core\src\transformation\normalize-file.ts:51:24)
    at normalizeFile.next (<anonymous>)
    at run (C:\Users\nib09\Desktop\teamproject\back\node_modules\@babel\core\src\transformation\index.ts:39:36)
    at run.next (<anonymous>)
    at transform (C:\Users\nib09\Desktop\teamproject\back\node_modules\@babel\core\src\transform.ts:29:20)
    at transform.next (<anonymous>)
    at evaluateSync (C:\Users\nib09\Desktop\teamproject\back\node_modules\gensync\index.js:251:28)
    at fn (C:\Users\nib09\Desktop\teamproject\back\node_modules\gensync\index.js:89:14)
    at stopHiding - secret - don't use this - v1 (C:\Users\nib09\Desktop\teamproject\back\node_modules\@babel\core\src\errors\rewrite-stack-trace.ts:99:14)
    at Object.transformSync (C:\Users\nib09\Desktop\teamproject\back\node_modules\@babel\core\src\transform.ts:66:52)
    at transformSync (C:\Users\nib09\Desktop\teamproject\back\node_modules\@babel\register\src\worker\transform.js:94:33)
    at Function.call (C:\Users\nib09\Desktop\teamproject\back\node_modules\@babel\register\src\worker\handle-message.js:15:16)
    at LocalClient.call (C:\Users\nib09\Desktop\teamproject\back\node_modules\@babel\register\src\worker-client.js:103:27)
    at LocalClient.transform (C:\Users\nib09\Desktop\teamproject\back\node_modules\@babel\register\src\worker-client.js:40:16)
    at compile (C:\Users\nib09\Desktop\teamproject\back\node_modules\@babel\register\src\hook.js:57:25)
    at compileBabel7 (C:\Users\nib09\Desktop\teamproject\back\node_modules\@babel\register\src\hook.js:48:14)
    at Module._compile (C:\Users\nib09\Desktop\teamproject\back\node_modules\pirates\lib\index.js:113:29)
    at Module._extensions..js (node:internal/modules/cjs/loader:1308:10)
    at Object.newLoader [as .js] (C:\Users\nib09\Desktop\teamproject\back\node_modules\pirates\lib\index.js:121:7)
    at Module.load (node:internal/modules/cjs/loader:1117:32)
    at Function.Module._load (node:internal/modules/cjs/loader:958:12)
    at Module.require (node:internal/modules/cjs/loader:1141:19)
    at require (node:internal/modules/cjs/helpers:110:18)
    at Object.<anonymous> (C:\Users\nib09\Desktop\teamproject\back\src\routes\/userRouter.js:2:1)
    at Module._compile (node:internal/modules/cjs/loader:1254:14)
    at Module._compile (C:\Users\nib09\Desktop\teamproject\back\node_modules\pirates\lib\index.js:117:24)
    at Module._extensions..js (node:internal/modules/cjs/loader:1308:10)
    at Object.newLoader [as .js] (C:\Users\nib09\Desktop\teamproject\back\node_modules\pirates\lib\index.js:121:7)
    at Module.load (node:internal/modules/cjs/loader:1117:32)
    at Function.Module._load (node:internal/modules/cjs/loader:958:12)
    at Module.require (node:internal/modules/cjs/loader:1141:19)
    at require (node:internal/modules/cjs/helpers:110:18)
    at Object.<anonymous> (C:\Users\nib09\Desktop\teamproject\back\src\/app.js:2:1)
2023-08-14 23:42:43 error: uncaughtException: C:\Users\nib09\Desktop\teamproject\back\src\controllers\userController.js: `joinUser` has already been exported. Exported identifiers must be unique. (14:9)

[0m [90m 12 |[39m }[33m;[39m[0m
[0m [90m 13 |[39m[0m
[0m[31m[1m>[22m[39m[90m 14 |[39m [36mexport[39m { joinUser }[33m;[39m[0m
[0m [90m    |[39m          [31m[1m^[22m[39m[0m
[0m [90m 15 |[39m[0m
SyntaxError: C:\Users\nib09\Desktop\teamproject\back\src\controllers\userController.js: `joinUser` has already been exported. Exported identifiers must be unique. (14:9)

[0m [90m 12 |[39m }[33m;[39m[0m
[0m [90m 13 |[39m[0m
[0m[31m[1m>[22m[39m[90m 14 |[39m [36mexport[39m { joinUser }[33m;[39m[0m
[0m [90m    |[39m          [31m[1m^[22m[39m[0m
[0m [90m 15 |[39m[0m
    at instantiate (C:\Users\nib09\Desktop\teamproject\back\node_modules\@babel\parser\src\parse-error\credentials.ts:62:21)
    at toParseError (C:\Users\nib09\Desktop\teamproject\back\node_modules\@babel\parser\src\parse-error.ts:60:12)
    at Parser.raise (C:\Users\nib09\Desktop\teamproject\back\node_modules\@babel\parser\src\tokenizer\index.ts:1487:19)
    at Parser.checkDuplicateExports (C:\Users\nib09\Desktop\teamproject\back\node_modules\@babel\parser\src\parser\statement.ts:2781:14)
    at Parser.checkExport (C:\Users\nib09\Desktop\teamproject\back\node_modules\@babel\parser\src\parser\statement.ts:2708:16)
    at Parser.parseExport (C:\Users\nib09\Desktop\teamproject\back\node_modules\@babel\parser\src\parser\statement.ts:2402:12)
    at Parser.parseStatementContent (C:\Users\nib09\Desktop\teamproject\back\node_modules\@babel\parser\src\parser\statement.ts:597:25)
    at Parser.parseStatementLike (C:\Users\nib09\Desktop\teamproject\back\node_modules\@babel\parser\src\parser\statement.ts:417:17)
    at Parser.parseModuleItem (C:\Users\nib09\Desktop\teamproject\back\node_modules\@babel\parser\src\parser\statement.ts:354:17)
    at Parser.parseBlockOrModuleBlockBody (C:\Users\nib09\Desktop\teamproject\back\node_modules\@babel\parser\src\parser\statement.ts:1394:16)
    at Parser.parseBlockBody (C:\Users\nib09\Desktop\teamproject\back\node_modules\@babel\parser\src\parser\statement.ts:1368:10)
    at Parser.parseProgram (C:\Users\nib09\Desktop\teamproject\back\node_modules\@babel\parser\src\parser\statement.ts:213:10)
    at Parser.parseTopLevel (C:\Users\nib09\Desktop\teamproject\back\node_modules\@babel\parser\src\parser\statement.ts:195:25)
    at Parser.parse (C:\Users\nib09\Desktop\teamproject\back\node_modules\@babel\parser\src\parser\index.ts:45:10)
    at parse (C:\Users\nib09\Desktop\teamproject\back\node_modules\@babel\parser\src\index.ts:67:38)
    at parser (C:\Users\nib09\Desktop\teamproject\back\node_modules\@babel\core\src\parser\index.ts:28:19)
    at parser.next (<anonymous>)
    at normalizeFile (C:\Users\nib09\Desktop\teamproject\back\node_modules\@babel\core\src\transformation\normalize-file.ts:51:24)
    at normalizeFile.next (<anonymous>)
    at run (C:\Users\nib09\Desktop\teamproject\back\node_modules\@babel\core\src\transformation\index.ts:39:36)
    at run.next (<anonymous>)
    at transform (C:\Users\nib09\Desktop\teamproject\back\node_modules\@babel\core\src\transform.ts:29:20)
    at transform.next (<anonymous>)
    at evaluateSync (C:\Users\nib09\Desktop\teamproject\back\node_modules\gensync\index.js:251:28)
    at fn (C:\Users\nib09\Desktop\teamproject\back\node_modules\gensync\index.js:89:14)
    at stopHiding - secret - don't use this - v1 (C:\Users\nib09\Desktop\teamproject\back\node_modules\@babel\core\src\errors\rewrite-stack-trace.ts:99:14)
    at Object.transformSync (C:\Users\nib09\Desktop\teamproject\back\node_modules\@babel\core\src\transform.ts:66:52)
    at transformSync (C:\Users\nib09\Desktop\teamproject\back\node_modules\@babel\register\src\worker\transform.js:94:33)
    at Function.call (C:\Users\nib09\Desktop\teamproject\back\node_modules\@babel\register\src\worker\handle-message.js:15:16)
    at LocalClient.call (C:\Users\nib09\Desktop\teamproject\back\node_modules\@babel\register\src\worker-client.js:103:27)
    at LocalClient.transform (C:\Users\nib09\Desktop\teamproject\back\node_modules\@babel\register\src\worker-client.js:40:16)
    at compile (C:\Users\nib09\Desktop\teamproject\back\node_modules\@babel\register\src\hook.js:57:25)
    at compileBabel7 (C:\Users\nib09\Desktop\teamproject\back\node_modules\@babel\register\src\hook.js:48:14)
    at Module._compile (C:\Users\nib09\Desktop\teamproject\back\node_modules\pirates\lib\index.js:113:29)
    at Module._extensions..js (node:internal/modules/cjs/loader:1308:10)
    at Object.newLoader [as .js] (C:\Users\nib09\Desktop\teamproject\back\node_modules\pirates\lib\index.js:121:7)
    at Module.load (node:internal/modules/cjs/loader:1117:32)
    at Function.Module._load (node:internal/modules/cjs/loader:958:12)
    at Module.require (node:internal/modules/cjs/loader:1141:19)
    at require (node:internal/modules/cjs/helpers:110:18)
    at Object.<anonymous> (C:\Users\nib09\Desktop\teamproject\back\src\routes\/userRouter.js:2:1)
    at Module._compile (node:internal/modules/cjs/loader:1254:14)
    at Module._compile (C:\Users\nib09\Desktop\teamproject\back\node_modules\pirates\lib\index.js:117:24)
    at Module._extensions..js (node:internal/modules/cjs/loader:1308:10)
    at Object.newLoader [as .js] (C:\Users\nib09\Desktop\teamproject\back\node_modules\pirates\lib\index.js:121:7)
    at Module.load (node:internal/modules/cjs/loader:1117:32)
    at Function.Module._load (node:internal/modules/cjs/loader:958:12)
    at Module.require (node:internal/modules/cjs/loader:1141:19)
    at require (node:internal/modules/cjs/helpers:110:18)
    at Object.<anonymous> (C:\Users\nib09\Desktop\teamproject\back\src\/app.js:2:1)
2023-08-14 23:42:57 error: uncaughtException: C:\Users\nib09\Desktop\teamproject\back\src\controllers\userController.js: `joinUser` has already been exported. Exported identifiers must be unique. (14:9)

[0m [90m 12 |[39m }[33m;[39m[0m
[0m [90m 13 |[39m[0m
[0m[31m[1m>[22m[39m[90m 14 |[39m [36mexport[39m { joinUser }[33m;[39m[0m
[0m [90m    |[39m          [31m[1m^[22m[39m[0m
[0m [90m 15 |[39m[0m
SyntaxError: C:\Users\nib09\Desktop\teamproject\back\src\controllers\userController.js: `joinUser` has already been exported. Exported identifiers must be unique. (14:9)

[0m [90m 12 |[39m }[33m;[39m[0m
[0m [90m 13 |[39m[0m
[0m[31m[1m>[22m[39m[90m 14 |[39m [36mexport[39m { joinUser }[33m;[39m[0m
[0m [90m    |[39m          [31m[1m^[22m[39m[0m
[0m [90m 15 |[39m[0m
    at instantiate (C:\Users\nib09\Desktop\teamproject\back\node_modules\@babel\parser\src\parse-error\credentials.ts:62:21)
    at toParseError (C:\Users\nib09\Desktop\teamproject\back\node_modules\@babel\parser\src\parse-error.ts:60:12)
    at Parser.raise (C:\Users\nib09\Desktop\teamproject\back\node_modules\@babel\parser\src\tokenizer\index.ts:1487:19)
    at Parser.checkDuplicateExports (C:\Users\nib09\Desktop\teamproject\back\node_modules\@babel\parser\src\parser\statement.ts:2781:14)
    at Parser.checkExport (C:\Users\nib09\Desktop\teamproject\back\node_modules\@babel\parser\src\parser\statement.ts:2708:16)
    at Parser.parseExport (C:\Users\nib09\Desktop\teamproject\back\node_modules\@babel\parser\src\parser\statement.ts:2402:12)
    at Parser.parseStatementContent (C:\Users\nib09\Desktop\teamproject\back\node_modules\@babel\parser\src\parser\statement.ts:597:25)
    at Parser.parseStatementLike (C:\Users\nib09\Desktop\teamproject\back\node_modules\@babel\parser\src\parser\statement.ts:417:17)
    at Parser.parseModuleItem (C:\Users\nib09\Desktop\teamproject\back\node_modules\@babel\parser\src\parser\statement.ts:354:17)
    at Parser.parseBlockOrModuleBlockBody (C:\Users\nib09\Desktop\teamproject\back\node_modules\@babel\parser\src\parser\statement.ts:1394:16)
    at Parser.parseBlockBody (C:\Users\nib09\Desktop\teamproject\back\node_modules\@babel\parser\src\parser\statement.ts:1368:10)
    at Parser.parseProgram (C:\Users\nib09\Desktop\teamproject\back\node_modules\@babel\parser\src\parser\statement.ts:213:10)
    at Parser.parseTopLevel (C:\Users\nib09\Desktop\teamproject\back\node_modules\@babel\parser\src\parser\statement.ts:195:25)
    at Parser.parse (C:\Users\nib09\Desktop\teamproject\back\node_modules\@babel\parser\src\parser\index.ts:45:10)
    at parse (C:\Users\nib09\Desktop\teamproject\back\node_modules\@babel\parser\src\index.ts:67:38)
    at parser (C:\Users\nib09\Desktop\teamproject\back\node_modules\@babel\core\src\parser\index.ts:28:19)
    at parser.next (<anonymous>)
    at normalizeFile (C:\Users\nib09\Desktop\teamproject\back\node_modules\@babel\core\src\transformation\normalize-file.ts:51:24)
    at normalizeFile.next (<anonymous>)
    at run (C:\Users\nib09\Desktop\teamproject\back\node_modules\@babel\core\src\transformation\index.ts:39:36)
    at run.next (<anonymous>)
    at transform (C:\Users\nib09\Desktop\teamproject\back\node_modules\@babel\core\src\transform.ts:29:20)
    at transform.next (<anonymous>)
    at evaluateSync (C:\Users\nib09\Desktop\teamproject\back\node_modules\gensync\index.js:251:28)
    at fn (C:\Users\nib09\Desktop\teamproject\back\node_modules\gensync\index.js:89:14)
    at stopHiding - secret - don't use this - v1 (C:\Users\nib09\Desktop\teamproject\back\node_modules\@babel\core\src\errors\rewrite-stack-trace.ts:99:14)
    at Object.transformSync (C:\Users\nib09\Desktop\teamproject\back\node_modules\@babel\core\src\transform.ts:66:52)
    at transformSync (C:\Users\nib09\Desktop\teamproject\back\node_modules\@babel\register\src\worker\transform.js:94:33)
    at Function.call (C:\Users\nib09\Desktop\teamproject\back\node_modules\@babel\register\src\worker\handle-message.js:15:16)
    at LocalClient.call (C:\Users\nib09\Desktop\teamproject\back\node_modules\@babel\register\src\worker-client.js:103:27)
    at LocalClient.transform (C:\Users\nib09\Desktop\teamproject\back\node_modules\@babel\register\src\worker-client.js:40:16)
    at compile (C:\Users\nib09\Desktop\teamproject\back\node_modules\@babel\register\src\hook.js:57:25)
    at compileBabel7 (C:\Users\nib09\Desktop\teamproject\back\node_modules\@babel\register\src\hook.js:48:14)
    at Module._compile (C:\Users\nib09\Desktop\teamproject\back\node_modules\pirates\lib\index.js:113:29)
    at Module._extensions..js (node:internal/modules/cjs/loader:1308:10)
    at Object.newLoader [as .js] (C:\Users\nib09\Desktop\teamproject\back\node_modules\pirates\lib\index.js:121:7)
    at Module.load (node:internal/modules/cjs/loader:1117:32)
    at Function.Module._load (node:internal/modules/cjs/loader:958:12)
    at Module.require (node:internal/modules/cjs/loader:1141:19)
    at require (node:internal/modules/cjs/helpers:110:18)
    at Object.<anonymous> (C:\Users\nib09\Desktop\teamproject\back\src\routes\/userRouter.js:2:1)
    at Module._compile (node:internal/modules/cjs/loader:1254:14)
    at Module._compile (C:\Users\nib09\Desktop\teamproject\back\node_modules\pirates\lib\index.js:117:24)
    at Module._extensions..js (node:internal/modules/cjs/loader:1308:10)
    at Object.newLoader [as .js] (C:\Users\nib09\Desktop\teamproject\back\node_modules\pirates\lib\index.js:121:7)
    at Module.load (node:internal/modules/cjs/loader:1117:32)
    at Function.Module._load (node:internal/modules/cjs/loader:958:12)
    at Module.require (node:internal/modules/cjs/loader:1141:19)
    at require (node:internal/modules/cjs/helpers:110:18)
    at Object.<anonymous> (C:\Users\nib09\Desktop\teamproject\back\src\/app.js:2:1)
2023-08-14 23:43:08 error: uncaughtException: C:\Users\nib09\Desktop\teamproject\back\src\controllers\userController.js: `joinUser` has already been exported. Exported identifiers must be unique. (14:9)

[0m [90m 12 |[39m }[33m;[39m[0m
[0m [90m 13 |[39m[0m
[0m[31m[1m>[22m[39m[90m 14 |[39m [36mexport[39m { joinUser }[33m;[39m[0m
[0m [90m    |[39m          [31m[1m^[22m[39m[0m
[0m [90m 15 |[39m[0m
SyntaxError: C:\Users\nib09\Desktop\teamproject\back\src\controllers\userController.js: `joinUser` has already been exported. Exported identifiers must be unique. (14:9)

[0m [90m 12 |[39m }[33m;[39m[0m
[0m [90m 13 |[39m[0m
[0m[31m[1m>[22m[39m[90m 14 |[39m [36mexport[39m { joinUser }[33m;[39m[0m
[0m [90m    |[39m          [31m[1m^[22m[39m[0m
[0m [90m 15 |[39m[0m
    at instantiate (C:\Users\nib09\Desktop\teamproject\back\node_modules\@babel\parser\src\parse-error\credentials.ts:62:21)
    at toParseError (C:\Users\nib09\Desktop\teamproject\back\node_modules\@babel\parser\src\parse-error.ts:60:12)
    at Parser.raise (C:\Users\nib09\Desktop\teamproject\back\node_modules\@babel\parser\src\tokenizer\index.ts:1487:19)
    at Parser.checkDuplicateExports (C:\Users\nib09\Desktop\teamproject\back\node_modules\@babel\parser\src\parser\statement.ts:2781:14)
    at Parser.checkExport (C:\Users\nib09\Desktop\teamproject\back\node_modules\@babel\parser\src\parser\statement.ts:2708:16)
    at Parser.parseExport (C:\Users\nib09\Desktop\teamproject\back\node_modules\@babel\parser\src\parser\statement.ts:2402:12)
    at Parser.parseStatementContent (C:\Users\nib09\Desktop\teamproject\back\node_modules\@babel\parser\src\parser\statement.ts:597:25)
    at Parser.parseStatementLike (C:\Users\nib09\Desktop\teamproject\back\node_modules\@babel\parser\src\parser\statement.ts:417:17)
    at Parser.parseModuleItem (C:\Users\nib09\Desktop\teamproject\back\node_modules\@babel\parser\src\parser\statement.ts:354:17)
    at Parser.parseBlockOrModuleBlockBody (C:\Users\nib09\Desktop\teamproject\back\node_modules\@babel\parser\src\parser\statement.ts:1394:16)
    at Parser.parseBlockBody (C:\Users\nib09\Desktop\teamproject\back\node_modules\@babel\parser\src\parser\statement.ts:1368:10)
    at Parser.parseProgram (C:\Users\nib09\Desktop\teamproject\back\node_modules\@babel\parser\src\parser\statement.ts:213:10)
    at Parser.parseTopLevel (C:\Users\nib09\Desktop\teamproject\back\node_modules\@babel\parser\src\parser\statement.ts:195:25)
    at Parser.parse (C:\Users\nib09\Desktop\teamproject\back\node_modules\@babel\parser\src\parser\index.ts:45:10)
    at parse (C:\Users\nib09\Desktop\teamproject\back\node_modules\@babel\parser\src\index.ts:67:38)
    at parser (C:\Users\nib09\Desktop\teamproject\back\node_modules\@babel\core\src\parser\index.ts:28:19)
    at parser.next (<anonymous>)
    at normalizeFile (C:\Users\nib09\Desktop\teamproject\back\node_modules\@babel\core\src\transformation\normalize-file.ts:51:24)
    at normalizeFile.next (<anonymous>)
    at run (C:\Users\nib09\Desktop\teamproject\back\node_modules\@babel\core\src\transformation\index.ts:39:36)
    at run.next (<anonymous>)
    at transform (C:\Users\nib09\Desktop\teamproject\back\node_modules\@babel\core\src\transform.ts:29:20)
    at transform.next (<anonymous>)
    at evaluateSync (C:\Users\nib09\Desktop\teamproject\back\node_modules\gensync\index.js:251:28)
    at fn (C:\Users\nib09\Desktop\teamproject\back\node_modules\gensync\index.js:89:14)
    at stopHiding - secret - don't use this - v1 (C:\Users\nib09\Desktop\teamproject\back\node_modules\@babel\core\src\errors\rewrite-stack-trace.ts:99:14)
    at Object.transformSync (C:\Users\nib09\Desktop\teamproject\back\node_modules\@babel\core\src\transform.ts:66:52)
    at transformSync (C:\Users\nib09\Desktop\teamproject\back\node_modules\@babel\register\src\worker\transform.js:94:33)
    at Function.call (C:\Users\nib09\Desktop\teamproject\back\node_modules\@babel\register\src\worker\handle-message.js:15:16)
    at LocalClient.call (C:\Users\nib09\Desktop\teamproject\back\node_modules\@babel\register\src\worker-client.js:103:27)
    at LocalClient.transform (C:\Users\nib09\Desktop\teamproject\back\node_modules\@babel\register\src\worker-client.js:40:16)
    at compile (C:\Users\nib09\Desktop\teamproject\back\node_modules\@babel\register\src\hook.js:57:25)
    at compileBabel7 (C:\Users\nib09\Desktop\teamproject\back\node_modules\@babel\register\src\hook.js:48:14)
    at Module._compile (C:\Users\nib09\Desktop\teamproject\back\node_modules\pirates\lib\index.js:113:29)
    at Module._extensions..js (node:internal/modules/cjs/loader:1308:10)
    at Object.newLoader [as .js] (C:\Users\nib09\Desktop\teamproject\back\node_modules\pirates\lib\index.js:121:7)
    at Module.load (node:internal/modules/cjs/loader:1117:32)
    at Function.Module._load (node:internal/modules/cjs/loader:958:12)
    at Module.require (node:internal/modules/cjs/loader:1141:19)
    at require (node:internal/modules/cjs/helpers:110:18)
    at Object.<anonymous> (C:\Users\nib09\Desktop\teamproject\back\src\routes\/userRouter.js:2:1)
    at Module._compile (node:internal/modules/cjs/loader:1254:14)
    at Module._compile (C:\Users\nib09\Desktop\teamproject\back\node_modules\pirates\lib\index.js:117:24)
    at Module._extensions..js (node:internal/modules/cjs/loader:1308:10)
    at Object.newLoader [as .js] (C:\Users\nib09\Desktop\teamproject\back\node_modules\pirates\lib\index.js:121:7)
    at Module.load (node:internal/modules/cjs/loader:1117:32)
    at Function.Module._load (node:internal/modules/cjs/loader:958:12)
    at Module.require (node:internal/modules/cjs/loader:1141:19)
    at require (node:internal/modules/cjs/helpers:110:18)
    at Object.<anonymous> (C:\Users\nib09\Desktop\teamproject\back\src\/app.js:2:1)
2023-08-14 23:43:40 error: uncaughtException: Cannot find module 'bcrypt'
Require stack:
- C:\Users\nib09\Desktop\teamproject\back\src\services\userService.js
- C:\Users\nib09\Desktop\teamproject\back\src\controllers\userController.js
- C:\Users\nib09\Desktop\teamproject\back\src\routes\userRouter.js
- C:\Users\nib09\Desktop\teamproject\back\src\app.js
- C:\Users\nib09\Desktop\teamproject\back\index.js
Error: Cannot find module 'bcrypt'
Require stack:
- C:\Users\nib09\Desktop\teamproject\back\src\services\userService.js
- C:\Users\nib09\Desktop\teamproject\back\src\controllers\userController.js
- C:\Users\nib09\Desktop\teamproject\back\src\routes\userRouter.js
- C:\Users\nib09\Desktop\teamproject\back\src\app.js
- C:\Users\nib09\Desktop\teamproject\back\index.js
    at Function.Module._resolveFilename (node:internal/modules/cjs/loader:1075:15)
    at Function.Module._load (node:internal/modules/cjs/loader:920:27)
    at Module.require (node:internal/modules/cjs/loader:1141:19)
    at require (node:internal/modules/cjs/helpers:110:18)
    at Object.<anonymous> (C:\Users\nib09\Desktop\teamproject\back\src\services\/userService.js:2:1)
    at Module._compile (node:internal/modules/cjs/loader:1254:14)
    at Module._compile (C:\Users\nib09\Desktop\teamproject\back\node_modules\pirates\lib\index.js:117:24)
    at Module._extensions..js (node:internal/modules/cjs/loader:1308:10)
    at Object.newLoader [as .js] (C:\Users\nib09\Desktop\teamproject\back\node_modules\pirates\lib\index.js:121:7)
    at Module.load (node:internal/modules/cjs/loader:1117:32)
    at Function.Module._load (node:internal/modules/cjs/loader:958:12)
    at Module.require (node:internal/modules/cjs/loader:1141:19)
    at require (node:internal/modules/cjs/helpers:110:18)
    at Object.<anonymous> (C:\Users\nib09\Desktop\teamproject\back\src\controllers\/userController.js:1:1)
    at Module._compile (node:internal/modules/cjs/loader:1254:14)
    at Module._compile (C:\Users\nib09\Desktop\teamproject\back\node_modules\pirates\lib\index.js:117:24)
    at Module._extensions..js (node:internal/modules/cjs/loader:1308:10)
    at Object.newLoader [as .js] (C:\Users\nib09\Desktop\teamproject\back\node_modules\pirates\lib\index.js:121:7)
    at Module.load (node:internal/modules/cjs/loader:1117:32)
    at Function.Module._load (node:internal/modules/cjs/loader:958:12)
    at Module.require (node:internal/modules/cjs/loader:1141:19)
    at require (node:internal/modules/cjs/helpers:110:18)
    at Object.<anonymous> (C:\Users\nib09\Desktop\teamproject\back\src\routes\/userRouter.js:2:1)
    at Module._compile (node:internal/modules/cjs/loader:1254:14)
    at Module._compile (C:\Users\nib09\Desktop\teamproject\back\node_modules\pirates\lib\index.js:117:24)
    at Module._extensions..js (node:internal/modules/cjs/loader:1308:10)
    at Object.newLoader [as .js] (C:\Users\nib09\Desktop\teamproject\back\node_modules\pirates\lib\index.js:121:7)
    at Module.load (node:internal/modules/cjs/loader:1117:32)
    at Function.Module._load (node:internal/modules/cjs/loader:958:12)
    at Module.require (node:internal/modules/cjs/loader:1141:19)
    at require (node:internal/modules/cjs/helpers:110:18)
    at Object.<anonymous> (C:\Users\nib09\Desktop\teamproject\back\src\/app.js:2:1)
    at Module._compile (node:internal/modules/cjs/loader:1254:14)
    at Module._compile (C:\Users\nib09\Desktop\teamproject\back\node_modules\pirates\lib\index.js:117:24)
    at Module._extensions..js (node:internal/modules/cjs/loader:1308:10)
    at Object.newLoader [as .js] (C:\Users\nib09\Desktop\teamproject\back\node_modules\pirates\lib\index.js:121:7)
    at Module.load (node:internal/modules/cjs/loader:1117:32)
    at Function.Module._load (node:internal/modules/cjs/loader:958:12)
    at Module.require (node:internal/modules/cjs/loader:1141:19)
    at require (node:internal/modules/cjs/helpers:110:18)
    at Object.<anonymous> (C:\Users\nib09\Desktop\teamproject\back\/index.js:2:1)
    at Module._compile (node:internal/modules/cjs/loader:1254:14)
    at Module._compile (C:\Users\nib09\Desktop\teamproject\back\node_modules\pirates\lib\index.js:117:24)
    at Module._extensions..js (node:internal/modules/cjs/loader:1308:10)
    at Object.newLoader [as .js] (C:\Users\nib09\Desktop\teamproject\back\node_modules\pirates\lib\index.js:121:7)
    at Module.load (node:internal/modules/cjs/loader:1117:32)
    at Function.Module._load (node:internal/modules/cjs/loader:958:12)
    at Function.runMain (node:internal/modules/run_main:81:12)
    at Object.<anonymous> (C:\Users\nib09\Desktop\teamproject\back\node_modules\@babel\node\src\_babel-node.ts:222:12)
    at Module._compile (node:internal/modules/cjs/loader:1254:14)
2023-08-14 23:43:45 error: uncaughtException: Cannot find module 'bcrypt'
Require stack:
- C:\Users\nib09\Desktop\teamproject\back\src\services\userService.js
- C:\Users\nib09\Desktop\teamproject\back\src\controllers\userController.js
- C:\Users\nib09\Desktop\teamproject\back\src\routes\userRouter.js
- C:\Users\nib09\Desktop\teamproject\back\src\app.js
- C:\Users\nib09\Desktop\teamproject\back\index.js
Error: Cannot find module 'bcrypt'
Require stack:
- C:\Users\nib09\Desktop\teamproject\back\src\services\userService.js
- C:\Users\nib09\Desktop\teamproject\back\src\controllers\userController.js
- C:\Users\nib09\Desktop\teamproject\back\src\routes\userRouter.js
- C:\Users\nib09\Desktop\teamproject\back\src\app.js
- C:\Users\nib09\Desktop\teamproject\back\index.js
    at Function.Module._resolveFilename (node:internal/modules/cjs/loader:1075:15)
    at Function.Module._load (node:internal/modules/cjs/loader:920:27)
    at Module.require (node:internal/modules/cjs/loader:1141:19)
    at require (node:internal/modules/cjs/helpers:110:18)
    at Object.<anonymous> (C:\Users\nib09\Desktop\teamproject\back\src\services\/userService.js:2:1)
    at Module._compile (node:internal/modules/cjs/loader:1254:14)
    at Module._compile (C:\Users\nib09\Desktop\teamproject\back\node_modules\pirates\lib\index.js:117:24)
    at Module._extensions..js (node:internal/modules/cjs/loader:1308:10)
    at Object.newLoader [as .js] (C:\Users\nib09\Desktop\teamproject\back\node_modules\pirates\lib\index.js:121:7)
    at Module.load (node:internal/modules/cjs/loader:1117:32)
    at Function.Module._load (node:internal/modules/cjs/loader:958:12)
    at Module.require (node:internal/modules/cjs/loader:1141:19)
    at require (node:internal/modules/cjs/helpers:110:18)
    at Object.<anonymous> (C:\Users\nib09\Desktop\teamproject\back\src\controllers\/userController.js:1:1)
    at Module._compile (node:internal/modules/cjs/loader:1254:14)
    at Module._compile (C:\Users\nib09\Desktop\teamproject\back\node_modules\pirates\lib\index.js:117:24)
    at Module._extensions..js (node:internal/modules/cjs/loader:1308:10)
    at Object.newLoader [as .js] (C:\Users\nib09\Desktop\teamproject\back\node_modules\pirates\lib\index.js:121:7)
    at Module.load (node:internal/modules/cjs/loader:1117:32)
    at Function.Module._load (node:internal/modules/cjs/loader:958:12)
    at Module.require (node:internal/modules/cjs/loader:1141:19)
    at require (node:internal/modules/cjs/helpers:110:18)
    at Object.<anonymous> (C:\Users\nib09\Desktop\teamproject\back\src\routes\/userRouter.js:2:1)
    at Module._compile (node:internal/modules/cjs/loader:1254:14)
    at Module._compile (C:\Users\nib09\Desktop\teamproject\back\node_modules\pirates\lib\index.js:117:24)
    at Module._extensions..js (node:internal/modules/cjs/loader:1308:10)
    at Object.newLoader [as .js] (C:\Users\nib09\Desktop\teamproject\back\node_modules\pirates\lib\index.js:121:7)
    at Module.load (node:internal/modules/cjs/loader:1117:32)
    at Function.Module._load (node:internal/modules/cjs/loader:958:12)
    at Module.require (node:internal/modules/cjs/loader:1141:19)
    at require (node:internal/modules/cjs/helpers:110:18)
    at Object.<anonymous> (C:\Users\nib09\Desktop\teamproject\back\src\/app.js:2:1)
    at Module._compile (node:internal/modules/cjs/loader:1254:14)
    at Module._compile (C:\Users\nib09\Desktop\teamproject\back\node_modules\pirates\lib\index.js:117:24)
    at Module._extensions..js (node:internal/modules/cjs/loader:1308:10)
    at Object.newLoader [as .js] (C:\Users\nib09\Desktop\teamproject\back\node_modules\pirates\lib\index.js:121:7)
    at Module.load (node:internal/modules/cjs/loader:1117:32)
    at Function.Module._load (node:internal/modules/cjs/loader:958:12)
    at Module.require (node:internal/modules/cjs/loader:1141:19)
    at require (node:internal/modules/cjs/helpers:110:18)
    at Object.<anonymous> (C:\Users\nib09\Desktop\teamproject\back\/index.js:2:1)
    at Module._compile (node:internal/modules/cjs/loader:1254:14)
    at Module._compile (C:\Users\nib09\Desktop\teamproject\back\node_modules\pirates\lib\index.js:117:24)
    at Module._extensions..js (node:internal/modules/cjs/loader:1308:10)
    at Object.newLoader [as .js] (C:\Users\nib09\Desktop\teamproject\back\node_modules\pirates\lib\index.js:121:7)
    at Module.load (node:internal/modules/cjs/loader:1117:32)
    at Function.Module._load (node:internal/modules/cjs/loader:958:12)
    at Function.runMain (node:internal/modules/run_main:81:12)
    at Object.<anonymous> (C:\Users\nib09\Desktop\teamproject\back\node_modules\@babel\node\src\_babel-node.ts:222:12)
    at Module._compile (node:internal/modules/cjs/loader:1254:14)
