2023-08-14 23:15:18 error: uncaughtException: Cannot find module '../schemas/review'
Require stack:
- C:\Users\echk1\OneDrive\바탕 화면\team\back\src\db\models\Review.js
- C:\Users\echk1\OneDrive\바탕 화면\team\back\src\services\reviewService.js
- C:\Users\echk1\OneDrive\바탕 화면\team\back\src\controllers\reviewController.js
- C:\Users\echk1\OneDrive\바탕 화면\team\back\src\routes\review.routes.js
- C:\Users\echk1\OneDrive\바탕 화면\team\back\src\app.js
- C:\Users\echk1\OneDrive\바탕 화면\team\back\index.js
Error: Cannot find module '../schemas/review'
Require stack:
- C:\Users\echk1\OneDrive\바탕 화면\team\back\src\db\models\Review.js
- C:\Users\echk1\OneDrive\바탕 화면\team\back\src\services\reviewService.js
- C:\Users\echk1\OneDrive\바탕 화면\team\back\src\controllers\reviewController.js
- C:\Users\echk1\OneDrive\바탕 화면\team\back\src\routes\review.routes.js
- C:\Users\echk1\OneDrive\바탕 화면\team\back\src\app.js
- C:\Users\echk1\OneDrive\바탕 화면\team\back\index.js
    at Function.Module._resolveFilename (node:internal/modules/cjs/loader:1077:15)
    at Function.Module._load (node:internal/modules/cjs/loader:922:27)
    at Module.require (node:internal/modules/cjs/loader:1143:19)
    at require (node:internal/modules/cjs/helpers:110:18)
    at Object.<anonymous> (C:\Users\echk1\OneDrive\바탕 화면\team\back\src\db\models\/Review.js:1:25)
    at Module._compile (node:internal/modules/cjs/loader:1256:14)
    at Module._compile (C:\Users\echk1\OneDrive\바탕 화면\team\back\node_modules\pirates\lib\index.js:117:24)
    at Module._extensions..js (node:internal/modules/cjs/loader:1310:10)
    at Object.newLoader [as .js] (C:\Users\echk1\OneDrive\바탕 화면\team\back\node_modules\pirates\lib\index.js:121:7)
    at Module.load (node:internal/modules/cjs/loader:1119:32)
    at Function.Module._load (node:internal/modules/cjs/loader:960:12)
    at Module.require (node:internal/modules/cjs/loader:1143:19)
    at require (node:internal/modules/cjs/helpers:110:18)
    at Object.<anonymous> (C:\Users\echk1\OneDrive\바탕 화면\team\back\src\services\/reviewService.js:1:20)
    at Module._compile (node:internal/modules/cjs/loader:1256:14)
    at Module._compile (C:\Users\echk1\OneDrive\바탕 화면\team\back\node_modules\pirates\lib\index.js:117:24)
    at Module._extensions..js (node:internal/modules/cjs/loader:1310:10)
    at Object.newLoader [as .js] (C:\Users\echk1\OneDrive\바탕 화면\team\back\node_modules\pirates\lib\index.js:121:7)
    at Module.load (node:internal/modules/cjs/loader:1119:32)
    at Function.Module._load (node:internal/modules/cjs/loader:960:12)
    at Module.require (node:internal/modules/cjs/loader:1143:19)
    at require (node:internal/modules/cjs/helpers:110:18)
    at Object.<anonymous> (C:\Users\echk1\OneDrive\바탕 화면\team\back\src\controllers\/reviewController.js:1:31)
    at Module._compile (node:internal/modules/cjs/loader:1256:14)
    at Module._compile (C:\Users\echk1\OneDrive\바탕 화면\team\back\node_modules\pirates\lib\index.js:117:24)
    at Module._extensions..js (node:internal/modules/cjs/loader:1310:10)
    at Object.newLoader [as .js] (C:\Users\echk1\OneDrive\바탕 화면\team\back\node_modules\pirates\lib\index.js:121:7)
    at Module.load (node:internal/modules/cjs/loader:1119:32)
    at Function.Module._load (node:internal/modules/cjs/loader:960:12)
    at Module.require (node:internal/modules/cjs/loader:1143:19)
    at require (node:internal/modules/cjs/helpers:110:18)
    at Object.<anonymous> (C:\Users\echk1\OneDrive\바탕 화면\team\back\src\routes\/review.routes.js:8:5)
    at Module._compile (node:internal/modules/cjs/loader:1256:14)
    at Module._compile (C:\Users\echk1\OneDrive\바탕 화면\team\back\node_modules\pirates\lib\index.js:117:24)
    at Module._extensions..js (node:internal/modules/cjs/loader:1310:10)
    at Object.newLoader [as .js] (C:\Users\echk1\OneDrive\바탕 화면\team\back\node_modules\pirates\lib\index.js:121:7)
    at Module.load (node:internal/modules/cjs/loader:1119:32)
    at Function.Module._load (node:internal/modules/cjs/loader:960:12)
    at Module.require (node:internal/modules/cjs/loader:1143:19)
    at require (node:internal/modules/cjs/helpers:110:18)
    at Object.<anonymous> (C:\Users\echk1\OneDrive\바탕 화면\team\back\src\/app.js:3:1)
    at Module._compile (node:internal/modules/cjs/loader:1256:14)
    at Module._compile (C:\Users\echk1\OneDrive\바탕 화면\team\back\node_modules\pirates\lib\index.js:117:24)
    at Module._extensions..js (node:internal/modules/cjs/loader:1310:10)
    at Object.newLoader [as .js] (C:\Users\echk1\OneDrive\바탕 화면\team\back\node_modules\pirates\lib\index.js:121:7)
    at Module.load (node:internal/modules/cjs/loader:1119:32)
    at Function.Module._load (node:internal/modules/cjs/loader:960:12)
    at Module.require (node:internal/modules/cjs/loader:1143:19)
    at require (node:internal/modules/cjs/helpers:110:18)
    at Object.<anonymous> (C:\Users\echk1\OneDrive\바탕 화면\team\back\/index.js:2:1)
2023-08-14 23:16:19 error: uncaughtException: Cannot find module '../schemas/review'
Require stack:
- C:\Users\echk1\OneDrive\바탕 화면\team\back\src\db\models\Review.js
- C:\Users\echk1\OneDrive\바탕 화면\team\back\src\services\reviewService.js
- C:\Users\echk1\OneDrive\바탕 화면\team\back\src\controllers\reviewController.js
- C:\Users\echk1\OneDrive\바탕 화면\team\back\src\routes\review.routes.js
- C:\Users\echk1\OneDrive\바탕 화면\team\back\src\app.js
- C:\Users\echk1\OneDrive\바탕 화면\team\back\index.js
Error: Cannot find module '../schemas/review'
Require stack:
- C:\Users\echk1\OneDrive\바탕 화면\team\back\src\db\models\Review.js
- C:\Users\echk1\OneDrive\바탕 화면\team\back\src\services\reviewService.js
- C:\Users\echk1\OneDrive\바탕 화면\team\back\src\controllers\reviewController.js
- C:\Users\echk1\OneDrive\바탕 화면\team\back\src\routes\review.routes.js
- C:\Users\echk1\OneDrive\바탕 화면\team\back\src\app.js
- C:\Users\echk1\OneDrive\바탕 화면\team\back\index.js
    at Function.Module._resolveFilename (node:internal/modules/cjs/loader:1077:15)
    at Function.Module._load (node:internal/modules/cjs/loader:922:27)
    at Module.require (node:internal/modules/cjs/loader:1143:19)
    at require (node:internal/modules/cjs/helpers:110:18)
    at Object.<anonymous> (C:\Users\echk1\OneDrive\바탕 화면\team\back\src\db\models\/Review.js:1:25)
    at Module._compile (node:internal/modules/cjs/loader:1256:14)
    at Module._compile (C:\Users\echk1\OneDrive\바탕 화면\team\back\node_modules\pirates\lib\index.js:117:24)
    at Module._extensions..js (node:internal/modules/cjs/loader:1310:10)
    at Object.newLoader [as .js] (C:\Users\echk1\OneDrive\바탕 화면\team\back\node_modules\pirates\lib\index.js:121:7)
    at Module.load (node:internal/modules/cjs/loader:1119:32)
    at Function.Module._load (node:internal/modules/cjs/loader:960:12)
    at Module.require (node:internal/modules/cjs/loader:1143:19)
    at require (node:internal/modules/cjs/helpers:110:18)
    at Object.<anonymous> (C:\Users\echk1\OneDrive\바탕 화면\team\back\src\services\/reviewService.js:1:20)
    at Module._compile (node:internal/modules/cjs/loader:1256:14)
    at Module._compile (C:\Users\echk1\OneDrive\바탕 화면\team\back\node_modules\pirates\lib\index.js:117:24)
    at Module._extensions..js (node:internal/modules/cjs/loader:1310:10)
    at Object.newLoader [as .js] (C:\Users\echk1\OneDrive\바탕 화면\team\back\node_modules\pirates\lib\index.js:121:7)
    at Module.load (node:internal/modules/cjs/loader:1119:32)
    at Function.Module._load (node:internal/modules/cjs/loader:960:12)
    at Module.require (node:internal/modules/cjs/loader:1143:19)
    at require (node:internal/modules/cjs/helpers:110:18)
    at Object.<anonymous> (C:\Users\echk1\OneDrive\바탕 화면\team\back\src\controllers\/reviewController.js:1:31)
    at Module._compile (node:internal/modules/cjs/loader:1256:14)
    at Module._compile (C:\Users\echk1\OneDrive\바탕 화면\team\back\node_modules\pirates\lib\index.js:117:24)
    at Module._extensions..js (node:internal/modules/cjs/loader:1310:10)
    at Object.newLoader [as .js] (C:\Users\echk1\OneDrive\바탕 화면\team\back\node_modules\pirates\lib\index.js:121:7)
    at Module.load (node:internal/modules/cjs/loader:1119:32)
    at Function.Module._load (node:internal/modules/cjs/loader:960:12)
    at Module.require (node:internal/modules/cjs/loader:1143:19)
    at require (node:internal/modules/cjs/helpers:110:18)
    at Object.<anonymous> (C:\Users\echk1\OneDrive\바탕 화면\team\back\src\routes\/review.routes.js:8:5)
    at Module._compile (node:internal/modules/cjs/loader:1256:14)
    at Module._compile (C:\Users\echk1\OneDrive\바탕 화면\team\back\node_modules\pirates\lib\index.js:117:24)
    at Module._extensions..js (node:internal/modules/cjs/loader:1310:10)
    at Object.newLoader [as .js] (C:\Users\echk1\OneDrive\바탕 화면\team\back\node_modules\pirates\lib\index.js:121:7)
    at Module.load (node:internal/modules/cjs/loader:1119:32)
    at Function.Module._load (node:internal/modules/cjs/loader:960:12)
    at Module.require (node:internal/modules/cjs/loader:1143:19)
    at require (node:internal/modules/cjs/helpers:110:18)
    at Object.<anonymous> (C:\Users\echk1\OneDrive\바탕 화면\team\back\src\/app.js:3:1)
    at Module._compile (node:internal/modules/cjs/loader:1256:14)
    at Module._compile (C:\Users\echk1\OneDrive\바탕 화면\team\back\node_modules\pirates\lib\index.js:117:24)
    at Module._extensions..js (node:internal/modules/cjs/loader:1310:10)
    at Object.newLoader [as .js] (C:\Users\echk1\OneDrive\바탕 화면\team\back\node_modules\pirates\lib\index.js:121:7)
    at Module.load (node:internal/modules/cjs/loader:1119:32)
    at Function.Module._load (node:internal/modules/cjs/loader:960:12)
    at Module.require (node:internal/modules/cjs/loader:1143:19)
    at require (node:internal/modules/cjs/helpers:110:18)
    at Object.<anonymous> (C:\Users\echk1\OneDrive\바탕 화면\team\back\/index.js:2:1)
2023-08-14 23:17:25 error: uncaughtException: Cannot find module '../schemas/review'
Require stack:
- C:\Users\echk1\OneDrive\바탕 화면\team\back\src\db\models\Review.js
- C:\Users\echk1\OneDrive\바탕 화면\team\back\src\services\reviewService.js
- C:\Users\echk1\OneDrive\바탕 화면\team\back\src\controllers\reviewController.js
- C:\Users\echk1\OneDrive\바탕 화면\team\back\src\routes\review.routes.js
- C:\Users\echk1\OneDrive\바탕 화면\team\back\src\app.js
- C:\Users\echk1\OneDrive\바탕 화면\team\back\index.js
Error: Cannot find module '../schemas/review'
Require stack:
- C:\Users\echk1\OneDrive\바탕 화면\team\back\src\db\models\Review.js
- C:\Users\echk1\OneDrive\바탕 화면\team\back\src\services\reviewService.js
- C:\Users\echk1\OneDrive\바탕 화면\team\back\src\controllers\reviewController.js
- C:\Users\echk1\OneDrive\바탕 화면\team\back\src\routes\review.routes.js
- C:\Users\echk1\OneDrive\바탕 화면\team\back\src\app.js
- C:\Users\echk1\OneDrive\바탕 화면\team\back\index.js
    at Function.Module._resolveFilename (node:internal/modules/cjs/loader:1077:15)
    at Function.Module._load (node:internal/modules/cjs/loader:922:27)
    at Module.require (node:internal/modules/cjs/loader:1143:19)
    at require (node:internal/modules/cjs/helpers:110:18)
    at Object.<anonymous> (C:\Users\echk1\OneDrive\바탕 화면\team\back\src\db\models\/Review.js:1:25)
    at Module._compile (node:internal/modules/cjs/loader:1256:14)
    at Module._compile (C:\Users\echk1\OneDrive\바탕 화면\team\back\node_modules\pirates\lib\index.js:117:24)
    at Module._extensions..js (node:internal/modules/cjs/loader:1310:10)
    at Object.newLoader [as .js] (C:\Users\echk1\OneDrive\바탕 화면\team\back\node_modules\pirates\lib\index.js:121:7)
    at Module.load (node:internal/modules/cjs/loader:1119:32)
    at Function.Module._load (node:internal/modules/cjs/loader:960:12)
    at Module.require (node:internal/modules/cjs/loader:1143:19)
    at require (node:internal/modules/cjs/helpers:110:18)
    at Object.<anonymous> (C:\Users\echk1\OneDrive\바탕 화면\team\back\src\services\/reviewService.js:1:20)
    at Module._compile (node:internal/modules/cjs/loader:1256:14)
    at Module._compile (C:\Users\echk1\OneDrive\바탕 화면\team\back\node_modules\pirates\lib\index.js:117:24)
    at Module._extensions..js (node:internal/modules/cjs/loader:1310:10)
    at Object.newLoader [as .js] (C:\Users\echk1\OneDrive\바탕 화면\team\back\node_modules\pirates\lib\index.js:121:7)
    at Module.load (node:internal/modules/cjs/loader:1119:32)
    at Function.Module._load (node:internal/modules/cjs/loader:960:12)
    at Module.require (node:internal/modules/cjs/loader:1143:19)
    at require (node:internal/modules/cjs/helpers:110:18)
    at Object.<anonymous> (C:\Users\echk1\OneDrive\바탕 화면\team\back\src\controllers\/reviewController.js:1:31)
    at Module._compile (node:internal/modules/cjs/loader:1256:14)
    at Module._compile (C:\Users\echk1\OneDrive\바탕 화면\team\back\node_modules\pirates\lib\index.js:117:24)
    at Module._extensions..js (node:internal/modules/cjs/loader:1310:10)
    at Object.newLoader [as .js] (C:\Users\echk1\OneDrive\바탕 화면\team\back\node_modules\pirates\lib\index.js:121:7)
    at Module.load (node:internal/modules/cjs/loader:1119:32)
    at Function.Module._load (node:internal/modules/cjs/loader:960:12)
    at Module.require (node:internal/modules/cjs/loader:1143:19)
    at require (node:internal/modules/cjs/helpers:110:18)
    at Object.<anonymous> (C:\Users\echk1\OneDrive\바탕 화면\team\back\src\routes\/review.routes.js:8:5)
    at Module._compile (node:internal/modules/cjs/loader:1256:14)
    at Module._compile (C:\Users\echk1\OneDrive\바탕 화면\team\back\node_modules\pirates\lib\index.js:117:24)
    at Module._extensions..js (node:internal/modules/cjs/loader:1310:10)
    at Object.newLoader [as .js] (C:\Users\echk1\OneDrive\바탕 화면\team\back\node_modules\pirates\lib\index.js:121:7)
    at Module.load (node:internal/modules/cjs/loader:1119:32)
    at Function.Module._load (node:internal/modules/cjs/loader:960:12)
    at Module.require (node:internal/modules/cjs/loader:1143:19)
    at require (node:internal/modules/cjs/helpers:110:18)
    at Object.<anonymous> (C:\Users\echk1\OneDrive\바탕 화면\team\back\src\/app.js:3:1)
    at Module._compile (node:internal/modules/cjs/loader:1256:14)
    at Module._compile (C:\Users\echk1\OneDrive\바탕 화면\team\back\node_modules\pirates\lib\index.js:117:24)
    at Module._extensions..js (node:internal/modules/cjs/loader:1310:10)
    at Object.newLoader [as .js] (C:\Users\echk1\OneDrive\바탕 화면\team\back\node_modules\pirates\lib\index.js:121:7)
    at Module.load (node:internal/modules/cjs/loader:1119:32)
    at Function.Module._load (node:internal/modules/cjs/loader:960:12)
    at Module.require (node:internal/modules/cjs/loader:1143:19)
    at require (node:internal/modules/cjs/helpers:110:18)
    at Object.<anonymous> (C:\Users\echk1\OneDrive\바탕 화면\team\back\/index.js:2:1)
2023-08-14 23:18:04 error: uncaughtException: Cannot find module '../schemas/review'
Require stack:
- C:\Users\echk1\OneDrive\바탕 화면\team\back\src\db\models\Review.js
- C:\Users\echk1\OneDrive\바탕 화면\team\back\src\services\reviewService.js
- C:\Users\echk1\OneDrive\바탕 화면\team\back\src\controllers\reviewController.js
- C:\Users\echk1\OneDrive\바탕 화면\team\back\src\routes\review.routes.js
- C:\Users\echk1\OneDrive\바탕 화면\team\back\src\app.js
- C:\Users\echk1\OneDrive\바탕 화면\team\back\index.js
Error: Cannot find module '../schemas/review'
Require stack:
- C:\Users\echk1\OneDrive\바탕 화면\team\back\src\db\models\Review.js
- C:\Users\echk1\OneDrive\바탕 화면\team\back\src\services\reviewService.js
- C:\Users\echk1\OneDrive\바탕 화면\team\back\src\controllers\reviewController.js
- C:\Users\echk1\OneDrive\바탕 화면\team\back\src\routes\review.routes.js
- C:\Users\echk1\OneDrive\바탕 화면\team\back\src\app.js
- C:\Users\echk1\OneDrive\바탕 화면\team\back\index.js
    at Function.Module._resolveFilename (node:internal/modules/cjs/loader:1077:15)
    at Function.Module._load (node:internal/modules/cjs/loader:922:27)
    at Module.require (node:internal/modules/cjs/loader:1143:19)
    at require (node:internal/modules/cjs/helpers:110:18)
    at Object.<anonymous> (C:\Users\echk1\OneDrive\바탕 화면\team\back\src\db\models\/Review.js:1:25)
    at Module._compile (node:internal/modules/cjs/loader:1256:14)
    at Module._compile (C:\Users\echk1\OneDrive\바탕 화면\team\back\node_modules\pirates\lib\index.js:117:24)
    at Module._extensions..js (node:internal/modules/cjs/loader:1310:10)
    at Object.newLoader [as .js] (C:\Users\echk1\OneDrive\바탕 화면\team\back\node_modules\pirates\lib\index.js:121:7)
    at Module.load (node:internal/modules/cjs/loader:1119:32)
    at Function.Module._load (node:internal/modules/cjs/loader:960:12)
    at Module.require (node:internal/modules/cjs/loader:1143:19)
    at require (node:internal/modules/cjs/helpers:110:18)
    at Object.<anonymous> (C:\Users\echk1\OneDrive\바탕 화면\team\back\src\services\/reviewService.js:1:20)
    at Module._compile (node:internal/modules/cjs/loader:1256:14)
    at Module._compile (C:\Users\echk1\OneDrive\바탕 화면\team\back\node_modules\pirates\lib\index.js:117:24)
    at Module._extensions..js (node:internal/modules/cjs/loader:1310:10)
    at Object.newLoader [as .js] (C:\Users\echk1\OneDrive\바탕 화면\team\back\node_modules\pirates\lib\index.js:121:7)
    at Module.load (node:internal/modules/cjs/loader:1119:32)
    at Function.Module._load (node:internal/modules/cjs/loader:960:12)
    at Module.require (node:internal/modules/cjs/loader:1143:19)
    at require (node:internal/modules/cjs/helpers:110:18)
    at Object.<anonymous> (C:\Users\echk1\OneDrive\바탕 화면\team\back\src\controllers\/reviewController.js:1:31)
    at Module._compile (node:internal/modules/cjs/loader:1256:14)
    at Module._compile (C:\Users\echk1\OneDrive\바탕 화면\team\back\node_modules\pirates\lib\index.js:117:24)
    at Module._extensions..js (node:internal/modules/cjs/loader:1310:10)
    at Object.newLoader [as .js] (C:\Users\echk1\OneDrive\바탕 화면\team\back\node_modules\pirates\lib\index.js:121:7)
    at Module.load (node:internal/modules/cjs/loader:1119:32)
    at Function.Module._load (node:internal/modules/cjs/loader:960:12)
    at Module.require (node:internal/modules/cjs/loader:1143:19)
    at require (node:internal/modules/cjs/helpers:110:18)
    at Object.<anonymous> (C:\Users\echk1\OneDrive\바탕 화면\team\back\src\routes\/review.routes.js:8:5)
    at Module._compile (node:internal/modules/cjs/loader:1256:14)
    at Module._compile (C:\Users\echk1\OneDrive\바탕 화면\team\back\node_modules\pirates\lib\index.js:117:24)
    at Module._extensions..js (node:internal/modules/cjs/loader:1310:10)
    at Object.newLoader [as .js] (C:\Users\echk1\OneDrive\바탕 화면\team\back\node_modules\pirates\lib\index.js:121:7)
    at Module.load (node:internal/modules/cjs/loader:1119:32)
    at Function.Module._load (node:internal/modules/cjs/loader:960:12)
    at Module.require (node:internal/modules/cjs/loader:1143:19)
    at require (node:internal/modules/cjs/helpers:110:18)
    at Object.<anonymous> (C:\Users\echk1\OneDrive\바탕 화면\team\back\src\/app.js:3:1)
    at Module._compile (node:internal/modules/cjs/loader:1256:14)
    at Module._compile (C:\Users\echk1\OneDrive\바탕 화면\team\back\node_modules\pirates\lib\index.js:117:24)
    at Module._extensions..js (node:internal/modules/cjs/loader:1310:10)
    at Object.newLoader [as .js] (C:\Users\echk1\OneDrive\바탕 화면\team\back\node_modules\pirates\lib\index.js:121:7)
    at Module.load (node:internal/modules/cjs/loader:1119:32)
    at Function.Module._load (node:internal/modules/cjs/loader:960:12)
    at Module.require (node:internal/modules/cjs/loader:1143:19)
    at require (node:internal/modules/cjs/helpers:110:18)
    at Object.<anonymous> (C:\Users\echk1\OneDrive\바탕 화면\team\back\/index.js:2:1)
2023-08-14 23:19:20 error: uncaughtException: Cannot find module '../schemas/review'
Require stack:
- C:\Users\echk1\OneDrive\바탕 화면\team\back\src\db\models\Review.js
- C:\Users\echk1\OneDrive\바탕 화면\team\back\src\services\reviewService.js
- C:\Users\echk1\OneDrive\바탕 화면\team\back\src\controllers\reviewController.js
- C:\Users\echk1\OneDrive\바탕 화면\team\back\src\routes\review.routes.js
- C:\Users\echk1\OneDrive\바탕 화면\team\back\src\app.js
- C:\Users\echk1\OneDrive\바탕 화면\team\back\index.js
Error: Cannot find module '../schemas/review'
Require stack:
- C:\Users\echk1\OneDrive\바탕 화면\team\back\src\db\models\Review.js
- C:\Users\echk1\OneDrive\바탕 화면\team\back\src\services\reviewService.js
- C:\Users\echk1\OneDrive\바탕 화면\team\back\src\controllers\reviewController.js
- C:\Users\echk1\OneDrive\바탕 화면\team\back\src\routes\review.routes.js
- C:\Users\echk1\OneDrive\바탕 화면\team\back\src\app.js
- C:\Users\echk1\OneDrive\바탕 화면\team\back\index.js
    at Function.Module._resolveFilename (node:internal/modules/cjs/loader:1077:15)
    at Function.Module._load (node:internal/modules/cjs/loader:922:27)
    at Module.require (node:internal/modules/cjs/loader:1143:19)
    at require (node:internal/modules/cjs/helpers:110:18)
    at Object.<anonymous> (C:\Users\echk1\OneDrive\바탕 화면\team\back\src\db\models\/Review.js:1:25)
    at Module._compile (node:internal/modules/cjs/loader:1256:14)
    at Module._compile (C:\Users\echk1\OneDrive\바탕 화면\team\back\node_modules\pirates\lib\index.js:117:24)
    at Module._extensions..js (node:internal/modules/cjs/loader:1310:10)
    at Object.newLoader [as .js] (C:\Users\echk1\OneDrive\바탕 화면\team\back\node_modules\pirates\lib\index.js:121:7)
    at Module.load (node:internal/modules/cjs/loader:1119:32)
    at Function.Module._load (node:internal/modules/cjs/loader:960:12)
    at Module.require (node:internal/modules/cjs/loader:1143:19)
    at require (node:internal/modules/cjs/helpers:110:18)
    at Object.<anonymous> (C:\Users\echk1\OneDrive\바탕 화면\team\back\src\services\/reviewService.js:1:20)
    at Module._compile (node:internal/modules/cjs/loader:1256:14)
    at Module._compile (C:\Users\echk1\OneDrive\바탕 화면\team\back\node_modules\pirates\lib\index.js:117:24)
    at Module._extensions..js (node:internal/modules/cjs/loader:1310:10)
    at Object.newLoader [as .js] (C:\Users\echk1\OneDrive\바탕 화면\team\back\node_modules\pirates\lib\index.js:121:7)
    at Module.load (node:internal/modules/cjs/loader:1119:32)
    at Function.Module._load (node:internal/modules/cjs/loader:960:12)
    at Module.require (node:internal/modules/cjs/loader:1143:19)
    at require (node:internal/modules/cjs/helpers:110:18)
    at Object.<anonymous> (C:\Users\echk1\OneDrive\바탕 화면\team\back\src\controllers\/reviewController.js:1:31)
    at Module._compile (node:internal/modules/cjs/loader:1256:14)
    at Module._compile (C:\Users\echk1\OneDrive\바탕 화면\team\back\node_modules\pirates\lib\index.js:117:24)
    at Module._extensions..js (node:internal/modules/cjs/loader:1310:10)
    at Object.newLoader [as .js] (C:\Users\echk1\OneDrive\바탕 화면\team\back\node_modules\pirates\lib\index.js:121:7)
    at Module.load (node:internal/modules/cjs/loader:1119:32)
    at Function.Module._load (node:internal/modules/cjs/loader:960:12)
    at Module.require (node:internal/modules/cjs/loader:1143:19)
    at require (node:internal/modules/cjs/helpers:110:18)
    at Object.<anonymous> (C:\Users\echk1\OneDrive\바탕 화면\team\back\src\routes\/review.routes.js:8:5)
    at Module._compile (node:internal/modules/cjs/loader:1256:14)
    at Module._compile (C:\Users\echk1\OneDrive\바탕 화면\team\back\node_modules\pirates\lib\index.js:117:24)
    at Module._extensions..js (node:internal/modules/cjs/loader:1310:10)
    at Object.newLoader [as .js] (C:\Users\echk1\OneDrive\바탕 화면\team\back\node_modules\pirates\lib\index.js:121:7)
    at Module.load (node:internal/modules/cjs/loader:1119:32)
    at Function.Module._load (node:internal/modules/cjs/loader:960:12)
    at Module.require (node:internal/modules/cjs/loader:1143:19)
    at require (node:internal/modules/cjs/helpers:110:18)
    at Object.<anonymous> (C:\Users\echk1\OneDrive\바탕 화면\team\back\src\/app.js:3:1)
    at Module._compile (node:internal/modules/cjs/loader:1256:14)
    at Module._compile (C:\Users\echk1\OneDrive\바탕 화면\team\back\node_modules\pirates\lib\index.js:117:24)
    at Module._extensions..js (node:internal/modules/cjs/loader:1310:10)
    at Object.newLoader [as .js] (C:\Users\echk1\OneDrive\바탕 화면\team\back\node_modules\pirates\lib\index.js:121:7)
    at Module.load (node:internal/modules/cjs/loader:1119:32)
    at Function.Module._load (node:internal/modules/cjs/loader:960:12)
    at Module.require (node:internal/modules/cjs/loader:1143:19)
    at require (node:internal/modules/cjs/helpers:110:18)
    at Object.<anonymous> (C:\Users\echk1\OneDrive\바탕 화면\team\back\/index.js:2:1)
2023-08-14 23:22:03 error: uncaughtException: Cannot find module '../schemas/review'
Require stack:
- C:\Users\echk1\OneDrive\바탕 화면\team\back\src\db\models\Review.js
- C:\Users\echk1\OneDrive\바탕 화면\team\back\src\services\reviewService.js
- C:\Users\echk1\OneDrive\바탕 화면\team\back\src\controllers\reviewController.js
- C:\Users\echk1\OneDrive\바탕 화면\team\back\src\routes\review.routes.js
- C:\Users\echk1\OneDrive\바탕 화면\team\back\src\app.js
- C:\Users\echk1\OneDrive\바탕 화면\team\back\index.js
Error: Cannot find module '../schemas/review'
Require stack:
- C:\Users\echk1\OneDrive\바탕 화면\team\back\src\db\models\Review.js
- C:\Users\echk1\OneDrive\바탕 화면\team\back\src\services\reviewService.js
- C:\Users\echk1\OneDrive\바탕 화면\team\back\src\controllers\reviewController.js
- C:\Users\echk1\OneDrive\바탕 화면\team\back\src\routes\review.routes.js
- C:\Users\echk1\OneDrive\바탕 화면\team\back\src\app.js
- C:\Users\echk1\OneDrive\바탕 화면\team\back\index.js
    at Function.Module._resolveFilename (node:internal/modules/cjs/loader:1077:15)
    at Function.Module._load (node:internal/modules/cjs/loader:922:27)
    at Module.require (node:internal/modules/cjs/loader:1143:19)
    at require (node:internal/modules/cjs/helpers:110:18)
    at Object.<anonymous> (C:\Users\echk1\OneDrive\바탕 화면\team\back\src\db\models\/Review.js:1:25)
    at Module._compile (node:internal/modules/cjs/loader:1256:14)
    at Module._compile (C:\Users\echk1\OneDrive\바탕 화면\team\back\node_modules\pirates\lib\index.js:117:24)
    at Module._extensions..js (node:internal/modules/cjs/loader:1310:10)
    at Object.newLoader [as .js] (C:\Users\echk1\OneDrive\바탕 화면\team\back\node_modules\pirates\lib\index.js:121:7)
    at Module.load (node:internal/modules/cjs/loader:1119:32)
    at Function.Module._load (node:internal/modules/cjs/loader:960:12)
    at Module.require (node:internal/modules/cjs/loader:1143:19)
    at require (node:internal/modules/cjs/helpers:110:18)
    at Object.<anonymous> (C:\Users\echk1\OneDrive\바탕 화면\team\back\src\services\/reviewService.js:1:20)
    at Module._compile (node:internal/modules/cjs/loader:1256:14)
    at Module._compile (C:\Users\echk1\OneDrive\바탕 화면\team\back\node_modules\pirates\lib\index.js:117:24)
    at Module._extensions..js (node:internal/modules/cjs/loader:1310:10)
    at Object.newLoader [as .js] (C:\Users\echk1\OneDrive\바탕 화면\team\back\node_modules\pirates\lib\index.js:121:7)
    at Module.load (node:internal/modules/cjs/loader:1119:32)
    at Function.Module._load (node:internal/modules/cjs/loader:960:12)
    at Module.require (node:internal/modules/cjs/loader:1143:19)
    at require (node:internal/modules/cjs/helpers:110:18)
    at Object.<anonymous> (C:\Users\echk1\OneDrive\바탕 화면\team\back\src\controllers\/reviewController.js:1:31)
    at Module._compile (node:internal/modules/cjs/loader:1256:14)
    at Module._compile (C:\Users\echk1\OneDrive\바탕 화면\team\back\node_modules\pirates\lib\index.js:117:24)
    at Module._extensions..js (node:internal/modules/cjs/loader:1310:10)
    at Object.newLoader [as .js] (C:\Users\echk1\OneDrive\바탕 화면\team\back\node_modules\pirates\lib\index.js:121:7)
    at Module.load (node:internal/modules/cjs/loader:1119:32)
    at Function.Module._load (node:internal/modules/cjs/loader:960:12)
    at Module.require (node:internal/modules/cjs/loader:1143:19)
    at require (node:internal/modules/cjs/helpers:110:18)
    at Object.<anonymous> (C:\Users\echk1\OneDrive\바탕 화면\team\back\src\routes\/review.routes.js:8:5)
    at Module._compile (node:internal/modules/cjs/loader:1256:14)
    at Module._compile (C:\Users\echk1\OneDrive\바탕 화면\team\back\node_modules\pirates\lib\index.js:117:24)
    at Module._extensions..js (node:internal/modules/cjs/loader:1310:10)
    at Object.newLoader [as .js] (C:\Users\echk1\OneDrive\바탕 화면\team\back\node_modules\pirates\lib\index.js:121:7)
    at Module.load (node:internal/modules/cjs/loader:1119:32)
    at Function.Module._load (node:internal/modules/cjs/loader:960:12)
    at Module.require (node:internal/modules/cjs/loader:1143:19)
    at require (node:internal/modules/cjs/helpers:110:18)
    at Object.<anonymous> (C:\Users\echk1\OneDrive\바탕 화면\team\back\src\/app.js:3:1)
    at Module._compile (node:internal/modules/cjs/loader:1256:14)
    at Module._compile (C:\Users\echk1\OneDrive\바탕 화면\team\back\node_modules\pirates\lib\index.js:117:24)
    at Module._extensions..js (node:internal/modules/cjs/loader:1310:10)
    at Object.newLoader [as .js] (C:\Users\echk1\OneDrive\바탕 화면\team\back\node_modules\pirates\lib\index.js:121:7)
    at Module.load (node:internal/modules/cjs/loader:1119:32)
    at Function.Module._load (node:internal/modules/cjs/loader:960:12)
    at Module.require (node:internal/modules/cjs/loader:1143:19)
    at require (node:internal/modules/cjs/helpers:110:18)
    at Object.<anonymous> (C:\Users\echk1\OneDrive\바탕 화면\team\back\/index.js:2:1)
2023-08-14 23:23:59 error: uncaughtException: Cannot find module '../schemas/review'
Require stack:
- C:\Users\echk1\OneDrive\바탕 화면\team\back\src\db\models\Review.js
- C:\Users\echk1\OneDrive\바탕 화면\team\back\src\services\reviewService.js
- C:\Users\echk1\OneDrive\바탕 화면\team\back\src\controllers\reviewController.js
- C:\Users\echk1\OneDrive\바탕 화면\team\back\src\routes\review.routes.js
- C:\Users\echk1\OneDrive\바탕 화면\team\back\src\app.js
- C:\Users\echk1\OneDrive\바탕 화면\team\back\index.js
Error: Cannot find module '../schemas/review'
Require stack:
- C:\Users\echk1\OneDrive\바탕 화면\team\back\src\db\models\Review.js
- C:\Users\echk1\OneDrive\바탕 화면\team\back\src\services\reviewService.js
- C:\Users\echk1\OneDrive\바탕 화면\team\back\src\controllers\reviewController.js
- C:\Users\echk1\OneDrive\바탕 화면\team\back\src\routes\review.routes.js
- C:\Users\echk1\OneDrive\바탕 화면\team\back\src\app.js
- C:\Users\echk1\OneDrive\바탕 화면\team\back\index.js
    at Function.Module._resolveFilename (node:internal/modules/cjs/loader:1077:15)
    at Function.Module._load (node:internal/modules/cjs/loader:922:27)
    at Module.require (node:internal/modules/cjs/loader:1143:19)
    at require (node:internal/modules/cjs/helpers:110:18)
    at Object.<anonymous> (C:\Users\echk1\OneDrive\바탕 화면\team\back\src\db\models\/Review.js:1:25)
    at Module._compile (node:internal/modules/cjs/loader:1256:14)
    at Module._compile (C:\Users\echk1\OneDrive\바탕 화면\team\back\node_modules\pirates\lib\index.js:117:24)
    at Module._extensions..js (node:internal/modules/cjs/loader:1310:10)
    at Object.newLoader [as .js] (C:\Users\echk1\OneDrive\바탕 화면\team\back\node_modules\pirates\lib\index.js:121:7)
    at Module.load (node:internal/modules/cjs/loader:1119:32)
    at Function.Module._load (node:internal/modules/cjs/loader:960:12)
    at Module.require (node:internal/modules/cjs/loader:1143:19)
    at require (node:internal/modules/cjs/helpers:110:18)
    at Object.<anonymous> (C:\Users\echk1\OneDrive\바탕 화면\team\back\src\services\/reviewService.js:1:20)
    at Module._compile (node:internal/modules/cjs/loader:1256:14)
    at Module._compile (C:\Users\echk1\OneDrive\바탕 화면\team\back\node_modules\pirates\lib\index.js:117:24)
    at Module._extensions..js (node:internal/modules/cjs/loader:1310:10)
    at Object.newLoader [as .js] (C:\Users\echk1\OneDrive\바탕 화면\team\back\node_modules\pirates\lib\index.js:121:7)
    at Module.load (node:internal/modules/cjs/loader:1119:32)
    at Function.Module._load (node:internal/modules/cjs/loader:960:12)
    at Module.require (node:internal/modules/cjs/loader:1143:19)
    at require (node:internal/modules/cjs/helpers:110:18)
    at Object.<anonymous> (C:\Users\echk1\OneDrive\바탕 화면\team\back\src\controllers\/reviewController.js:1:31)
    at Module._compile (node:internal/modules/cjs/loader:1256:14)
    at Module._compile (C:\Users\echk1\OneDrive\바탕 화면\team\back\node_modules\pirates\lib\index.js:117:24)
    at Module._extensions..js (node:internal/modules/cjs/loader:1310:10)
    at Object.newLoader [as .js] (C:\Users\echk1\OneDrive\바탕 화면\team\back\node_modules\pirates\lib\index.js:121:7)
    at Module.load (node:internal/modules/cjs/loader:1119:32)
    at Function.Module._load (node:internal/modules/cjs/loader:960:12)
    at Module.require (node:internal/modules/cjs/loader:1143:19)
    at require (node:internal/modules/cjs/helpers:110:18)
    at Object.<anonymous> (C:\Users\echk1\OneDrive\바탕 화면\team\back\src\routes\/review.routes.js:8:5)
    at Module._compile (node:internal/modules/cjs/loader:1256:14)
    at Module._compile (C:\Users\echk1\OneDrive\바탕 화면\team\back\node_modules\pirates\lib\index.js:117:24)
    at Module._extensions..js (node:internal/modules/cjs/loader:1310:10)
    at Object.newLoader [as .js] (C:\Users\echk1\OneDrive\바탕 화면\team\back\node_modules\pirates\lib\index.js:121:7)
    at Module.load (node:internal/modules/cjs/loader:1119:32)
    at Function.Module._load (node:internal/modules/cjs/loader:960:12)
    at Module.require (node:internal/modules/cjs/loader:1143:19)
    at require (node:internal/modules/cjs/helpers:110:18)
    at Object.<anonymous> (C:\Users\echk1\OneDrive\바탕 화면\team\back\src\/app.js:3:1)
    at Module._compile (node:internal/modules/cjs/loader:1256:14)
    at Module._compile (C:\Users\echk1\OneDrive\바탕 화면\team\back\node_modules\pirates\lib\index.js:117:24)
    at Module._extensions..js (node:internal/modules/cjs/loader:1310:10)
    at Object.newLoader [as .js] (C:\Users\echk1\OneDrive\바탕 화면\team\back\node_modules\pirates\lib\index.js:121:7)
    at Module.load (node:internal/modules/cjs/loader:1119:32)
    at Function.Module._load (node:internal/modules/cjs/loader:960:12)
    at Module.require (node:internal/modules/cjs/loader:1143:19)
    at require (node:internal/modules/cjs/helpers:110:18)
    at Object.<anonymous> (C:\Users\echk1\OneDrive\바탕 화면\team\back\/index.js:2:1)
